Log file open, 01/27/18 13:18:12
LogWindows: Failed to load 'aqProf.dll' (GetLastError=126)
LogWindows: File 'aqProf.dll' does not exist
LogWindows: Failed to load 'VSPerf140.dll' (GetLastError=126)
LogWindows: File 'VSPerf140.dll' does not exist
LogWindows: Failed to load 'VtuneApi.dll' (GetLastError=126)
LogWindows: File 'VtuneApi.dll' does not exist
LogWindows: Failed to load 'VtuneApi32e.dll' (GetLastError=126)
LogWindows: File 'VtuneApi32e.dll' does not exist
LogInit: Display: Running engine for game: SecondTry
LogPlatformFile: Not using cached read wrapper
LogInit: Display: RandInit(-1058465446) SRandInit(-1058465446).
LogInit: Read version file with build ID '3709383'
LogInit: Overriding engine version to CL 3832480, compatible CL 3709383
LogInit: Registered custom module enumerator with build ID '3709383'
LogTaskGraph: Started task graph with 5 named threads and 14 total threads with 3 sets of task threads.
LogStats: Stats thread started at 19.175554
LogD3D11RHI: Aftermath initialized
LogModuleManager: Display: Found up-to-date module file ../../../Engine/Plugins/Runtime/ApexDestruction/Binaries/Win64/UE4Editor-ApexDestruction.dll (API version 3709383).
LogModuleManager: Display: Found up-to-date module file ../../../Engine/Plugins/Runtime/ApexDestruction/Binaries/Win64/UE4Editor-ApexDestructionEditor.dll (API version 3709383).
LogModuleManager: Display: Found up-to-date module file ../../../Engine/Plugins/2D/Paper2D/Binaries/Win64/UE4Editor-Paper2D.dll (API version 3709383).
LogModuleManager: Display: Found up-to-date module file ../../../Engine/Plugins/2D/Paper2D/Binaries/Win64/UE4Editor-Paper2DEditor.dll (API version 3709383).
LogModuleManager: Display: Found up-to-date module file ../../../Engine/Plugins/2D/Paper2D/Binaries/Win64/UE4Editor-PaperSpriteSheetImporter.dll (API version 3709383).
LogModuleManager: Display: Found up-to-date module file ../../../Engine/Plugins/2D/Paper2D/Binaries/Win64/UE4Editor-PaperTiledImporter.dll (API version 3709383).
LogModuleManager: Display: Found up-to-date module file ../../../Engine/Plugins/2D/Paper2D/Binaries/Win64/UE4Editor-SmartSnapping.dll (API version 3709383).
LogModuleManager: Display: Found up-to-date module file ../../../Engine/Plugins/Blendables/LightPropagationVolume/Binaries/Win64/UE4Editor-LightPropagationVolumeRuntime.dll (API version 3709383).
LogModuleManager: Display: Found up-to-date module file ../../../Engine/Plugins/Blendables/LightPropagationVolume/Binaries/Win64/UE4Editor-LightPropagationVolumeEditor.dll (API version 3709383).
LogModuleManager: Display: Found up-to-date module file ../../../Engine/Plugins/Developer/GitSourceControl/Binaries/Win64/UE4Editor-GitSourceControl.dll (API version 3709383).
LogModuleManager: Display: Found up-to-date module file ../../../Engine/Plugins/Developer/PerforceSourceControl/Binaries/Win64/UE4Editor-PerforceSourceControl.dll (API version 3709383).
LogModuleManager: Display: Found up-to-date module file ../../../Engine/Plugins/Developer/SubversionSourceControl/Binaries/Win64/UE4Editor-SubversionSourceControl.dll (API version 3709383).
LogModuleManager: Display: Found up-to-date module file ../../../Engine/Plugins/Developer/UObjectPlugin/Binaries/Win64/UE4Editor-UObjectPlugin.dll (API version 3709383).
LogModuleManager: Display: Found up-to-date module file ../../../Engine/Plugins/Developer/VisualStudioCodeSourceCodeAccess/Binaries/Win64/UE4Editor-VisualStudioCodeSourceCodeAccess.dll (API version 3709383).
LogModuleManager: Display: Found up-to-date module file ../../../Engine/Plugins/Developer/VisualStudioSourceCodeAccess/Binaries/Win64/UE4Editor-VisualStudioSourceCodeAccess.dll (API version 3709383).
LogModuleManager: Display: Found up-to-date module file ../../../Engine/Plugins/Editor/AssetManagerEditor/Binaries/Win64/UE4Editor-AssetManagerEditor.dll (API version 3709383).
LogModuleManager: Display: Found up-to-date module file ../../../Engine/Plugins/Editor/AudioCapture/Binaries/Win64/UE4Editor-AudioCapture.dll (API version 3709383).
LogModuleManager: Display: Found up-to-date module file ../../../Engine/Plugins/Editor/FacialAnimation/Binaries/Win64/UE4Editor-FacialAnimation.dll (API version 3709383).
LogModuleManager: Display: Found up-to-date module file ../../../Engine/Plugins/Editor/FacialAnimation/Binaries/Win64/UE4Editor-FacialAnimationEditor.dll (API version 3709383).
LogModuleManager: Display: Found up-to-date module file ../../../Engine/Plugins/Editor/GameplayTagsEditor/Binaries/Win64/UE4Editor-GameplayTagsEditor.dll (API version 3709383).
LogModuleManager: Display: Found up-to-date module file ../../../Engine/Plugins/Editor/MobileLauncherProfileWizard/Binaries/Win64/UE4Editor-MobileLauncherProfileWizard.dll (API version 3709383).
LogModuleManager: Display: Found up-to-date module file ../../../Engine/Plugins/Editor/PluginBrowser/Binaries/Win64/UE4Editor-PluginBrowser.dll (API version 3709383).
LogModuleManager: Display: Found up-to-date module file ../../../Engine/Plugins/Editor/SpeedTreeImporter/Binaries/Win64/UE4Editor-SpeedTreeImporter.dll (API version 3709383).
LogModuleManager: Display: Found up-to-date module file ../../../Engine/Plugins/Experimental/AlembicImporter/Binaries/Win64/UE4Editor-AlembicImporter.dll (API version 3709383).
LogModuleManager: Display: Found up-to-date module file ../../../Engine/Plugins/Experimental/AlembicImporter/Binaries/Win64/UE4Editor-AlembicLibrary.dll (API version 3709383).
LogModuleManager: Display: Found up-to-date module file ../../../Engine/Plugins/Experimental/CharacterAI/Binaries/Win64/UE4Editor-CharacterAI.dll (API version 3709383).
LogModuleManager: Display: Found up-to-date module file ../../../Engine/Plugins/Experimental/HTML5Networking/Binaries/Win64/UE4Editor-HTML5Networking.dll (API version 3709383).
LogModuleManager: Display: Found up-to-date module file ../../../Engine/Plugins/Media/AndroidMedia/Binaries/Win64/UE4Editor-AndroidMediaEditor.dll (API version 3709383).
LogModuleManager: Display: Found up-to-date module file ../../../Engine/Plugins/Media/AndroidMedia/Binaries/Win64/UE4Editor-AndroidMediaFactory.dll (API version 3709383).
LogModuleManager: Display: Found up-to-date module file ../../../Engine/Plugins/Media/AvfMedia/Binaries/Win64/UE4Editor-AvfMediaEditor.dll (API version 3709383).
LogModuleManager: Display: Found up-to-date module file ../../../Engine/Plugins/Media/AvfMedia/Binaries/Win64/UE4Editor-AvfMediaFactory.dll (API version 3709383).
LogModuleManager: Display: Found up-to-date module file ../../../Engine/Plugins/Media/AvfMedia/Binaries/Win64/UE4Editor-AvfMediaFactory.dll (API version 3709383).
LogModuleManager: Display: Found up-to-date module file ../../../Engine/Plugins/Media/ImgMedia/Binaries/Win64/UE4Editor-ImgMedia.dll (API version 3709383).
LogModuleManager: Display: Found up-to-date module file ../../../Engine/Plugins/Media/ImgMedia/Binaries/Win64/UE4Editor-ImgMediaEditor.dll (API version 3709383).
LogModuleManager: Display: Found up-to-date module file ../../../Engine/Plugins/Media/ImgMedia/Binaries/Win64/UE4Editor-ImgMediaFactory.dll (API version 3709383).
LogModuleManager: Display: Found up-to-date module file ../../../Engine/Plugins/Media/ImgMedia/Binaries/Win64/UE4Editor-ImgMediaFactory.dll (API version 3709383).
LogModuleManager: Display: Found up-to-date module file ../../../Engine/Plugins/Media/ImgMedia/Binaries/Win64/UE4Editor-OpenExrWrapper.dll (API version 3709383).
LogModuleManager: Display: Found up-to-date module file ../../../Engine/Plugins/Media/MediaCompositing/Binaries/Win64/UE4Editor-MediaCompositing.dll (API version 3709383).
LogModuleManager: Display: Found up-to-date module file ../../../Engine/Plugins/Media/MediaCompositing/Binaries/Win64/UE4Editor-MediaCompositingEditor.dll (API version 3709383).
LogModuleManager: Display: Found up-to-date module file ../../../Engine/Plugins/Media/MediaPlayerEditor/Binaries/Win64/UE4Editor-MediaPlayerEditor.dll (API version 3709383).
LogModuleManager: Display: Found up-to-date module file ../../../Engine/Plugins/Media/WmfMedia/Binaries/Win64/UE4Editor-WmfMedia.dll (API version 3709383).
LogModuleManager: Display: Found up-to-date module file ../../../Engine/Plugins/Media/WmfMedia/Binaries/Win64/UE4Editor-WmfMediaEditor.dll (API version 3709383).
LogModuleManager: Display: Found up-to-date module file ../../../Engine/Plugins/Media/WmfMedia/Binaries/Win64/UE4Editor-WmfMediaFactory.dll (API version 3709383).
LogModuleManager: Display: Found up-to-date module file ../../../Engine/Plugins/Media/WmfMedia/Binaries/Win64/UE4Editor-WmfMediaFactory.dll (API version 3709383).
LogModuleManager: Display: Found up-to-date module file ../../../Engine/Plugins/Messaging/TcpMessaging/Binaries/Win64/UE4Editor-TcpMessaging.dll (API version 3709383).
LogModuleManager: Display: Found up-to-date module file ../../../Engine/Plugins/Messaging/UdpMessaging/Binaries/Win64/UE4Editor-UdpMessaging.dll (API version 3709383).
LogModuleManager: Display: Found up-to-date module file ../../../Engine/Plugins/MovieScene/ActorSequence/Binaries/Win64/UE4Editor-ActorSequence.dll (API version 3709383).
LogModuleManager: Display: Found up-to-date module file ../../../Engine/Plugins/MovieScene/LevelSequenceEditor/Binaries/Win64/UE4Editor-LevelSequenceEditor.dll (API version 3709383).
LogModuleManager: Display: Found up-to-date module file ../../../Engine/Plugins/MovieScene/MatineeToLevelSequence/Binaries/Win64/UE4Editor-MatineeToLevelSequence.dll (API version 3709383).
LogModuleManager: Display: Found up-to-date module file ../../../Engine/Plugins/Online/OnlineSubsystem/Binaries/Win64/UE4Editor-OnlineSubsystem.dll (API version 3709383).
LogModuleManager: Display: Found up-to-date module file ../../../Engine/Plugins/Runtime/AndroidPermission/Binaries/Win64/UE4Editor-AndroidPermission.dll (API version 3709383).
LogModuleManager: Display: Found up-to-date module file ../../../Engine/Plugins/Online/OnlineSubsystemNull/Binaries/Win64/UE4Editor-OnlineSubsystemNull.dll (API version 3709383).
LogModuleManager: Display: Found up-to-date module file ../../../Engine/Plugins/Online/OnlineSubsystemUtils/Binaries/Win64/UE4Editor-OnlineSubsystemUtils.dll (API version 3709383).
LogModuleManager: Display: Found up-to-date module file ../../../Engine/Plugins/Online/OnlineSubsystemUtils/Binaries/Win64/UE4Editor-OnlineBlueprintSupport.dll (API version 3709383).
LogModuleManager: Display: Found up-to-date module file ../../../Engine/Plugins/Runtime/AndroidDeviceProfileSelector/Binaries/Win64/UE4Editor-AndroidDeviceProfileSelector.dll (API version 3709383).
LogModuleManager: Display: Found up-to-date module file ../../../Engine/Plugins/Runtime/AppleARKit/Binaries/Win64/UE4Editor-AppleARKit.dll (API version 3709383).
LogModuleManager: Display: Found up-to-date module file ../../../Engine/Plugins/Runtime/ArchVisCharacter/Binaries/Win64/UE4Editor-ArchVisCharacter.dll (API version 3709383).
LogModuleManager: Display: Found up-to-date module file ../../../Engine/Plugins/Runtime/CableComponent/Binaries/Win64/UE4Editor-CableComponent.dll (API version 3709383).
LogModuleManager: Display: Found up-to-date module file ../../../Engine/Plugins/Runtime/CustomMeshComponent/Binaries/Win64/UE4Editor-CustomMeshComponent.dll (API version 3709383).
LogModuleManager: Display: Found up-to-date module file ../../../Engine/Plugins/Runtime/ExampleDeviceProfileSelector/Binaries/Win64/UE4Editor-ExampleDeviceProfileSelector.dll (API version 3709383).
LogModuleManager: Display: Found up-to-date module file ../../../Engine/Plugins/Runtime/ImmediatePhysics/Binaries/Win64/UE4Editor-ImmediatePhysics.dll (API version 3709383).
LogModuleManager: Display: Found up-to-date module file ../../../Engine/Plugins/Runtime/ImmediatePhysics/Binaries/Win64/UE4Editor-ImmediatePhysicsEditor.dll (API version 3709383).
LogModuleManager: Display: Found up-to-date module file ../../../Engine/Plugins/Runtime/LocationServicesBPLibrary/Binaries/Win64/UE4Editor-LocationServicesBPLibrary.dll (API version 3709383).
LogModuleManager: Display: Found up-to-date module file ../../../Engine/Plugins/Runtime/MobilePatchingUtils/Binaries/Win64/UE4Editor-MobilePatchingUtils.dll (API version 3709383).
LogModuleManager: Display: Found up-to-date module file ../../../Engine/Plugins/Runtime/Oculus/OculusVR/Binaries/Win64/UE4Editor-OculusHMD.dll (API version 3709383).
LogModuleManager: Display: Found up-to-date module file ../../../Engine/Plugins/Runtime/Oculus/OculusVR/Binaries/Win64/UE4Editor-OculusInput.dll (API version 3709383).
LogModuleManager: Display: Found up-to-date module file ../../../Engine/Plugins/Runtime/Oculus/OculusVR/Binaries/Win64/UE4Editor-OculusEditor.dll (API version 3709383).
LogModuleManager: Display: Found up-to-date module file ../../../Engine/Plugins/Runtime/PhysXVehicles/Binaries/Win64/UE4Editor-PhysXVehicles.dll (API version 3709383).
LogModuleManager: Display: Found up-to-date module file ../../../Engine/Plugins/Runtime/PhysXVehicles/Binaries/Win64/UE4Editor-PhysXVehiclesEditor.dll (API version 3709383).
LogModuleManager: Display: Found up-to-date module file ../../../Engine/Plugins/Runtime/ProceduralMeshComponent/Binaries/Win64/UE4Editor-ProceduralMeshComponent.dll (API version 3709383).
LogModuleManager: Display: Found up-to-date module file ../../../Engine/Plugins/Runtime/ProceduralMeshComponent/Binaries/Win64/UE4Editor-ProceduralMeshComponentEditor.dll (API version 3709383).
LogModuleManager: Display: Found up-to-date module file ../../../Engine/Plugins/Runtime/RuntimePhysXCooking/Binaries/Win64/UE4Editor-RuntimePhysXCooking.dll (API version 3709383).
LogModuleManager: Display: Found up-to-date module file ../../../Engine/Plugins/Runtime/Steam/SteamVR/Binaries/Win64/UE4Editor-SteamVR.dll (API version 3709383).
LogModuleManager: Display: Found up-to-date module file ../../../Engine/Plugins/Runtime/Steam/SteamVR/Binaries/Win64/UE4Editor-SteamVRController.dll (API version 3709383).
LogModuleManager: Display: Found up-to-date module file ../../../Engine/Plugins/Runtime/WindowsMoviePlayer/Binaries/Win64/UE4Editor-WindowsMoviePlayer.dll (API version 3709383).
LogPluginManager: Mounting plugin Paper2D
LogPluginManager: Mounting plugin LightPropagationVolume
LogPluginManager: Mounting plugin CodeLiteSourceCodeAccess
LogPluginManager: Mounting plugin GitSourceControl
LogPluginManager: Mounting plugin KDevelopSourceCodeAccess
LogPluginManager: Mounting plugin NullSourceCodeAccess
LogPluginManager: Mounting plugin PerforceSourceControl
LogPluginManager: Mounting plugin SubversionSourceControl
LogPluginManager: Mounting plugin UObjectPlugin
LogPluginManager: Mounting plugin VisualStudioCodeSourceCodeAccess
LogPluginManager: Mounting plugin VisualStudioSourceCodeAccess
LogPluginManager: Mounting plugin XCodeSourceCodeAccess
LogPluginManager: Mounting plugin AssetManagerEditor
LogPluginManager: Mounting plugin AudioCapture
LogPluginManager: Mounting plugin FacialAnimation
LogPluginManager: Mounting plugin GameplayTagsEditor
LogPluginManager: Mounting plugin MobileLauncherProfileWizard
LogPluginManager: Mounting plugin PluginBrowser
LogPluginManager: Mounting plugin SpeedTreeImporter
LogPluginManager: Mounting plugin AlembicImporter
LogPluginManager: Mounting plugin CharacterAI
LogPluginManager: Mounting plugin HTML5Networking
LogPluginManager: Mounting plugin AndroidMedia
LogPluginManager: Mounting plugin AvfMedia
LogPluginManager: Mounting plugin ImgMedia
LogPluginManager: Mounting plugin MediaCompositing
LogPluginManager: Mounting plugin MediaPlayerEditor
LogPluginManager: Mounting plugin WmfMedia
LogPluginManager: Mounting plugin TcpMessaging
LogPluginManager: Mounting plugin UdpMessaging
LogPluginManager: Mounting plugin ActorSequence
LogPluginManager: Mounting plugin LevelSequenceEditor
LogPluginManager: Mounting plugin MatineeToLevelSequence
LogPluginManager: Mounting plugin OnlineSubsystemGooglePlay
LogPluginManager: Mounting plugin OnlineSubsystemIOS
LogPluginManager: Mounting plugin OnlineSubsystem
LogPluginManager: Mounting plugin OnlineSubsystemNull
LogPluginManager: Mounting plugin OnlineSubsystemUtils
LogPluginManager: Mounting plugin AndroidDeviceProfileSelector
LogPluginManager: Mounting plugin AndroidMoviePlayer
LogPluginManager: Mounting plugin AndroidPermission
LogPluginManager: Mounting plugin ApexDestruction
LogPluginManager: Mounting plugin AppleARKit
LogPluginManager: Mounting plugin AppleMoviePlayer
LogPluginManager: Mounting plugin ArchVisCharacter
LogPluginManager: Mounting plugin CableComponent
LogPluginManager: Mounting plugin CustomMeshComponent
LogPluginManager: Mounting plugin ExampleDeviceProfileSelector
LogPluginManager: Mounting plugin GoogleCloudMessaging
LogPluginManager: Mounting plugin ImmediatePhysics
LogPluginManager: Mounting plugin IOSDeviceProfileSelector
LogPluginManager: Mounting plugin LinuxDeviceProfileSelector
LogPluginManager: Mounting plugin LocationServicesBPLibrary
LogPluginManager: Mounting plugin MobilePatchingUtils
LogPluginManager: Mounting plugin OculusVR
LogPluginManager: Plugin shader directory ../../../Engine/Plugins/Runtime/Oculus/OculusVR/Shaders found
LogPluginManager: Mapping shader source directory ../../../Engine/Plugins/Runtime/Oculus/OculusVR/Shaders to virtual directory /Plugin/OculusVR
LogPluginManager: Mounting plugin PhysXVehicles
LogPluginManager: Mounting plugin ProceduralMeshComponent
LogPluginManager: Mounting plugin RuntimePhysXCooking
LogPluginManager: Mounting plugin SteamVR
LogPluginManager: Mounting plugin WindowsMoviePlayer
LogInit: Using libcurl 7.47.1
LogInit:  - built for x86_64-pc-win32
LogInit:  - supports SSL with OpenSSL/1.0.2g
LogInit:  - supports HTTP deflate (compression) using libz 1.2.8
LogInit:  - other features:
LogInit:      CURL_VERSION_SSL
LogInit:      CURL_VERSION_LIBZ
LogInit:      CURL_VERSION_IPV6
LogInit:      CURL_VERSION_ASYNCHDNS
LogInit:      CURL_VERSION_LARGEFILE
LogInit:      CURL_VERSION_IDN
LogInit:  CurlRequestOptions (configurable via config and command line):
LogInit:  - bVerifyPeer = false  - Libcurl will NOT verify peer certificate
LogInit:  - bUseHttpProxy = false  - Libcurl will NOT use HTTP proxy
LogInit:  - bDontReuseConnections = false  - Libcurl will reuse connections
LogInit:  - CertBundlePath = nullptr  - Libcurl will use whatever was configured at build time.
LogInit: Build: ++UE4+Release-4.18-CL-3832480
LogInit: Engine Version: 4.18.3-3832480+++UE4+Release-4.18
LogInit: Compatible Engine Version: 4.18.0-3709383+++UE4+Release-4.18
LogInit: Net CL: 3709383
LogDevObjectVersion: Number of dev versions registered: 16
LogDevObjectVersion:   Dev-Blueprints (B0D832E4-1F89-4F0D-ACCF-7EB736FD4AA2): 10
LogDevObjectVersion:   Dev-Build (E1C64328-A22C-4D53-A36C-8E866417BD8C): 0
LogDevObjectVersion:   Dev-Core (375EC13C-06E4-48FB-B500-84F0262A717E): 2
LogDevObjectVersion:   Dev-Editor (E4B068ED-F494-42E9-A231-DA0B2E46BB41): 20
LogDevObjectVersion:   Dev-Framework (CFFC743F-43B0-4480-9391-14DF171D2073): 30
LogDevObjectVersion:   Dev-Mobile (B02B49B5-BB20-44E9-A304-32B752E40360): 0
LogDevObjectVersion:   Dev-Networking (A4E4105C-59A1-49B5-A7C5-40C4547EDFEE): 0
LogDevObjectVersion:   Dev-Online (39C831C9-5AE6-47DC-9A44-9C173E1C8E7C): 0
LogDevObjectVersion:   Dev-Physics (78F01B33-EBEA-4F98-B9B4-84EACCB95AA2): 0
LogDevObjectVersion:   Dev-Platform (6631380F-2D4D-43E0-8009-CF276956A95A): 0
LogDevObjectVersion:   Dev-Rendering (12F88B9F-8875-4AFC-A67C-D90C383ABD29): 20
LogDevObjectVersion:   Dev-Sequencer (7B5AE74C-D270-4C10-A958-57980B212A5A): 4
LogDevObjectVersion:   Dev-VR (D7296918-1DD6-4BDD-9DE2-64A83CC13884): 0
LogDevObjectVersion:   Dev-LoadTimes (C2A15278-BFE7-4AFE-6C17-90FF531DF755): 1
LogDevObjectVersion:   Private-Geometry (6EACA3D4-40EC-4CC1-B786-8BED09428FC5): 1
LogDevObjectVersion:   Dev-AnimPhys (29E575DD-E0A3-4627-9D10-D276232CDCEA): 12
LogInit: Compiled (64-bit): Jan 12 2018 02:04:55
LogInit: Compiled with Visual C++: 19.00.24215.01
LogInit: Build Configuration: Development
LogInit: Branch Name: ++UE4+Release-4.18
LogInit: Command line:  
LogInit: Base directory: C:/Program Files/Epic Games/UE_4.18/Engine/Binaries/Win64/
LogInit: Installed Engine Build: 1
LogInit: Presizing for max 8388607 objects, including 0 objects not considered by GC, pre-allocating 0 bytes for permanent pool.
LogInit: Object subsystem initialized
[2018.01.27-05.18.42:251][  0]LogInit: Selected Device Profile: [Windows]
[2018.01.27-05.18.42:251][  0]LogInit: Applying CVar settings loaded from the selected device profile: [Windows]
[2018.01.27-05.18.42:436][  0]LogInit: Computer: IMYOURS-PC
[2018.01.27-05.18.42:436][  0]LogInit: User: ImYours
[2018.01.27-05.18.42:436][  0]LogInit: CPU Page size=4096, Cores=4
[2018.01.27-05.18.42:436][  0]LogInit: High frequency timer resolution =3.123212 MHz
[2018.01.27-05.18.42:437][  0]LogMemory: Memory total: Physical=3.9GB (4GB approx)
[2018.01.27-05.18.42:437][  0]LogMemory: Platform Memory Stats for Windows
[2018.01.27-05.18.42:437][  0]LogMemory: Process Physical Memory: 272.19 MB used, 272.19 MB peak
[2018.01.27-05.18.42:437][  0]LogMemory: Process Virtual Memory: 265.65 MB used, 265.65 MB peak
[2018.01.27-05.18.42:437][  0]LogMemory: Physical Memory: 3685.76 MB used,  348.61 MB free, 4034.37 MB total
[2018.01.27-05.18.42:437][  0]LogMemory: Virtual Memory: 617.76 MB used,  348.61 MB free, 8388608.00 MB total
[2018.01.27-05.18.51:387][  0]LogInit: Using OS detected language (en-US).
[2018.01.27-05.18.51:387][  0]LogInit: Using OS detected locale (en-US).
[2018.01.27-05.18.52:145][  0]LogTextLocalizationManager: No specific localization for 'en-US' exists, so the 'en' localization will be used.
[2018.01.27-05.18.54:033][  0]LogWindows: Failed to load 'shcore.dll' (GetLastError=126)
[2018.01.27-05.18.54:033][  0]LogWindows: File 'shcore.dll' does not exist
[2018.01.27-05.18.54:033][  0]LogInit: Setting process to DPI aware
[2018.01.27-05.18.54:440][  0]LogWindows: Failed to load 'shcore.dll' (GetLastError=126)
[2018.01.27-05.18.54:440][  0]LogWindows: File 'shcore.dll' does not exist
[2018.01.27-05.18.54:440][  0]LogInit: Setting process to DPI aware
[2018.01.27-05.18.59:976][  0]LogD3D11RHI: D3D11 adapters:
[2018.01.27-05.19.04:051][  0]LogD3D11RHI:    0. 'NVIDIA GeForce GT 730' (Feature Level 11_0)
[2018.01.27-05.19.04:051][  0]LogD3D11RHI:       2000/0/1761 MB DedicatedVideo/DedicatedSystem/SharedSystem, Outputs:1, VendorId:0x10de
[2018.01.27-05.19.04:051][  0]LogD3D11RHI: Chosen D3D11 Adapter: 0
[2018.01.27-05.19.04:101][  0]LogD3D11RHI: Creating new Direct3DDevice
[2018.01.27-05.19.04:124][  0]LogD3D11RHI:     GPU DeviceId: 0xf02 (for the marketing name, search the web for "GPU Device Id")
[2018.01.27-05.19.04:124][  0]LogWindows: EnumDisplayDevices:
[2018.01.27-05.19.04:137][  0]LogWindows:    0. 'NVIDIA GeForce GT 730' (P:1 D:1)
[2018.01.27-05.19.04:137][  0]LogWindows:    1. 'NVIDIA GeForce GT 730' (P:0 D:0)
[2018.01.27-05.19.04:137][  0]LogWindows:    2. 'RDPDD Chained DD' (P:0 D:0)
[2018.01.27-05.19.04:137][  0]LogWindows:    3. 'RDP Encoder Mirror Driver' (P:0 D:0)
[2018.01.27-05.19.04:138][  0]LogWindows:    4. 'RDP Reflector Display Driver' (P:0 D:0)
[2018.01.27-05.19.04:138][  0]LogWindows: DebugString: GetVideoDriverDetailsInvalid PrimaryIsNotTheChoosenAdapter GetVideoDriverDetailsInvalid PrimaryIsNotTheChoosenAdapter GetVideoDriverDetailsInvalid PrimaryIsNotTheChoosenAdapter FoundDriverCount:2 
[2018.01.27-05.19.04:138][  0]LogD3D11RHI:     Adapter Name: NVIDIA GeForce GT 730
[2018.01.27-05.19.04:138][  0]LogD3D11RHI:   Driver Version: 388.13 (internal:23.21.13.8813, unified:388.13)
[2018.01.27-05.19.04:138][  0]LogD3D11RHI:      Driver Date: 10-27-2017
[2018.01.27-05.19.04:138][  0]LogRHI: Texture pool is 1400 MB (70% of 2000 MB)
[2018.01.27-05.19.04:172][  0]LogD3D11RHI: Display: Timestamp queries are currently disabled on this hardware due to instability. Realtime GPU stats will not be available. You can override this behaviour by setting r.NVIDIATimestampWorkaround to 0
[2018.01.27-05.19.04:252][  0]LogD3D11RHI: Async texture creation enabled
[2018.01.27-05.19.04:963][  0]LogD3D11RHI: GPU Timing Frequency: 1000.000000 (Debug: 2 2)
[2018.01.27-05.19.05:841][  0]LogShaderCompilers: Guid format shader working directory is -10 characters bigger than the processId version (../../../../../../Users/ImYours/Documents/GitHub/SecondTry/Intermediate/Shaders/WorkingDirectory/7980/).
[2018.01.27-05.19.05:885][  0]LogShaderCompilers: Cleaned the shader compiler working directory 'C:/Users/ImYours/AppData/Local/Temp/UnrealShaderWorkingDir/83E979EC483F9A3E44BB35B11A238000/'.
[2018.01.27-05.19.05:885][  0]LogShaderCompilers: Display: Using Local Shader Compiler.
[2018.01.27-05.19.33:358][  0]LogTemp: Display: Loaded TP AllDesktopTargetPlatform
[2018.01.27-05.19.33:432][  0]LogTemp: Display: Loaded TP MacClientTargetPlatform
[2018.01.27-05.19.33:514][  0]LogTemp: Display: Loaded TP MacNoEditorTargetPlatform
[2018.01.27-05.19.33:581][  0]LogTemp: Display: Loaded TP MacServerTargetPlatform
[2018.01.27-05.19.33:752][  0]LogTemp: Display: Loaded TP MacTargetPlatform
[2018.01.27-05.19.33:866][  0]LogTemp: Display: Loaded TP WindowsClientTargetPlatform
[2018.01.27-05.19.33:973][  0]LogTemp: Display: Loaded TP WindowsNoEditorTargetPlatform
[2018.01.27-05.19.34:042][  0]LogTemp: Display: Loaded TP WindowsServerTargetPlatform
[2018.01.27-05.19.34:142][  0]LogTemp: Display: Loaded TP WindowsTargetPlatform
[2018.01.27-05.19.34:266][  0]LogTemp: Display: Loaded TP Android_ASTCTargetPlatform
[2018.01.27-05.19.34:382][  0]LogTemp: Display: Loaded TP Android_ATCTargetPlatform
[2018.01.27-05.19.34:506][  0]LogTemp: Display: Loaded TP Android_DXTTargetPlatform
[2018.01.27-05.19.34:604][  0]LogTemp: Display: Loaded TP Android_ETC1TargetPlatform
[2018.01.27-05.19.34:705][  0]LogTemp: Display: Loaded TP Android_ETC2TargetPlatform
[2018.01.27-05.19.34:907][  0]LogTemp: Display: Loaded TP Android_MultiTargetPlatform
[2018.01.27-05.19.34:907][  0]LogTemp: Display: Loaded TP Android_PVRTCTargetPlatform
[2018.01.27-05.19.35:113][  0]LogTemp: Display: Loaded TP AndroidTargetPlatform
[2018.01.27-05.19.35:217][  0]LogTemp: Display: Loaded TP HTML5TargetPlatform
[2018.01.27-05.19.35:558][  0]LogTemp: Display: Loaded TP IOSTargetPlatform
[2018.01.27-05.19.35:584][  0]LogTemp: Display: Loaded TP TVOSTargetPlatform
[2018.01.27-05.19.35:694][  0]LogTemp: Display: Loaded TP LinuxClientTargetPlatform
[2018.01.27-05.19.35:803][  0]LogTemp: Display: Loaded TP LinuxNoEditorTargetPlatform
[2018.01.27-05.19.35:880][  0]LogTemp: Display: Loaded TP LinuxServerTargetPlatform
[2018.01.27-05.19.35:989][  0]LogTemp: Display: Loaded TP LinuxTargetPlatform
[2018.01.27-05.19.35:989][  0]LogTargetPlatformManager: Display: Building Assets For Windows
[2018.01.27-05.19.39:509][  0]LogDerivedDataCache: Display: Max Cache Size: 512 MB
[2018.01.27-05.19.41:460][  0]LogDerivedDataCache: Loaded boot cache 1.82s 78MB C:/Users/ImYours/AppData/Local/UnrealEngine/4.18/DerivedDataCache/Boot.ddc.
[2018.01.27-05.19.41:460][  0]LogDerivedDataCache: Display: Loaded Boot cache: C:/Users/ImYours/AppData/Local/UnrealEngine/4.18/DerivedDataCache/Boot.ddc
[2018.01.27-05.19.41:460][  0]LogDerivedDataCache: FDerivedDataBackendGraph:  Pak pak cache file ../../../../../../Users/ImYours/Documents/GitHub/SecondTry/DerivedDataCache/DDC.ddp not found, will not use a pak cache.
[2018.01.27-05.19.41:460][  0]LogDerivedDataCache: Unable to find inner node Pak for hierarchical cache Hierarchy.
[2018.01.27-05.19.41:460][  0]LogDerivedDataCache: FDerivedDataBackendGraph:  CompressedPak pak cache file ../../../../../../Users/ImYours/Documents/GitHub/SecondTry/DerivedDataCache/Compressed.ddp not found, will not use a pak cache.
[2018.01.27-05.19.41:460][  0]LogDerivedDataCache: Unable to find inner node CompressedPak for hierarchical cache Hierarchy.
[2018.01.27-05.19.41:701][  0]LogDerivedDataCache: Display: Pak cache opened for reading ../../../Engine/DerivedDataCache/Compressed.ddp.
[2018.01.27-05.19.41:713][  0]LogDerivedDataCache: Using Local data cache path C:/Users/ImYours/AppData/Local/UnrealEngine/Common/DerivedDataCache: Writable
[2018.01.27-05.19.41:748][  0]LogMaterial: Verifying Global Shaders for PCD3D_SM5
[2018.01.27-05.19.41:778][  0]LogSlate: Using Freetype 2.6.0
[2018.01.27-05.19.41:979][  0]LogSlate: SlateFontCache - WITH_FREETYPE: 1, WITH_HARFBUZZ: 1
[2018.01.27-05.19.41:979][  0]LogSlate: SlateFontCache - WITH_FREETYPE: 1, WITH_HARFBUZZ: 1
[2018.01.27-05.20.11:547][  0]LogInit: Selected Device Profile: [Windows]
[2018.01.27-05.20.14:142][  0]LogSimplygon: Simplygon DLL not present - disabling.
[2018.01.27-05.20.14:432][  0]LogMeshReduction: Using SimplygonSwarm for distributed automatic mesh merging
[2018.01.27-05.20.14:477][  0]LogMeshReduction: Using QuadricMeshReduction for automatic static mesh reduction
[2018.01.27-05.20.14:543][  0]LogMeshReduction: No automatic skeletal mesh reduction module available
[2018.01.27-05.20.14:543][  0]LogMeshReduction: No automatic mesh merging module available
[2018.01.27-05.20.14:544][  0]LogMeshMerging: No automatic mesh merging module available
[2018.01.27-05.20.14:961][  0]LogNetVersion: SecondTry , NetCL: 3709383, EngineNetVer: 2, GameNetVer: 0 (Checksum: 3453988659)
[2018.01.27-05.20.16:230][  0]LogAssetRegistry: FAssetRegistry took 0.0244 seconds to start up
[2018.01.27-05.20.26:685][  0]LogPackageLocalizationCache: Processed 7 localized package path(s) for 2 prioritized culture(s) in 0.113137 seconds
[2018.01.27-05.20.26:690][  0]LogUObjectArray: 35870 objects as part of root set at end of initial load.
[2018.01.27-05.20.26:690][  0]LogUObjectAllocator: 7363696 out of 0 bytes used by permanent object pool.
[2018.01.27-05.20.26:691][  0]LogUObjectArray: CloseDisregardForGC: 0/0 objects in disregard for GC pool
[2018.01.27-05.20.26:800][  0]LogInit: WinSock: version 1.1 (2.2), MaxSocks=32767, MaxUdp=65467
[2018.01.27-05.20.56:067][  0]LogTcpMessaging: Initializing TcpMessaging bridge
[2018.01.27-05.20.56:147][  0]LogUdpMessaging: Initializing bridge on interface 0.0.0.0:0 to multicast group 230.0.0.1:6666.
[2018.01.27-05.20.58:964][  0]LogMaterial: Uniform references updated for custom material expression Custom.
[2018.01.27-05.21.00:299][  0]SourceControl: Source control is disabled
[2018.01.27-05.21.02:532][  0]LogAndroidPermission: UAndroidPermissionCallbackProxy::GetInstance
[2018.01.27-05.21.02:928][  0]LogOcInput: OculusInput pre-init called
[2018.01.27-05.21.04:050][  0]LogEngine: Initializing Engine...
[2018.01.27-05.21.04:077][  0]LogHMD: Failed to initialize OpenVR with code 110
[2018.01.27-05.21.05:159][  0]LogStats: UGameplayTagsManager::ConstructGameplayTagTree: Construct from data asset -  0.000 s
[2018.01.27-05.21.05:160][  0]LogStats: UGameplayTagsManager::ConstructGameplayTagTree: GameplayTagTreeChangedEvent.Broadcast -  0.000 s
[2018.01.27-05.21.05:387][  0]LogAIModule: Creating AISystem for world Untitled
[2018.01.27-05.21.05:422][  0]LogInit: XAudio2 using 'Speakers (Realtek High Definition Audio)' : 2 channels at 48 kHz using 32 bits per sample (channel mask 0x3)
[2018.01.27-05.21.05:483][  0]LogInit: FAudioDevice initialized.
[2018.01.27-05.21.05:685][  0]LogDerivedDataCache: Saved boot cache 0.20s 78MB C:/Users/ImYours/AppData/Local/UnrealEngine/4.18/DerivedDataCache/Boot.ddc.
[2018.01.27-05.21.05:707][  0]LogInit: Texture streaming: Enabled
[2018.01.27-05.21.06:037][  0]LogEngineSessionManager: EngineSessionManager initialized
[2018.01.27-05.21.06:370][  0]LogInit: Transaction tracking system initialized
[2018.01.27-05.21.07:070][  0]BlueprintLog: New page: Editor Load
[2018.01.27-05.21.09:662][  0]LocalizationService: Localization service is disabled
[2018.01.27-05.21.12:782][  0]LogConsoleResponse: Display: 
[2018.01.27-05.21.18:068][  0]LogFileCache: Scanning file cache for directory 'C:/Users/ImYours/Documents/GitHub/SecondTry/Content/' took 0.01s
[2018.01.27-05.21.18:068][  0]LogCook: Display: Max memory allowance for cook 16384mb min free memory 0mb
[2018.01.27-05.21.18:159][  0]LogCook: Display: Mobile HDR setting 1
[2018.01.27-05.21.18:160][  0]LogGameplayTags: Display: UGameplayTagsManager::DoneAddingNativeTags. DelegateIsBound: 0
[2018.01.27-05.21.25:826][  0]Cmd: MAP LOAD FILE="../../../Engine/Content/Maps/Templates/Template_Default.umap" TEMPLATE=1 SHOWPROGRESS=1 FEATURELEVEL=3
[2018.01.27-05.21.25:847][  0]LightingResults: New page: Lighting Build
[2018.01.27-05.21.25:937][  0]MapCheck: New page: Map Check
[2018.01.27-05.21.25:937][  0]LightingResults: New page: Lighting Build
[2018.01.27-05.21.26:731][  0]LogAIModule: Creating AISystem for world Untitled_1
[2018.01.27-05.21.26:833][  0]LogEditorServer: Finished looking for orphan Actors (0.000 secs)
[2018.01.27-05.21.26:860][  0]Cmd: MAP CHECKDEP NOCLEARLOG
[2018.01.27-05.21.26:902][  0]MapCheck: Map check complete: 0 Error(s), 0 Warning(s), took 41.319ms to complete.
[2018.01.27-05.21.26:902][  0]LogFileHelpers: Loading map 'Template_Default' took 1.094
[2018.01.27-05.21.27:655][  0]LogCollectionManager: Loaded 0 collections in 0.001702 seconds
[2018.01.27-05.21.27:844][  0]LogFileCache: Scanning file cache for directory 'C:/Users/ImYours/Documents/GitHub/SecondTry/Saved/Collections/' took 0.01s
[2018.01.27-05.21.27:845][  0]LogFileCache: Scanning file cache for directory 'C:/Users/ImYours/Documents/GitHub/SecondTry/Content/Developers/ImYours/Collections/' took 0.01s
[2018.01.27-05.21.27:845][  0]LogFileCache: Scanning file cache for directory 'C:/Users/ImYours/Documents/GitHub/SecondTry/Content/Collections/' took 0.01s
[2018.01.27-05.21.27:845][  0]LogCollectionManager: Rebuilt the GUID cache for 0 collections in 0.000000 seconds
[2018.01.27-05.21.27:853][  0]LogContentBrowser: Native class hierarchy populated in 0.0084 seconds. Added 2372 classes and 524 folders.
[2018.01.27-05.21.27:933][  0]LogContentBrowser: Native class hierarchy updated for 'WidgetCarousel' in 0.0002 seconds. Added 0 classes and 0 folders.
[2018.01.27-05.21.29:560][  0]LogContentBrowser: Native class hierarchy updated for 'AddContentDialog' in 0.0003 seconds. Added 0 classes and 0 folders.
[2018.01.27-05.21.29:639][  0]LogContentBrowser: Native class hierarchy updated for 'SceneOutliner' in 0.0003 seconds. Added 1 classes and 2 folders.
[2018.01.27-05.21.29:826][  0]LogDirectoryWatcher: Warning: Failed to begin reading directory changes for ../../../../../../Users/ImYours/Documents/GitHub/SecondTry/Plugins/. Error: The system cannot find the file specified. (0x00000002)
[2018.01.27-05.21.29:875][  0]LogSlate: Took 0.045550 seconds to synchronously load lazily loaded font '../../../Engine/Content/Slate/Fonts/Roboto-Regular.ttf' (155K)
[2018.01.27-05.21.29:918][  0]LogSlate: Took 0.041423 seconds to synchronously load lazily loaded font '../../../Engine/Content/Slate/Fonts/Roboto-Bold.ttf' (160K)
[2018.01.27-05.21.29:979][  0]LogSlate: Took 0.056909 seconds to synchronously load lazily loaded font '../../../Engine/Content/Editor/Slate/Fonts/FontAwesome.ttf' (139K)
[2018.01.27-05.21.30:346][  0]LogRenderer: Reallocating scene render targets to support 1208x576 Format 10 NumSamples 1 (Frame:1).
[2018.01.27-05.21.30:908][  0]LogContentBrowser: Native class hierarchy updated for 'HierarchicalLODOutliner' in 0.0003 seconds. Added 1 classes and 2 folders.
[2018.01.27-05.21.30:908][  0]LogLoad: (Engine Initialization) Total time: 324.76 seconds
[2018.01.27-05.21.30:908][  0]LogLoad: (Engine Initialization) Total Blueprint compile time: 0.00 seconds
[2018.01.27-05.21.30:908][  0]LogExternalProfiler: No external profilers were discovered.  External profiling features will not be available.
[2018.01.27-05.21.31:321][  0]LogContentStreaming: Texture pool size now 1000 MB
[2018.01.27-05.21.31:921][  2]LogD3D11RHI: Timed out while waiting for GPU to catch up. (0.5 s)
[2018.01.27-05.21.31:943][  2]LogAssetRegistry: Asset discovery search completed in 75.7321 seconds
[2018.01.27-05.21.31:953][  2]LogCollectionManager: Rebuilt the object cache for 0 collections in 0.000000 seconds (found 0 objects)
[2018.01.27-05.21.31:953][  2]LogCollectionManager: Fixed up redirectors for 0 collections in 0.000044 seconds (updated 0 objects)
[2018.01.27-05.25.11:423][713]LogDirectoryWatcher: A directory notification for '../../../Engine/Plugins/' was aborted.
[2018.01.27-05.25.14:991][793]LogSlate: Took 0.024599 seconds to synchronously load lazily loaded font '../../../Engine/Content/Slate/Fonts/Roboto-Light.ttf' (159K)
[2018.01.27-05.25.23:088][971]LogSlate: Took 0.000149 seconds to synchronously load lazily loaded font '../../../Engine/Content/Slate/Fonts/Roboto-Light.ttf' (159K)
[2018.01.27-05.25.23:450][971]LogBlueprint: Warning: [Compiler ThirdPersonCharacter] InputAction Event references unknown Action 'ResetVR' for  InputAction ResetVR
[2018.01.27-05.25.23:451][971]LogBlueprint: Warning: [Compiler ThirdPersonCharacter] Input Axis Event references unknown Axis 'LookUpRate' for  InputAxis LookUpRate
[2018.01.27-05.25.23:451][971]LogBlueprint: Warning: [Compiler ThirdPersonCharacter] Input Axis Event references unknown Axis 'TurnRate' for  InputAxis TurnRate
[2018.01.27-05.25.23:451][971]LogBlueprint: Warning: [Compiler ThirdPersonCharacter] InputAction Event references unknown Action 'Jump' for  InputAction Jump
[2018.01.27-05.25.23:451][971]LogBlueprint: Warning: [Compiler ThirdPersonCharacter] Input Axis Event references unknown Axis 'LookUp' for  InputAxis LookUp
[2018.01.27-05.25.23:451][971]LogBlueprint: Warning: [Compiler ThirdPersonCharacter] Input Axis Event references unknown Axis 'Turn' for  InputAxis Turn
[2018.01.27-05.25.23:451][971]LogBlueprint: Warning: [Compiler ThirdPersonCharacter] Input Axis Event references unknown Axis 'MoveRight' for  InputAxis MoveRight
[2018.01.27-05.25.23:452][971]LogBlueprint: Warning: [Compiler ThirdPersonCharacter] Input Axis Event references unknown Axis 'MoveForward' for  InputAxis MoveForward
[2018.01.27-05.25.23:456][971]LogBlueprint: Warning: [Compiler ThirdPersonCharacter] [0557.30] Compile of ThirdPersonCharacter successful, but with 8 Warning(s) [in 9 ms] (/Game/ThirdPersonBP/Blueprints/ThirdPersonCharacter.ThirdPersonCharacter)
[2018.01.27-05.25.24:418][971]LogSlate: Took 0.000180 seconds to synchronously load lazily loaded font '../../../Engine/Content/Slate/Fonts/Roboto-Regular.ttf' (155K)
[2018.01.27-05.25.26:543][971]LogAIModule: Creating AISystem for world Level1
[2018.01.27-05.25.26:620][971]Cmd: MAP LOAD FILE="../../../../../../Users/ImYours/Documents/GitHub/SecondTry/Content/ThirdPersonBP/Maps/Level1.umap" TEMPLATE=0 SHOWPROGRESS=1 FEATURELEVEL=3
[2018.01.27-05.25.26:620][971]LightingResults: New page: Lighting Build
[2018.01.27-05.25.26:621][971]LoadErrors: New page: Loading map: Level1.umap
[2018.01.27-05.25.26:621][971]MapCheck: New page: Map Check
[2018.01.27-05.25.26:621][971]LightingResults: New page: Lighting Build
[2018.01.27-05.25.26:651][971]LogEditorServer: Finished looking for orphan Actors (0.000 secs)
[2018.01.27-05.25.26:730][971]Cmd: MAP CHECKDEP NOCLEARLOG
[2018.01.27-05.25.26:776][971]MapCheck: Map check complete: 0 Error(s), 0 Warning(s), took 46.397ms to complete.
[2018.01.27-05.25.26:777][971]LogFileHelpers: Loading map 'Level1' took 0.159
[2018.01.27-05.25.40:006][218]LogTemp: Repeating last play command: Selected Viewport
[2018.01.27-05.25.40:187][218]LogBlueprintUserMessages: Early PlayInEditor Detection: Level '/Game/ThirdPersonBP/Maps/Level1.Level1:PersistentLevel' has LevelScriptBlueprint '/Game/ThirdPersonBP/Maps/Level1.Level1:PersistentLevel.Level1' with GeneratedClass '/Game/ThirdPersonBP/Maps/Level1.Level1_C' with ClassGeneratedBy '/Game/ThirdPersonBP/Maps/Level1.Level1:PersistentLevel.Level1'
[2018.01.27-05.25.40:187][218]LogPlayLevel: PlayLevel: No blueprints needed recompiling
[2018.01.27-05.25.40:251][218]PIE: New page: PIE session: Level1 (Jan 27, 2018, 9:25:40 PM)
[2018.01.27-05.25.40:251][218]LogPlayLevel: Creating play world package: /Game/ThirdPersonBP/Maps/UEDPIE_0_Level1
[2018.01.27-05.25.40:307][218]LogPlayLevel: PIE: StaticDuplicateObject took: (0.055519s)
[2018.01.27-05.25.40:308][218]LogAIModule: Creating AISystem for world Level1
[2018.01.27-05.25.40:309][218]LogPlayLevel: PIE: World Init took: (0.001552s)
[2018.01.27-05.25.40:309][218]LogPlayLevel: PIE: Created PIE world by copying editor world from /Game/ThirdPersonBP/Maps/Level1.Level1 to /Game/ThirdPersonBP/Maps/UEDPIE_0_Level1.Level1 (0.057607s)
[2018.01.27-05.25.40:326][218]LogInit: XAudio2 using 'Speakers (Realtek High Definition Audio)' : 2 channels at 48 kHz using 32 bits per sample (channel mask 0x3)
[2018.01.27-05.25.40:334][218]LogInit: FAudioDevice initialized.
[2018.01.27-05.25.40:377][218]LogLoad: Game class is 'GameModeBase'
[2018.01.27-05.25.40:406][218]LogWorld: Bringing World /Game/ThirdPersonBP/Maps/UEDPIE_0_Level1.Level1 up for play (max tick rate 0) at 2018.01.27-13.25.40
[2018.01.27-05.25.40:407][218]LogWorld: Bringing up level for play took: 0.012422
[2018.01.27-05.25.40:464][218]LogContentBrowser: Native class hierarchy updated for 'MovieSceneCapture' in 0.0003 seconds. Added 11 classes and 0 folders.
[2018.01.27-05.25.40:465][218]PIE: Play in editor start time for /Game/ThirdPersonBP/Maps/UEDPIE_0_Level1 -0.54
[2018.01.27-05.25.40:465][218]LogBlueprintUserMessages: Late PlayInEditor Detection: Level '/Game/ThirdPersonBP/Maps/Level1.Level1:PersistentLevel' has LevelScriptBlueprint '/Game/ThirdPersonBP/Maps/Level1.Level1:PersistentLevel.Level1' with GeneratedClass '/Game/ThirdPersonBP/Maps/Level1.Level1_C' with ClassGeneratedBy '/Game/ThirdPersonBP/Maps/Level1.Level1:PersistentLevel.Level1'
[2018.01.27-05.25.41:207][231]LogBlueprintUserMessages: Early EndPlayMap Detection: Level '/Game/ThirdPersonBP/Maps/Level1.Level1:PersistentLevel' has LevelScriptBlueprint '/Game/ThirdPersonBP/Maps/Level1.Level1:PersistentLevel.Level1' with GeneratedClass '/Game/ThirdPersonBP/Maps/Level1.Level1_C' with ClassGeneratedBy '/Game/ThirdPersonBP/Maps/Level1.Level1:PersistentLevel.Level1'
[2018.01.27-05.25.41:293][231]LogBlueprintUserMessages: Late EndPlayMap Detection: Level '/Game/ThirdPersonBP/Maps/Level1.Level1:PersistentLevel' has LevelScriptBlueprint '/Game/ThirdPersonBP/Maps/Level1.Level1:PersistentLevel.Level1' with GeneratedClass '/Game/ThirdPersonBP/Maps/Level1.Level1_C' with ClassGeneratedBy '/Game/ThirdPersonBP/Maps/Level1.Level1:PersistentLevel.Level1'
[2018.01.27-05.26.40:295][418]Cmd: MAP LOAD FILE="../../../Engine/Content/Maps/Templates/Template_Default.umap" TEMPLATE=1 SHOWPROGRESS=1 FEATURELEVEL=3
[2018.01.27-05.26.40:313][418]LightingResults: New page: Lighting Build
[2018.01.27-05.26.40:314][418]LoadErrors: New page: Loading map: Template_Default.umap
[2018.01.27-05.26.40:321][418]MapCheck: New page: Map Check
[2018.01.27-05.26.40:321][418]LightingResults: New page: Lighting Build
[2018.01.27-05.26.40:355][418]LogAIModule: Creating AISystem for world Untitled_2
[2018.01.27-05.26.40:366][418]LogEditorServer: Finished looking for orphan Actors (0.000 secs)
[2018.01.27-05.26.40:383][418]Cmd: MAP CHECKDEP NOCLEARLOG
[2018.01.27-05.26.40:430][418]MapCheck: Map check complete: 0 Error(s), 0 Warning(s), took 46.717ms to complete.
[2018.01.27-05.26.40:430][418]LogFileHelpers: Loading map 'Template_Default' took 0.136
[2018.01.27-05.26.43:765][490]LogEditorViewport: Clicking on Actor (LMB): StaticMeshActor (Floor)
[2018.01.27-05.26.49:617][508]Cmd: OBJ SAVEPACKAGE PACKAGE="/Game/Lightning" FILE="../../../../../../Users/ImYours/Documents/GitHub/SecondTry/Content/Lightning.umap" SILENT=true AUTOSAVING=false KEEPDIRTY=false
[2018.01.27-05.26.49:657][508]LogSavePackage: Save=27.55ms
[2018.01.27-05.26.49:657][508]LogSavePackage: Moving '../../../../../../Users/ImYours/Documents/GitHub/SecondTry/Saved/LightningE603DA634FE8BDB8354F95948C8C9C3F.tmp' to '../../../../../../Users/ImYours/Documents/GitHub/SecondTry/Content/Lightning.umap'
[2018.01.27-05.26.49:657][508]LogSavePackage: Display: Finished SavePackage ../../../../../../Users/ImYours/Documents/GitHub/SecondTry/Content/Lightning.umap
[2018.01.27-05.26.49:675][508]Cmd: OBJ SAVEPACKAGE PACKAGE="/Game/Lightning_BuiltData" FILE="../../../../../../Users/ImYours/Documents/GitHub/SecondTry/Content/Lightning_BuiltData.uasset" SILENT=true
[2018.01.27-05.26.49:689][508]LogSavePackage: Save=13.22ms
[2018.01.27-05.26.49:689][508]LogSavePackage: Moving '../../../../../../Users/ImYours/Documents/GitHub/SecondTry/Saved/Lightning_BuiltData77E1F7604CB1A7C5ADCF82A4C1155E16.tmp' to '../../../../../../Users/ImYours/Documents/GitHub/SecondTry/Content/Lightning_BuiltData.uasset'
[2018.01.27-05.26.49:690][508]LogSavePackage: Display: Finished SavePackage ../../../../../../Users/ImYours/Documents/GitHub/SecondTry/Content/Lightning_BuiltData.uasset
[2018.01.27-05.26.49:692][508]LogFileHelpers: Saving map 'Lightning' took 0.153
[2018.01.27-05.27.25:339][717]Cmd: MAP LOAD FILE="../../../../../../Users/ImYours/Documents/GitHub/SecondTry/Content/Lightning.umap" TEMPLATE=0 SHOWPROGRESS=1 FEATURELEVEL=3
[2018.01.27-05.27.25:339][717]LightingResults: New page: Lighting Build
[2018.01.27-05.27.25:339][717]LoadErrors: New page: Loading map: Lightning.umap
[2018.01.27-05.27.25:377][717]MapCheck: New page: Map Check
[2018.01.27-05.27.25:377][717]LightingResults: New page: Lighting Build
[2018.01.27-05.27.25:402][717]LogAIModule: Creating AISystem for world Lightning
[2018.01.27-05.27.25:404][717]LogEditorServer: Finished looking for orphan Actors (0.000 secs)
[2018.01.27-05.27.25:431][717]Cmd: MAP CHECKDEP NOCLEARLOG
[2018.01.27-05.27.25:477][717]MapCheck: Map check complete: 0 Error(s), 0 Warning(s), took 45.738ms to complete.
[2018.01.27-05.27.25:478][717]LogFileHelpers: Loading map 'Lightning' took 0.140
[2018.01.27-05.27.25:480][717]LoadErrors: Error: /Game/Lightning : Failed import for MapBuildDataRegistry /Game/Lightning_BuiltData.Lightning_BuiltData Referenced by export Level /Game/Lightning.Lightning:PersistentLevel
[2018.01.27-05.32.06:159][983]Cmd: MAP LOAD FILE="../../../../../../Users/ImYours/Documents/GitHub/SecondTry/Content/Lightning.umap" TEMPLATE=0 SHOWPROGRESS=1 FEATURELEVEL=3
[2018.01.27-05.32.06:159][983]LightingResults: New page: Lighting Build
[2018.01.27-05.32.06:160][983]LoadErrors: New page: Loading map: Lightning.umap
[2018.01.27-05.32.06:191][983]MapCheck: New page: Map Check
[2018.01.27-05.32.06:191][983]LightingResults: New page: Lighting Build
[2018.01.27-05.32.06:216][983]LogAIModule: Creating AISystem for world Lightning
[2018.01.27-05.32.06:218][983]LogEditorServer: Finished looking for orphan Actors (0.000 secs)
[2018.01.27-05.32.06:245][983]Cmd: MAP CHECKDEP NOCLEARLOG
[2018.01.27-05.32.06:293][983]MapCheck: Map check complete: 0 Error(s), 0 Warning(s), took 47.519ms to complete.
[2018.01.27-05.32.06:293][983]LogFileHelpers: Loading map 'Lightning' took 0.136
[2018.01.27-05.32.06:296][983]LoadErrors: Error: /Game/Lightning : Failed import for MapBuildDataRegistry /Game/Lightning_BuiltData.Lightning_BuiltData Referenced by export Level /Game/Lightning.Lightning:PersistentLevel
[2018.01.27-05.32.12:221][ 98]LogSlate: Took 0.000185 seconds to synchronously load lazily loaded font '../../../Engine/Content/Slate/Fonts/Roboto-Light.ttf' (159K)
[2018.01.27-05.32.14:783][135]LogContentBrowser: Native class hierarchy updated for 'BlueprintGraph' in 0.0011 seconds. Added 116 classes and 0 folders.
[2018.01.27-05.32.15:705][135]LogSlate: Took 0.039058 seconds to synchronously load lazily loaded font '../../../Engine/Content/Editor/Slate/Fonts/Roboto-BoldCondensed.ttf' (158K)
[2018.01.27-05.35.54:643][682]LogSlate: Took 0.014179 seconds to synchronously load lazily loaded font '../../../Engine/Content/Editor/Slate/Fonts/Roboto-Italic.ttf' (157K)
[2018.01.27-05.42.11:676][156]Cmd: OBJ SAVEPACKAGE PACKAGE="/Game/Lightning" FILE="../../../../../../Users/ImYours/Documents/GitHub/SecondTry/Saved/Autosaves/Game/Lightning_Auto1.umap" SILENT=true AUTOSAVING=true KEEPDIRTY=false
[2018.01.27-05.42.11:764][156]LogSavePackage: Save=83.62ms
[2018.01.27-05.42.11:764][156]LogSavePackage: Moving '../../../../../../Users/ImYours/Documents/GitHub/SecondTry/Saved/Lightning_Auto10AEE8A364AE3C2EBC0856A8CAB12498C.tmp' to '../../../../../../Users/ImYours/Documents/GitHub/SecondTry/Saved/Autosaves/Game/Lightning_Auto1.umap'
[2018.01.27-05.42.11:765][156]LogSavePackage: Display: Finished SavePackage ../../../../../../Users/ImYours/Documents/GitHub/SecondTry/Saved/Autosaves/Game/Lightning_Auto1.umap
[2018.01.27-05.42.11:766][156]LogFileHelpers: Editor autosave (incl. sublevels) for '/Game/Lightning' took 5.572
[2018.01.27-05.42.11:766][156]LogFileHelpers: Editor autosave (incl. sublevels) for all levels took 5.572
[2018.01.27-06.30.00:941][714]Cmd: OBJ SAVEPACKAGE PACKAGE="/Game/Lightning" FILE="../../../../../../Users/ImYours/Documents/GitHub/SecondTry/Content/Lightning.umap" SILENT=true AUTOSAVING=false KEEPDIRTY=false
[2018.01.27-06.30.01:436][714]LogSavePackage: Save=470.89ms
[2018.01.27-06.30.01:436][714]LogSavePackage: Moving '../../../../../../Users/ImYours/Documents/GitHub/SecondTry/Saved/Lightning160B9F4B4015D76FBE34BC8AF634E529.tmp' to '../../../../../../Users/ImYours/Documents/GitHub/SecondTry/Content/Lightning.umap'
[2018.01.27-06.30.01:438][714]LogSavePackage: Display: Finished SavePackage ../../../../../../Users/ImYours/Documents/GitHub/SecondTry/Content/Lightning.umap
[2018.01.27-06.30.01:453][714]LogFileHelpers: Saving map 'Lightning' took 0.565
[2018.01.27-06.30.01:456][714]Cmd: MAP LOAD FILE="../../../Engine/Content/Maps/Templates/Template_Default.umap" TEMPLATE=1 SHOWPROGRESS=1 FEATURELEVEL=3
[2018.01.27-06.30.01:470][714]LightingResults: New page: Lighting Build
[2018.01.27-06.30.01:470][714]LoadErrors: New page: Loading map: Template_Default.umap
[2018.01.27-06.30.01:696][714]MapCheck: New page: Map Check
[2018.01.27-06.30.01:697][714]LightingResults: New page: Lighting Build
[2018.01.27-06.30.01:746][714]LogAIModule: Creating AISystem for world Untitled_3
[2018.01.27-06.30.01:752][714]LogEditorServer: Finished looking for orphan Actors (0.000 secs)
[2018.01.27-06.30.01:777][714]Cmd: MAP CHECKDEP NOCLEARLOG
[2018.01.27-06.30.01:823][714]MapCheck: Map check complete: 0 Error(s), 0 Warning(s), took 45.955ms to complete.
[2018.01.27-06.30.01:823][714]LogFileHelpers: Loading map 'Template_Default' took 0.369
[2018.01.27-06.30.03:000][740]LogEditorViewport: Clicking on Actor (LMB): StaticMeshActor (Floor)
[2018.01.27-06.30.16:856][767]Cmd: OBJ SAVEPACKAGE PACKAGE="/Game/Torch/TorchLevel" FILE="../../../../../../Users/ImYours/Documents/GitHub/SecondTry/Content/Torch/TorchLevel.umap" SILENT=true AUTOSAVING=false KEEPDIRTY=false
[2018.01.27-06.30.16:903][767]LogSavePackage: Save=27.95ms
[2018.01.27-06.30.16:903][767]LogSavePackage: Moving '../../../../../../Users/ImYours/Documents/GitHub/SecondTry/Saved/TorchLevelE4487AE24D436847953C3ABB58986AB1.tmp' to '../../../../../../Users/ImYours/Documents/GitHub/SecondTry/Content/Torch/TorchLevel.umap'
[2018.01.27-06.30.16:904][767]LogSavePackage: Display: Finished SavePackage ../../../../../../Users/ImYours/Documents/GitHub/SecondTry/Content/Torch/TorchLevel.umap
[2018.01.27-06.30.16:920][767]Cmd: OBJ SAVEPACKAGE PACKAGE="/Game/Torch/TorchLevel_BuiltData" FILE="../../../../../../Users/ImYours/Documents/GitHub/SecondTry/Content/Torch/TorchLevel_BuiltData.uasset" SILENT=true
[2018.01.27-06.30.16:941][767]LogSavePackage: Save=12.90ms
[2018.01.27-06.30.16:941][767]LogSavePackage: Moving '../../../../../../Users/ImYours/Documents/GitHub/SecondTry/Saved/TorchLevel_BuiltData4F35FB1A46C24CFDA84D5585A2FEA317.tmp' to '../../../../../../Users/ImYours/Documents/GitHub/SecondTry/Content/Torch/TorchLevel_BuiltData.uasset'
[2018.01.27-06.30.16:941][767]LogSavePackage: Display: Finished SavePackage ../../../../../../Users/ImYours/Documents/GitHub/SecondTry/Content/Torch/TorchLevel_BuiltData.uasset
[2018.01.27-06.30.16:952][767]LogFileHelpers: Saving map 'TorchLevel' took 0.158
[2018.01.27-06.30.22:219][871]LogActorFactory: Actor Factory created Cube
[2018.01.27-06.30.22:838][880]LogActorFactory: Actor Factory created Cube
[2018.01.27-06.30.54:917][566]LogEditorViewport: Clicking on Actor (LMB): StaticMeshActor (Cube)
[2018.01.27-06.31.04:640][775]LogEditorViewport: Clicking on Actor (LMB): StaticMeshActor (Floor)
[2018.01.27-06.40.05:161][970]LogSavePackage: Save=42.98ms
[2018.01.27-06.40.05:161][970]LogSavePackage: Moving '../../../../../../Users/ImYours/Documents/GitHub/SecondTry/Saved/TorchLevel_Auto21E92CDE444CAF166502A088A1B6CB97B.tmp' to '../../../../../../Users/ImYours/Documents/GitHub/SecondTry/Saved/Autosaves/Game/Torch/TorchLevel_Auto2.umap'
[2018.01.27-06.40.05:162][970]LogSavePackage: Display: Finished SavePackage ../../../../../../Users/ImYours/Documents/GitHub/SecondTry/Saved/Autosaves/Game/Torch/TorchLevel_Auto2.umap
[2018.01.27-06.40.05:172][970]LogFileHelpers: Editor autosave (incl. sublevels) for '/Game/Torch/TorchLevel' took 0.111
[2018.01.27-06.40.05:173][970]LogFileHelpers: Editor autosave (incl. sublevels) for all levels took 0.111
[2018.01.27-06.40.11:780][ 30]LogEditorViewport: Clicking on Actor (LMB): StaticMeshActor (Cube)
[2018.01.27-06.41.02:704][106]LogEditorViewport: Clicking on Actor (LMB): StaticMeshActor (Cube)
[2018.01.27-06.41.17:329][413]LogEditorViewport: Clicking on Actor (LMB): StaticMeshActor (Cube)
[2018.01.27-06.41.20:778][483]Cmd: SELECT NONE
[2018.01.27-06.42.57:877][898]LogMaterial: Missing cached shader map for material Material_0, compiling. 
[2018.01.27-06.42.58:516][899]LogMaterial: Missing cached shader map for material Material_1, compiling. 
[2018.01.27-06.42.58:669][900]LogMaterial: Missing cached shader map for material Material_2, compiling. 
[2018.01.27-06.42.58:838][901]LogMaterial: Missing cached shader map for material Material_3, compiling. 
[2018.01.27-06.45.27:029][ 33]LogTemp: Repeating last play command: Selected Viewport
[2018.01.27-06.45.27:040][ 33]LogPlayLevel: PlayLevel: No blueprints needed recompiling
[2018.01.27-06.45.27:041][ 33]PIE: New page: PIE session: TorchLevel (Jan 27, 2018, 10:45:27 PM)
[2018.01.27-06.45.27:041][ 33]LogPlayLevel: Creating play world package: /Game/Torch/UEDPIE_0_TorchLevel
[2018.01.27-06.45.27:046][ 33]LogPlayLevel: PIE: StaticDuplicateObject took: (0.005435s)
[2018.01.27-06.45.27:145][ 33]LogAIModule: Creating AISystem for world TorchLevel
[2018.01.27-06.45.27:145][ 33]LogPlayLevel: PIE: World Init took: (0.099053s)
[2018.01.27-06.45.27:145][ 33]LogPlayLevel: PIE: Created PIE world by copying editor world from /Game/Torch/TorchLevel.TorchLevel to /Game/Torch/UEDPIE_0_TorchLevel.TorchLevel (0.104749s)
[2018.01.27-06.45.27:200][ 33]LogInit: XAudio2 using 'Speakers (Realtek High Definition Audio)' : 2 channels at 48 kHz using 32 bits per sample (channel mask 0x3)
[2018.01.27-06.45.27:208][ 33]LogInit: FAudioDevice initialized.
[2018.01.27-06.45.27:236][ 33]LogLoad: Game class is 'GameModeBase'
[2018.01.27-06.45.27:390][ 33]LogWorld: Bringing World /Game/Torch/UEDPIE_0_TorchLevel.TorchLevel up for play (max tick rate 0) at 2018.01.27-14.45.27
[2018.01.27-06.45.27:390][ 33]LogWorld: Bringing up level for play took: 0.000833
[2018.01.27-06.45.27:548][ 33]PIE: Play in editor start time for /Game/Torch/UEDPIE_0_TorchLevel 0.509
[2018.01.27-06.45.46:707][415]LogEditorViewport: Clicking on Actor (LMB): BP_Sky_Sphere_C (Sky Sphere)
[2018.01.27-06.46.21:703][948]LogMaterial: Missing cached shader map for material Material_4, compiling. 
[2018.01.27-06.46.21:937][950]LogMaterial: Missing cached shader map for material Material_5, compiling. 
[2018.01.27-06.46.35:680][150]LogMaterial: Missing cached shader map for material Material_6, compiling. 
[2018.01.27-06.46.35:761][151]LogMaterial: Missing cached shader map for material Material_7, compiling. 
[2018.01.27-06.46.36:471][157]LogMaterial: Missing cached shader map for material Material_8, compiling. 
[2018.01.27-06.46.36:645][159]LogMaterial: Missing cached shader map for material Material_9, compiling. 
