Log file open, 01/27/18 11:34:13
LogWindows: Failed to load 'aqProf.dll' (GetLastError=126)
LogWindows: File 'aqProf.dll' does not exist
LogWindows: Failed to load 'VSPerf140.dll' (GetLastError=126)
LogWindows: File 'VSPerf140.dll' does not exist
LogWindows: Failed to load 'VtuneApi.dll' (GetLastError=126)
LogWindows: File 'VtuneApi.dll' does not exist
LogWindows: Failed to load 'VtuneApi32e.dll' (GetLastError=126)
LogWindows: File 'VtuneApi32e.dll' does not exist
LogInit: Display: Running engine for game: SecondTry
LogPlatformFile: Not using cached read wrapper
LogInit: Display: RandInit(1244714706) SRandInit(1244714706).
LogInit: Read version file with build ID '3709383'
LogInit: Overriding engine version to CL 3832480, compatible CL 3709383
LogInit: Registered custom module enumerator with build ID '3709383'
LogTaskGraph: Started task graph with 5 named threads and 14 total threads with 3 sets of task threads.
LogStats: Stats thread started at 0.160900
LogD3D11RHI: Aftermath initialized
LogModuleManager: Display: Found up-to-date module file ../../../Engine/Plugins/2D/Paper2D/Binaries/Win64/UE4Editor-Paper2D.dll (API version 3709383).
LogModuleManager: Display: Found up-to-date module file ../../../Engine/Plugins/2D/Paper2D/Binaries/Win64/UE4Editor-Paper2DEditor.dll (API version 3709383).
LogModuleManager: Display: Found up-to-date module file ../../../Engine/Plugins/2D/Paper2D/Binaries/Win64/UE4Editor-PaperSpriteSheetImporter.dll (API version 3709383).
LogModuleManager: Display: Found up-to-date module file ../../../Engine/Plugins/2D/Paper2D/Binaries/Win64/UE4Editor-PaperTiledImporter.dll (API version 3709383).
LogModuleManager: Display: Found up-to-date module file ../../../Engine/Plugins/2D/Paper2D/Binaries/Win64/UE4Editor-SmartSnapping.dll (API version 3709383).
LogModuleManager: Display: Found up-to-date module file ../../../Engine/Plugins/Blendables/LightPropagationVolume/Binaries/Win64/UE4Editor-LightPropagationVolumeRuntime.dll (API version 3709383).
LogModuleManager: Display: Found up-to-date module file ../../../Engine/Plugins/Blendables/LightPropagationVolume/Binaries/Win64/UE4Editor-LightPropagationVolumeEditor.dll (API version 3709383).
LogModuleManager: Display: Found up-to-date module file ../../../Engine/Plugins/Developer/GitSourceControl/Binaries/Win64/UE4Editor-GitSourceControl.dll (API version 3709383).
LogModuleManager: Display: Found up-to-date module file ../../../Engine/Plugins/Developer/PerforceSourceControl/Binaries/Win64/UE4Editor-PerforceSourceControl.dll (API version 3709383).
LogModuleManager: Display: Found up-to-date module file ../../../Engine/Plugins/Developer/SubversionSourceControl/Binaries/Win64/UE4Editor-SubversionSourceControl.dll (API version 3709383).
LogModuleManager: Display: Found up-to-date module file ../../../Engine/Plugins/Developer/UObjectPlugin/Binaries/Win64/UE4Editor-UObjectPlugin.dll (API version 3709383).
LogModuleManager: Display: Found up-to-date module file ../../../Engine/Plugins/Developer/VisualStudioCodeSourceCodeAccess/Binaries/Win64/UE4Editor-VisualStudioCodeSourceCodeAccess.dll (API version 3709383).
LogModuleManager: Display: Found up-to-date module file ../../../Engine/Plugins/Developer/VisualStudioSourceCodeAccess/Binaries/Win64/UE4Editor-VisualStudioSourceCodeAccess.dll (API version 3709383).
LogModuleManager: Display: Found up-to-date module file ../../../Engine/Plugins/Editor/AssetManagerEditor/Binaries/Win64/UE4Editor-AssetManagerEditor.dll (API version 3709383).
LogModuleManager: Display: Found up-to-date module file ../../../Engine/Plugins/Editor/AudioCapture/Binaries/Win64/UE4Editor-AudioCapture.dll (API version 3709383).
LogModuleManager: Display: Found up-to-date module file ../../../Engine/Plugins/Editor/FacialAnimation/Binaries/Win64/UE4Editor-FacialAnimation.dll (API version 3709383).
LogModuleManager: Display: Found up-to-date module file ../../../Engine/Plugins/Editor/FacialAnimation/Binaries/Win64/UE4Editor-FacialAnimationEditor.dll (API version 3709383).
LogModuleManager: Display: Found up-to-date module file ../../../Engine/Plugins/Editor/GameplayTagsEditor/Binaries/Win64/UE4Editor-GameplayTagsEditor.dll (API version 3709383).
LogModuleManager: Display: Found up-to-date module file ../../../Engine/Plugins/Editor/MobileLauncherProfileWizard/Binaries/Win64/UE4Editor-MobileLauncherProfileWizard.dll (API version 3709383).
LogModuleManager: Display: Found up-to-date module file ../../../Engine/Plugins/Editor/PluginBrowser/Binaries/Win64/UE4Editor-PluginBrowser.dll (API version 3709383).
LogModuleManager: Display: Found up-to-date module file ../../../Engine/Plugins/Editor/SpeedTreeImporter/Binaries/Win64/UE4Editor-SpeedTreeImporter.dll (API version 3709383).
LogModuleManager: Display: Found up-to-date module file ../../../Engine/Plugins/Experimental/AlembicImporter/Binaries/Win64/UE4Editor-AlembicImporter.dll (API version 3709383).
LogModuleManager: Display: Found up-to-date module file ../../../Engine/Plugins/Experimental/AlembicImporter/Binaries/Win64/UE4Editor-AlembicLibrary.dll (API version 3709383).
LogModuleManager: Display: Found up-to-date module file ../../../Engine/Plugins/Experimental/CharacterAI/Binaries/Win64/UE4Editor-CharacterAI.dll (API version 3709383).
LogModuleManager: Display: Found up-to-date module file ../../../Engine/Plugins/Experimental/HTML5Networking/Binaries/Win64/UE4Editor-HTML5Networking.dll (API version 3709383).
LogModuleManager: Display: Found up-to-date module file ../../../Engine/Plugins/Media/AndroidMedia/Binaries/Win64/UE4Editor-AndroidMediaEditor.dll (API version 3709383).
LogModuleManager: Display: Found up-to-date module file ../../../Engine/Plugins/Media/AndroidMedia/Binaries/Win64/UE4Editor-AndroidMediaFactory.dll (API version 3709383).
LogModuleManager: Display: Found up-to-date module file ../../../Engine/Plugins/Media/AvfMedia/Binaries/Win64/UE4Editor-AvfMediaEditor.dll (API version 3709383).
LogModuleManager: Display: Found up-to-date module file ../../../Engine/Plugins/Media/AvfMedia/Binaries/Win64/UE4Editor-AvfMediaFactory.dll (API version 3709383).
LogModuleManager: Display: Found up-to-date module file ../../../Engine/Plugins/Media/AvfMedia/Binaries/Win64/UE4Editor-AvfMediaFactory.dll (API version 3709383).
LogModuleManager: Display: Found up-to-date module file ../../../Engine/Plugins/Media/ImgMedia/Binaries/Win64/UE4Editor-ImgMedia.dll (API version 3709383).
LogModuleManager: Display: Found up-to-date module file ../../../Engine/Plugins/Media/ImgMedia/Binaries/Win64/UE4Editor-ImgMediaEditor.dll (API version 3709383).
LogModuleManager: Display: Found up-to-date module file ../../../Engine/Plugins/Media/ImgMedia/Binaries/Win64/UE4Editor-ImgMediaFactory.dll (API version 3709383).
LogModuleManager: Display: Found up-to-date module file ../../../Engine/Plugins/Media/ImgMedia/Binaries/Win64/UE4Editor-ImgMediaFactory.dll (API version 3709383).
LogModuleManager: Display: Found up-to-date module file ../../../Engine/Plugins/Media/ImgMedia/Binaries/Win64/UE4Editor-OpenExrWrapper.dll (API version 3709383).
LogModuleManager: Display: Found up-to-date module file ../../../Engine/Plugins/Media/MediaCompositing/Binaries/Win64/UE4Editor-MediaCompositing.dll (API version 3709383).
LogModuleManager: Display: Found up-to-date module file ../../../Engine/Plugins/Media/MediaCompositing/Binaries/Win64/UE4Editor-MediaCompositingEditor.dll (API version 3709383).
LogModuleManager: Display: Found up-to-date module file ../../../Engine/Plugins/Media/MediaPlayerEditor/Binaries/Win64/UE4Editor-MediaPlayerEditor.dll (API version 3709383).
LogModuleManager: Display: Found up-to-date module file ../../../Engine/Plugins/Media/WmfMedia/Binaries/Win64/UE4Editor-WmfMedia.dll (API version 3709383).
LogModuleManager: Display: Found up-to-date module file ../../../Engine/Plugins/Media/WmfMedia/Binaries/Win64/UE4Editor-WmfMediaEditor.dll (API version 3709383).
LogModuleManager: Display: Found up-to-date module file ../../../Engine/Plugins/Media/WmfMedia/Binaries/Win64/UE4Editor-WmfMediaFactory.dll (API version 3709383).
LogModuleManager: Display: Found up-to-date module file ../../../Engine/Plugins/Media/WmfMedia/Binaries/Win64/UE4Editor-WmfMediaFactory.dll (API version 3709383).
LogModuleManager: Display: Found up-to-date module file ../../../Engine/Plugins/Messaging/TcpMessaging/Binaries/Win64/UE4Editor-TcpMessaging.dll (API version 3709383).
LogModuleManager: Display: Found up-to-date module file ../../../Engine/Plugins/Messaging/UdpMessaging/Binaries/Win64/UE4Editor-UdpMessaging.dll (API version 3709383).
LogModuleManager: Display: Found up-to-date module file ../../../Engine/Plugins/MovieScene/ActorSequence/Binaries/Win64/UE4Editor-ActorSequence.dll (API version 3709383).
LogModuleManager: Display: Found up-to-date module file ../../../Engine/Plugins/MovieScene/LevelSequenceEditor/Binaries/Win64/UE4Editor-LevelSequenceEditor.dll (API version 3709383).
LogModuleManager: Display: Found up-to-date module file ../../../Engine/Plugins/MovieScene/MatineeToLevelSequence/Binaries/Win64/UE4Editor-MatineeToLevelSequence.dll (API version 3709383).
LogModuleManager: Display: Found up-to-date module file ../../../Engine/Plugins/Online/OnlineSubsystem/Binaries/Win64/UE4Editor-OnlineSubsystem.dll (API version 3709383).
LogModuleManager: Display: Found up-to-date module file ../../../Engine/Plugins/Runtime/AndroidPermission/Binaries/Win64/UE4Editor-AndroidPermission.dll (API version 3709383).
LogModuleManager: Display: Found up-to-date module file ../../../Engine/Plugins/Online/OnlineSubsystemNull/Binaries/Win64/UE4Editor-OnlineSubsystemNull.dll (API version 3709383).
LogModuleManager: Display: Found up-to-date module file ../../../Engine/Plugins/Online/OnlineSubsystemUtils/Binaries/Win64/UE4Editor-OnlineSubsystemUtils.dll (API version 3709383).
LogModuleManager: Display: Found up-to-date module file ../../../Engine/Plugins/Online/OnlineSubsystemUtils/Binaries/Win64/UE4Editor-OnlineBlueprintSupport.dll (API version 3709383).
LogModuleManager: Display: Found up-to-date module file ../../../Engine/Plugins/Runtime/AndroidDeviceProfileSelector/Binaries/Win64/UE4Editor-AndroidDeviceProfileSelector.dll (API version 3709383).
LogModuleManager: Display: Found up-to-date module file ../../../Engine/Plugins/Runtime/AppleARKit/Binaries/Win64/UE4Editor-AppleARKit.dll (API version 3709383).
LogModuleManager: Display: Found up-to-date module file ../../../Engine/Plugins/Runtime/ArchVisCharacter/Binaries/Win64/UE4Editor-ArchVisCharacter.dll (API version 3709383).
LogModuleManager: Display: Found up-to-date module file ../../../Engine/Plugins/Runtime/CableComponent/Binaries/Win64/UE4Editor-CableComponent.dll (API version 3709383).
LogModuleManager: Display: Found up-to-date module file ../../../Engine/Plugins/Runtime/CustomMeshComponent/Binaries/Win64/UE4Editor-CustomMeshComponent.dll (API version 3709383).
LogModuleManager: Display: Found up-to-date module file ../../../Engine/Plugins/Runtime/ExampleDeviceProfileSelector/Binaries/Win64/UE4Editor-ExampleDeviceProfileSelector.dll (API version 3709383).
LogModuleManager: Display: Found up-to-date module file ../../../Engine/Plugins/Runtime/ImmediatePhysics/Binaries/Win64/UE4Editor-ImmediatePhysics.dll (API version 3709383).
LogModuleManager: Display: Found up-to-date module file ../../../Engine/Plugins/Runtime/ImmediatePhysics/Binaries/Win64/UE4Editor-ImmediatePhysicsEditor.dll (API version 3709383).
LogModuleManager: Display: Found up-to-date module file ../../../Engine/Plugins/Runtime/LocationServicesBPLibrary/Binaries/Win64/UE4Editor-LocationServicesBPLibrary.dll (API version 3709383).
LogModuleManager: Display: Found up-to-date module file ../../../Engine/Plugins/Runtime/MobilePatchingUtils/Binaries/Win64/UE4Editor-MobilePatchingUtils.dll (API version 3709383).
LogModuleManager: Display: Found up-to-date module file ../../../Engine/Plugins/Runtime/Oculus/OculusVR/Binaries/Win64/UE4Editor-OculusHMD.dll (API version 3709383).
LogModuleManager: Display: Found up-to-date module file ../../../Engine/Plugins/Runtime/Oculus/OculusVR/Binaries/Win64/UE4Editor-OculusInput.dll (API version 3709383).
LogModuleManager: Display: Found up-to-date module file ../../../Engine/Plugins/Runtime/Oculus/OculusVR/Binaries/Win64/UE4Editor-OculusEditor.dll (API version 3709383).
LogModuleManager: Display: Found up-to-date module file ../../../Engine/Plugins/Runtime/PhysXVehicles/Binaries/Win64/UE4Editor-PhysXVehicles.dll (API version 3709383).
LogModuleManager: Display: Found up-to-date module file ../../../Engine/Plugins/Runtime/PhysXVehicles/Binaries/Win64/UE4Editor-PhysXVehiclesEditor.dll (API version 3709383).
LogModuleManager: Display: Found up-to-date module file ../../../Engine/Plugins/Runtime/ProceduralMeshComponent/Binaries/Win64/UE4Editor-ProceduralMeshComponent.dll (API version 3709383).
LogModuleManager: Display: Found up-to-date module file ../../../Engine/Plugins/Runtime/ProceduralMeshComponent/Binaries/Win64/UE4Editor-ProceduralMeshComponentEditor.dll (API version 3709383).
LogModuleManager: Display: Found up-to-date module file ../../../Engine/Plugins/Runtime/RuntimePhysXCooking/Binaries/Win64/UE4Editor-RuntimePhysXCooking.dll (API version 3709383).
LogModuleManager: Display: Found up-to-date module file ../../../Engine/Plugins/Runtime/Steam/SteamVR/Binaries/Win64/UE4Editor-SteamVR.dll (API version 3709383).
LogModuleManager: Display: Found up-to-date module file ../../../Engine/Plugins/Runtime/Steam/SteamVR/Binaries/Win64/UE4Editor-SteamVRController.dll (API version 3709383).
LogModuleManager: Display: Found up-to-date module file ../../../Engine/Plugins/Runtime/WindowsMoviePlayer/Binaries/Win64/UE4Editor-WindowsMoviePlayer.dll (API version 3709383).
LogPluginManager: Mounting plugin Paper2D
LogPluginManager: Mounting plugin LightPropagationVolume
LogPluginManager: Mounting plugin CodeLiteSourceCodeAccess
LogPluginManager: Mounting plugin GitSourceControl
LogPluginManager: Mounting plugin KDevelopSourceCodeAccess
LogPluginManager: Mounting plugin NullSourceCodeAccess
LogPluginManager: Mounting plugin PerforceSourceControl
LogPluginManager: Mounting plugin SubversionSourceControl
LogPluginManager: Mounting plugin UObjectPlugin
LogPluginManager: Mounting plugin VisualStudioCodeSourceCodeAccess
LogPluginManager: Mounting plugin VisualStudioSourceCodeAccess
LogPluginManager: Mounting plugin XCodeSourceCodeAccess
LogPluginManager: Mounting plugin AssetManagerEditor
LogPluginManager: Mounting plugin AudioCapture
LogPluginManager: Mounting plugin FacialAnimation
LogPluginManager: Mounting plugin GameplayTagsEditor
LogPluginManager: Mounting plugin MobileLauncherProfileWizard
LogPluginManager: Mounting plugin PluginBrowser
LogPluginManager: Mounting plugin SpeedTreeImporter
LogPluginManager: Mounting plugin AlembicImporter
LogPluginManager: Mounting plugin CharacterAI
LogPluginManager: Mounting plugin HTML5Networking
LogPluginManager: Mounting plugin AndroidMedia
LogPluginManager: Mounting plugin AvfMedia
LogPluginManager: Mounting plugin ImgMedia
LogPluginManager: Mounting plugin MediaCompositing
LogPluginManager: Mounting plugin MediaPlayerEditor
LogPluginManager: Mounting plugin WmfMedia
LogPluginManager: Mounting plugin TcpMessaging
LogPluginManager: Mounting plugin UdpMessaging
LogPluginManager: Mounting plugin ActorSequence
LogPluginManager: Mounting plugin LevelSequenceEditor
LogPluginManager: Mounting plugin MatineeToLevelSequence
LogPluginManager: Mounting plugin OnlineSubsystemGooglePlay
LogPluginManager: Mounting plugin OnlineSubsystemIOS
LogPluginManager: Mounting plugin OnlineSubsystem
LogPluginManager: Mounting plugin OnlineSubsystemNull
LogPluginManager: Mounting plugin OnlineSubsystemUtils
LogPluginManager: Mounting plugin AndroidDeviceProfileSelector
LogPluginManager: Mounting plugin AndroidMoviePlayer
LogPluginManager: Mounting plugin AndroidPermission
LogPluginManager: Mounting plugin AppleARKit
LogPluginManager: Mounting plugin AppleMoviePlayer
LogPluginManager: Mounting plugin ArchVisCharacter
LogPluginManager: Mounting plugin CableComponent
LogPluginManager: Mounting plugin CustomMeshComponent
LogPluginManager: Mounting plugin ExampleDeviceProfileSelector
LogPluginManager: Mounting plugin GoogleCloudMessaging
LogPluginManager: Mounting plugin ImmediatePhysics
LogPluginManager: Mounting plugin IOSDeviceProfileSelector
LogPluginManager: Mounting plugin LinuxDeviceProfileSelector
LogPluginManager: Mounting plugin LocationServicesBPLibrary
LogPluginManager: Mounting plugin MobilePatchingUtils
LogPluginManager: Mounting plugin OculusVR
LogPluginManager: Plugin shader directory ../../../Engine/Plugins/Runtime/Oculus/OculusVR/Shaders found
LogPluginManager: Mapping shader source directory ../../../Engine/Plugins/Runtime/Oculus/OculusVR/Shaders to virtual directory /Plugin/OculusVR
LogPluginManager: Mounting plugin PhysXVehicles
LogPluginManager: Mounting plugin ProceduralMeshComponent
LogPluginManager: Mounting plugin RuntimePhysXCooking
LogPluginManager: Mounting plugin SteamVR
LogPluginManager: Mounting plugin WindowsMoviePlayer
LogInit: Using libcurl 7.47.1
LogInit:  - built for x86_64-pc-win32
LogInit:  - supports SSL with OpenSSL/1.0.2g
LogInit:  - supports HTTP deflate (compression) using libz 1.2.8
LogInit:  - other features:
LogInit:      CURL_VERSION_SSL
LogInit:      CURL_VERSION_LIBZ
LogInit:      CURL_VERSION_IPV6
LogInit:      CURL_VERSION_ASYNCHDNS
LogInit:      CURL_VERSION_LARGEFILE
LogInit:      CURL_VERSION_IDN
LogInit:  CurlRequestOptions (configurable via config and command line):
LogInit:  - bVerifyPeer = false  - Libcurl will NOT verify peer certificate
LogInit:  - bUseHttpProxy = false  - Libcurl will NOT use HTTP proxy
LogInit:  - bDontReuseConnections = false  - Libcurl will reuse connections
LogInit:  - CertBundlePath = nullptr  - Libcurl will use whatever was configured at build time.
LogInit: Build: ++UE4+Release-4.18-CL-3832480
LogInit: Engine Version: 4.18.3-3832480+++UE4+Release-4.18
LogInit: Compatible Engine Version: 4.18.0-3709383+++UE4+Release-4.18
LogInit: Net CL: 3709383
LogDevObjectVersion: Number of dev versions registered: 16
LogDevObjectVersion:   Dev-Blueprints (B0D832E4-1F89-4F0D-ACCF-7EB736FD4AA2): 10
LogDevObjectVersion:   Dev-Build (E1C64328-A22C-4D53-A36C-8E866417BD8C): 0
LogDevObjectVersion:   Dev-Core (375EC13C-06E4-48FB-B500-84F0262A717E): 2
LogDevObjectVersion:   Dev-Editor (E4B068ED-F494-42E9-A231-DA0B2E46BB41): 20
LogDevObjectVersion:   Dev-Framework (CFFC743F-43B0-4480-9391-14DF171D2073): 30
LogDevObjectVersion:   Dev-Mobile (B02B49B5-BB20-44E9-A304-32B752E40360): 0
LogDevObjectVersion:   Dev-Networking (A4E4105C-59A1-49B5-A7C5-40C4547EDFEE): 0
LogDevObjectVersion:   Dev-Online (39C831C9-5AE6-47DC-9A44-9C173E1C8E7C): 0
LogDevObjectVersion:   Dev-Physics (78F01B33-EBEA-4F98-B9B4-84EACCB95AA2): 0
LogDevObjectVersion:   Dev-Platform (6631380F-2D4D-43E0-8009-CF276956A95A): 0
LogDevObjectVersion:   Dev-Rendering (12F88B9F-8875-4AFC-A67C-D90C383ABD29): 20
LogDevObjectVersion:   Dev-Sequencer (7B5AE74C-D270-4C10-A958-57980B212A5A): 4
LogDevObjectVersion:   Dev-VR (D7296918-1DD6-4BDD-9DE2-64A83CC13884): 0
LogDevObjectVersion:   Dev-LoadTimes (C2A15278-BFE7-4AFE-6C17-90FF531DF755): 1
LogDevObjectVersion:   Private-Geometry (6EACA3D4-40EC-4CC1-B786-8BED09428FC5): 1
LogDevObjectVersion:   Dev-AnimPhys (29E575DD-E0A3-4627-9D10-D276232CDCEA): 12
LogInit: Compiled (64-bit): Jan 12 2018 02:04:55
LogInit: Compiled with Visual C++: 19.00.24215.01
LogInit: Build Configuration: Development
LogInit: Branch Name: ++UE4+Release-4.18
LogInit: Command line:  
LogInit: Base directory: C:/Program Files/Epic Games/UE_4.18/Engine/Binaries/Win64/
LogInit: Installed Engine Build: 1
LogInit: Presizing for max 8388607 objects, including 0 objects not considered by GC, pre-allocating 0 bytes for permanent pool.
LogInit: Object subsystem initialized
[2018.01.27-03.34.14:606][  0]LogInit: Selected Device Profile: [Windows]
[2018.01.27-03.34.14:606][  0]LogInit: Applying CVar settings loaded from the selected device profile: [Windows]
[2018.01.27-03.34.14:629][  0]LogInit: Computer: IMYOURS-PC
[2018.01.27-03.34.14:629][  0]LogInit: User: ImYours
[2018.01.27-03.34.14:629][  0]LogInit: CPU Page size=4096, Cores=4
[2018.01.27-03.34.14:629][  0]LogInit: High frequency timer resolution =3.123212 MHz
[2018.01.27-03.34.14:629][  0]LogMemory: Memory total: Physical=3.9GB (4GB approx)
[2018.01.27-03.34.14:629][  0]LogMemory: Platform Memory Stats for Windows
[2018.01.27-03.34.14:629][  0]LogMemory: Process Physical Memory: 272.33 MB used, 272.33 MB peak
[2018.01.27-03.34.14:629][  0]LogMemory: Process Virtual Memory: 265.65 MB used, 265.65 MB peak
[2018.01.27-03.34.14:629][  0]LogMemory: Physical Memory: 1817.43 MB used,  2216.94 MB free, 4034.37 MB total
[2018.01.27-03.34.14:629][  0]LogMemory: Virtual Memory: 617.76 MB used,  2216.94 MB free, 8388608.00 MB total
[2018.01.27-03.34.14:788][  0]LogInit: Using OS detected language (en-US).
[2018.01.27-03.34.14:788][  0]LogInit: Using OS detected locale (en-US).
[2018.01.27-03.34.14:835][  0]LogTextLocalizationManager: No specific localization for 'en-US' exists, so the 'en' localization will be used.
[2018.01.27-03.34.15:708][  0]LogWindows: Failed to load 'shcore.dll' (GetLastError=126)
[2018.01.27-03.34.15:708][  0]LogWindows: File 'shcore.dll' does not exist
[2018.01.27-03.34.15:709][  0]LogInit: Setting process to DPI aware
[2018.01.27-03.34.15:716][  0]LogWindows: Failed to load 'shcore.dll' (GetLastError=126)
[2018.01.27-03.34.15:716][  0]LogWindows: File 'shcore.dll' does not exist
[2018.01.27-03.34.15:717][  0]LogInit: Setting process to DPI aware
[2018.01.27-03.34.16:155][  0]LogD3D11RHI: D3D11 adapters:
[2018.01.27-03.34.16:184][  0]LogD3D11RHI:    0. 'NVIDIA GeForce GT 730' (Feature Level 11_0)
[2018.01.27-03.34.16:184][  0]LogD3D11RHI:       2000/0/1761 MB DedicatedVideo/DedicatedSystem/SharedSystem, Outputs:1, VendorId:0x10de
[2018.01.27-03.34.16:184][  0]LogD3D11RHI: Chosen D3D11 Adapter: 0
[2018.01.27-03.34.16:187][  0]LogD3D11RHI: Creating new Direct3DDevice
[2018.01.27-03.34.16:188][  0]LogD3D11RHI:     GPU DeviceId: 0xf02 (for the marketing name, search the web for "GPU Device Id")
[2018.01.27-03.34.16:188][  0]LogWindows: EnumDisplayDevices:
[2018.01.27-03.34.16:188][  0]LogWindows:    0. 'NVIDIA GeForce GT 730' (P:1 D:1)
[2018.01.27-03.34.16:188][  0]LogWindows:    1. 'NVIDIA GeForce GT 730' (P:0 D:0)
[2018.01.27-03.34.16:188][  0]LogWindows:    2. 'RDPDD Chained DD' (P:0 D:0)
[2018.01.27-03.34.16:188][  0]LogWindows:    3. 'RDP Encoder Mirror Driver' (P:0 D:0)
[2018.01.27-03.34.16:188][  0]LogWindows:    4. 'RDP Reflector Display Driver' (P:0 D:0)
[2018.01.27-03.34.16:188][  0]LogWindows: DebugString: GetVideoDriverDetailsInvalid PrimaryIsNotTheChoosenAdapter GetVideoDriverDetailsInvalid PrimaryIsNotTheChoosenAdapter GetVideoDriverDetailsInvalid PrimaryIsNotTheChoosenAdapter FoundDriverCount:2 
[2018.01.27-03.34.16:188][  0]LogD3D11RHI:     Adapter Name: NVIDIA GeForce GT 730
[2018.01.27-03.34.16:188][  0]LogD3D11RHI:   Driver Version: 388.13 (internal:23.21.13.8813, unified:388.13)
[2018.01.27-03.34.16:188][  0]LogD3D11RHI:      Driver Date: 10-27-2017
[2018.01.27-03.34.16:188][  0]LogRHI: Texture pool is 1400 MB (70% of 2000 MB)
[2018.01.27-03.34.16:196][  0]LogD3D11RHI: Display: Timestamp queries are currently disabled on this hardware due to instability. Realtime GPU stats will not be available. You can override this behaviour by setting r.NVIDIATimestampWorkaround to 0
[2018.01.27-03.34.16:196][  0]LogD3D11RHI: Async texture creation enabled
[2018.01.27-03.34.16:211][  0]LogD3D11RHI: GPU Timing Frequency: 1000.000000 (Debug: 2 2)
[2018.01.27-03.34.16:212][  0]LogShaderCompilers: Guid format shader working directory is -10 characters bigger than the processId version (../../../../../../Users/ImYours/Documents/GitHub/SecondTry/Intermediate/Shaders/WorkingDirectory/2400/).
[2018.01.27-03.34.16:212][  0]LogShaderCompilers: Cleaned the shader compiler working directory 'C:/Users/ImYours/AppData/Local/Temp/UnrealShaderWorkingDir/F6FC39334661DE8C5B334FB0EB3427B3/'.
[2018.01.27-03.34.16:212][  0]LogShaderCompilers: Display: Using Local Shader Compiler.
[2018.01.27-03.34.18:906][  0]LogTemp: Display: Loaded TP AllDesktopTargetPlatform
[2018.01.27-03.34.18:950][  0]LogTemp: Display: Loaded TP MacClientTargetPlatform
[2018.01.27-03.34.18:996][  0]LogTemp: Display: Loaded TP MacNoEditorTargetPlatform
[2018.01.27-03.34.19:040][  0]LogTemp: Display: Loaded TP MacServerTargetPlatform
[2018.01.27-03.34.19:143][  0]LogTemp: Display: Loaded TP MacTargetPlatform
[2018.01.27-03.34.19:188][  0]LogTemp: Display: Loaded TP WindowsClientTargetPlatform
[2018.01.27-03.34.19:232][  0]LogTemp: Display: Loaded TP WindowsNoEditorTargetPlatform
[2018.01.27-03.34.19:278][  0]LogTemp: Display: Loaded TP WindowsServerTargetPlatform
[2018.01.27-03.34.19:315][  0]LogTemp: Display: Loaded TP WindowsTargetPlatform
[2018.01.27-03.34.19:359][  0]LogTemp: Display: Loaded TP Android_ASTCTargetPlatform
[2018.01.27-03.34.19:402][  0]LogTemp: Display: Loaded TP Android_ATCTargetPlatform
[2018.01.27-03.34.19:445][  0]LogTemp: Display: Loaded TP Android_DXTTargetPlatform
[2018.01.27-03.34.19:489][  0]LogTemp: Display: Loaded TP Android_ETC1TargetPlatform
[2018.01.27-03.34.19:532][  0]LogTemp: Display: Loaded TP Android_ETC2TargetPlatform
[2018.01.27-03.34.19:619][  0]LogTemp: Display: Loaded TP Android_MultiTargetPlatform
[2018.01.27-03.34.19:619][  0]LogTemp: Display: Loaded TP Android_PVRTCTargetPlatform
[2018.01.27-03.34.19:679][  0]LogTemp: Display: Loaded TP AndroidTargetPlatform
[2018.01.27-03.34.19:711][  0]LogTemp: Display: Loaded TP HTML5TargetPlatform
[2018.01.27-03.34.19:812][  0]LogTemp: Display: Loaded TP IOSTargetPlatform
[2018.01.27-03.34.19:836][  0]LogTemp: Display: Loaded TP TVOSTargetPlatform
[2018.01.27-03.34.19:880][  0]LogTemp: Display: Loaded TP LinuxClientTargetPlatform
[2018.01.27-03.34.19:923][  0]LogTemp: Display: Loaded TP LinuxNoEditorTargetPlatform
[2018.01.27-03.34.19:966][  0]LogTemp: Display: Loaded TP LinuxServerTargetPlatform
[2018.01.27-03.34.20:011][  0]LogTemp: Display: Loaded TP LinuxTargetPlatform
[2018.01.27-03.34.20:011][  0]LogTargetPlatformManager: Display: Building Assets For Windows
[2018.01.27-03.34.20:377][  0]LogDerivedDataCache: Display: Max Cache Size: 512 MB
[2018.01.27-03.34.20:476][  0]LogDerivedDataCache: Loaded boot cache 0.10s 78MB C:/Users/ImYours/AppData/Local/UnrealEngine/4.18/DerivedDataCache/Boot.ddc.
[2018.01.27-03.34.20:476][  0]LogDerivedDataCache: Display: Loaded Boot cache: C:/Users/ImYours/AppData/Local/UnrealEngine/4.18/DerivedDataCache/Boot.ddc
[2018.01.27-03.34.20:477][  0]LogDerivedDataCache: FDerivedDataBackendGraph:  Pak pak cache file ../../../../../../Users/ImYours/Documents/GitHub/SecondTry/DerivedDataCache/DDC.ddp not found, will not use a pak cache.
[2018.01.27-03.34.20:477][  0]LogDerivedDataCache: Unable to find inner node Pak for hierarchical cache Hierarchy.
[2018.01.27-03.34.20:477][  0]LogDerivedDataCache: FDerivedDataBackendGraph:  CompressedPak pak cache file ../../../../../../Users/ImYours/Documents/GitHub/SecondTry/DerivedDataCache/Compressed.ddp not found, will not use a pak cache.
[2018.01.27-03.34.20:477][  0]LogDerivedDataCache: Unable to find inner node CompressedPak for hierarchical cache Hierarchy.
[2018.01.27-03.34.20:497][  0]LogDerivedDataCache: Display: Pak cache opened for reading ../../../Engine/DerivedDataCache/Compressed.ddp.
[2018.01.27-03.34.20:509][  0]LogDerivedDataCache: Using Local data cache path C:/Users/ImYours/AppData/Local/UnrealEngine/Common/DerivedDataCache: Writable
[2018.01.27-03.34.20:520][  0]LogMaterial: Verifying Global Shaders for PCD3D_SM5
[2018.01.27-03.34.20:521][  0]LogSlate: Using Freetype 2.6.0
[2018.01.27-03.34.20:555][  0]LogSlate: SlateFontCache - WITH_FREETYPE: 1, WITH_HARFBUZZ: 1
[2018.01.27-03.34.20:555][  0]LogSlate: SlateFontCache - WITH_FREETYPE: 1, WITH_HARFBUZZ: 1
[2018.01.27-03.34.23:211][  0]LogInit: Selected Device Profile: [Windows]
[2018.01.27-03.34.23:524][  0]LogSimplygon: Simplygon DLL not present - disabling.
[2018.01.27-03.34.23:558][  0]LogMeshReduction: Using SimplygonSwarm for distributed automatic mesh merging
[2018.01.27-03.34.23:558][  0]LogMeshReduction: Using QuadricMeshReduction for automatic static mesh reduction
[2018.01.27-03.34.23:558][  0]LogMeshReduction: No automatic skeletal mesh reduction module available
[2018.01.27-03.34.23:558][  0]LogMeshReduction: No automatic mesh merging module available
[2018.01.27-03.34.23:558][  0]LogMeshMerging: No automatic mesh merging module available
[2018.01.27-03.34.23:583][  0]LogNetVersion: SecondTry , NetCL: 3709383, EngineNetVer: 2, GameNetVer: 0 (Checksum: 3453988659)
[2018.01.27-03.34.23:734][  0]LogAssetRegistry: FAssetRegistry took 0.0251 seconds to start up
[2018.01.27-03.34.24:397][  0]LogPackageLocalizationCache: Processed 7 localized package path(s) for 2 prioritized culture(s) in 0.181079 seconds
[2018.01.27-03.34.24:403][  0]LogUObjectArray: 35870 objects as part of root set at end of initial load.
[2018.01.27-03.34.24:403][  0]LogUObjectAllocator: 7363696 out of 0 bytes used by permanent object pool.
[2018.01.27-03.34.24:403][  0]LogUObjectArray: CloseDisregardForGC: 0/0 objects in disregard for GC pool
[2018.01.27-03.34.24:450][  0]LogInit: WinSock: version 1.1 (2.2), MaxSocks=32767, MaxUdp=65467
[2018.01.27-03.34.26:970][  0]LogTcpMessaging: Initializing TcpMessaging bridge
[2018.01.27-03.34.27:010][  0]LogUdpMessaging: Initializing bridge on interface 0.0.0.0:0 to multicast group 230.0.0.1:6666.
[2018.01.27-03.34.27:621][  0]LogMaterial: Uniform references updated for custom material expression Custom.
[2018.01.27-03.34.28:061][  0]SourceControl: Source control is disabled
[2018.01.27-03.34.28:061][  0]SourceControl: Source control is disabled
[2018.01.27-03.34.28:109][  0]SourceControl: Source control is disabled
[2018.01.27-03.34.28:153][  0]SourceControl: Source control is disabled
[2018.01.27-03.34.28:832][  0]LogAndroidPermission: UAndroidPermissionCallbackProxy::GetInstance
[2018.01.27-03.34.29:067][  0]LogOcInput: OculusInput pre-init called
[2018.01.27-03.34.29:345][  0]LogEngine: Initializing Engine...
[2018.01.27-03.34.29:347][  0]LogHMD: Failed to initialize OpenVR with code 110
[2018.01.27-03.34.29:609][  0]LogStats: UGameplayTagsManager::ConstructGameplayTagTree: Construct from data asset -  0.000 s
[2018.01.27-03.34.29:609][  0]LogStats: UGameplayTagsManager::ConstructGameplayTagTree: GameplayTagTreeChangedEvent.Broadcast -  0.000 s
[2018.01.27-03.34.29:727][  0]LogAIModule: Creating AISystem for world Untitled
[2018.01.27-03.34.29:736][  0]LogInit: XAudio2 using 'Realtek Digital Output (Realtek High Definition Audio)' : 2 channels at 48 kHz using 16 bits per sample (channel mask 0x3)
[2018.01.27-03.34.29:759][  0]LogInit: FAudioDevice initialized.
[2018.01.27-03.34.29:896][  0]LogDerivedDataCache: Saved boot cache 0.14s 78MB C:/Users/ImYours/AppData/Local/UnrealEngine/4.18/DerivedDataCache/Boot.ddc.
[2018.01.27-03.34.29:918][  0]LogInit: Texture streaming: Enabled
[2018.01.27-03.34.29:997][  0]LogEngineSessionManager: EngineSessionManager initialized
[2018.01.27-03.34.30:104][  0]LogInit: Transaction tracking system initialized
[2018.01.27-03.34.30:364][  0]BlueprintLog: New page: Editor Load
[2018.01.27-03.34.31:090][  0]LocalizationService: Localization service is disabled
[2018.01.27-03.34.31:708][  0]LogConsoleResponse: Display: 
[2018.01.27-03.34.31:875][  0]LogCook: Display: Max memory allowance for cook 16384mb min free memory 0mb
[2018.01.27-03.34.31:875][  0]LogCook: Display: Mobile HDR setting 1
[2018.01.27-03.34.31:875][  0]LogGameplayTags: Display: UGameplayTagsManager::DoneAddingNativeTags. DelegateIsBound: 0
[2018.01.27-03.34.32:204][  0]LogFileCache: Scanning file cache for directory 'C:/Users/ImYours/Documents/GitHub/SecondTry/Content/' took 0.01s
[2018.01.27-03.34.32:865][  0]SourceControl: Source control is disabled
[2018.01.27-03.34.32:866][  0]Cmd: MAP LOAD FILE="../../../Engine/Content/Maps/Templates/Template_Default.umap" TEMPLATE=1 SHOWPROGRESS=1 FEATURELEVEL=3
[2018.01.27-03.34.32:866][  0]LightingResults: New page: Lighting Build
[2018.01.27-03.34.32:902][  0]MapCheck: New page: Map Check
[2018.01.27-03.34.32:902][  0]LightingResults: New page: Lighting Build
[2018.01.27-03.34.33:125][  0]LogAIModule: Creating AISystem for world Untitled_1
[2018.01.27-03.34.33:130][  0]LogEditorServer: Finished looking for orphan Actors (0.000 secs)
[2018.01.27-03.34.33:143][  0]Cmd: MAP CHECKDEP NOCLEARLOG
[2018.01.27-03.34.33:183][  0]MapCheck: Map check complete: 0 Error(s), 0 Warning(s), took 39.795ms to complete.
[2018.01.27-03.34.33:183][  0]LogFileHelpers: Loading map 'Template_Default' took 0.317
[2018.01.27-03.34.33:303][  0]LogCollectionManager: Loaded 0 collections in 0.001171 seconds
[2018.01.27-03.34.33:395][  0]LogFileCache: Scanning file cache for directory 'C:/Users/ImYours/Documents/GitHub/SecondTry/Saved/Collections/' took 0.01s
[2018.01.27-03.34.33:395][  0]LogFileCache: Scanning file cache for directory 'C:/Users/ImYours/Documents/GitHub/SecondTry/Content/Developers/ImYours/Collections/' took 0.01s
[2018.01.27-03.34.33:395][  0]LogFileCache: Scanning file cache for directory 'C:/Users/ImYours/Documents/GitHub/SecondTry/Content/Collections/' took 0.01s
[2018.01.27-03.34.33:396][  0]LogCollectionManager: Rebuilt the GUID cache for 0 collections in 0.000000 seconds
[2018.01.27-03.34.33:404][  0]LogContentBrowser: Native class hierarchy populated in 0.0081 seconds. Added 2363 classes and 519 folders.
[2018.01.27-03.34.33:459][  0]LogContentBrowser: Native class hierarchy updated for 'WidgetCarousel' in 0.0002 seconds. Added 0 classes and 0 folders.
[2018.01.27-03.34.33:492][  0]LogContentBrowser: Native class hierarchy updated for 'AddContentDialog' in 0.0002 seconds. Added 0 classes and 0 folders.
[2018.01.27-03.34.33:528][  0]LogContentBrowser: Native class hierarchy updated for 'SceneOutliner' in 0.0003 seconds. Added 1 classes and 2 folders.
[2018.01.27-03.34.33:544][  0]LogSlate: Took 0.000159 seconds to synchronously load lazily loaded font '../../../Engine/Content/Slate/Fonts/Roboto-Regular.ttf' (155K)
[2018.01.27-03.34.33:546][  0]LogSlate: Took 0.000150 seconds to synchronously load lazily loaded font '../../../Engine/Content/Slate/Fonts/Roboto-Bold.ttf' (160K)
[2018.01.27-03.34.33:550][  0]LogSlate: Took 0.000149 seconds to synchronously load lazily loaded font '../../../Engine/Content/Editor/Slate/Fonts/FontAwesome.ttf' (139K)
[2018.01.27-03.34.33:657][  0]LogRenderer: Reallocating scene render targets to support 1208x576 Format 10 NumSamples 1 (Frame:1).
[2018.01.27-03.34.33:946][  0]LogContentBrowser: Native class hierarchy updated for 'HierarchicalLODOutliner' in 0.0003 seconds. Added 1 classes and 2 folders.
[2018.01.27-03.34.33:946][  0]LogLoad: (Engine Initialization) Total time: 27.34 seconds
[2018.01.27-03.34.33:946][  0]LogLoad: (Engine Initialization) Total Blueprint compile time: 0.00 seconds
[2018.01.27-03.34.33:947][  0]LogExternalProfiler: No external profilers were discovered.  External profiling features will not be available.
[2018.01.27-03.34.33:976][  0]LogContentStreaming: Texture pool size now 1000 MB
[2018.01.27-03.34.34:010][  0]LogSlate: Took 0.000595 seconds to synchronously load lazily loaded font '../../../Engine/Content/Slate/Fonts/Roboto-Light.ttf' (159K)
[2018.01.27-03.34.34:024][  1]LogAssetRegistry: Asset discovery search completed in 10.3101 seconds
[2018.01.27-03.34.34:026][  1]LogCollectionManager: Rebuilt the object cache for 0 collections in 0.000000 seconds (found 0 objects)
[2018.01.27-03.34.34:027][  1]LogCollectionManager: Fixed up redirectors for 0 collections in 0.000053 seconds (updated 0 objects)
[2018.01.27-03.34.40:393][138]LogSlate: Took 0.000326 seconds to synchronously load lazily loaded font '../../../Engine/Content/Slate/Fonts/Roboto-Light.ttf' (159K)
[2018.01.27-03.34.40:518][138]LogBlueprint: Warning: [Compiler ThirdPersonCharacter] InputAction Event references unknown Action 'ResetVR' for  InputAction ResetVR
[2018.01.27-03.34.40:518][138]LogBlueprint: Warning: [Compiler ThirdPersonCharacter] Input Axis Event references unknown Axis 'LookUpRate' for  InputAxis LookUpRate
[2018.01.27-03.34.40:518][138]LogBlueprint: Warning: [Compiler ThirdPersonCharacter] Input Axis Event references unknown Axis 'TurnRate' for  InputAxis TurnRate
[2018.01.27-03.34.40:518][138]LogBlueprint: Warning: [Compiler ThirdPersonCharacter] InputAction Event references unknown Action 'Jump' for  InputAction Jump
[2018.01.27-03.34.40:518][138]LogBlueprint: Warning: [Compiler ThirdPersonCharacter] Input Axis Event references unknown Axis 'LookUp' for  InputAxis LookUp
[2018.01.27-03.34.40:519][138]LogBlueprint: Warning: [Compiler ThirdPersonCharacter] Input Axis Event references unknown Axis 'Turn' for  InputAxis Turn
[2018.01.27-03.34.40:519][138]LogBlueprint: Warning: [Compiler ThirdPersonCharacter] Input Axis Event references unknown Axis 'MoveRight' for  InputAxis MoveRight
[2018.01.27-03.34.40:519][138]LogBlueprint: Warning: [Compiler ThirdPersonCharacter] Input Axis Event references unknown Axis 'MoveForward' for  InputAxis MoveForward
[2018.01.27-03.34.40:523][138]LogBlueprint: Warning: [Compiler ThirdPersonCharacter] [0033.92] Compile of ThirdPersonCharacter successful, but with 8 Warning(s) [in 10 ms] (/Game/ThirdPersonBP/Blueprints/ThirdPersonCharacter.ThirdPersonCharacter)
[2018.01.27-03.34.40:879][138]LogMaterial: Missing cached shader map for material T_Rock_Basalt_Mat, compiling. 
[2018.01.27-03.34.41:015][138]LogAIModule: Creating AISystem for world Level1
[2018.01.27-03.34.41:059][138]Cmd: MAP LOAD FILE="../../../../../../Users/ImYours/Documents/GitHub/SecondTry/Content/ThirdPersonBP/Maps/Level1.umap" TEMPLATE=0 SHOWPROGRESS=1 FEATURELEVEL=3
[2018.01.27-03.34.41:059][138]LightingResults: New page: Lighting Build
[2018.01.27-03.34.41:060][138]LoadErrors: New page: Loading map: Level1.umap
[2018.01.27-03.34.41:060][138]MapCheck: New page: Map Check
[2018.01.27-03.34.41:060][138]LightingResults: New page: Lighting Build
[2018.01.27-03.34.41:088][138]LogEditorServer: Finished looking for orphan Actors (0.000 secs)
[2018.01.27-03.34.41:107][138]Cmd: MAP CHECKDEP NOCLEARLOG
[2018.01.27-03.34.41:156][138]MapCheck: Map check complete: 0 Error(s), 0 Warning(s), took 48.951ms to complete.
[2018.01.27-03.34.41:156][138]LogFileHelpers: Loading map 'Level1' took 0.098
[2018.01.27-03.37.40:019][773]LogTemp: Repeating last play command: Selected Viewport
[2018.01.27-03.37.40:045][773]LogBlueprintUserMessages: Early PlayInEditor Detection: Level '/Game/ThirdPersonBP/Maps/Level1.Level1:PersistentLevel' has LevelScriptBlueprint '/Game/ThirdPersonBP/Maps/Level1.Level1:PersistentLevel.Level1' with GeneratedClass '/Game/ThirdPersonBP/Maps/Level1.Level1_C' with ClassGeneratedBy '/Game/ThirdPersonBP/Maps/Level1.Level1:PersistentLevel.Level1'
[2018.01.27-03.37.40:045][773]LogPlayLevel: PlayLevel: No blueprints needed recompiling
[2018.01.27-03.37.40:088][773]PIE: New page: PIE session: Level1 (Jan 27, 2018, 7:37:40 PM)
[2018.01.27-03.37.40:088][773]LogPlayLevel: Creating play world package: /Game/ThirdPersonBP/Maps/UEDPIE_0_Level1
[2018.01.27-03.37.40:141][773]LogPlayLevel: PIE: StaticDuplicateObject took: (0.053079s)
[2018.01.27-03.37.40:143][773]LogAIModule: Creating AISystem for world Level1
[2018.01.27-03.37.40:143][773]LogPlayLevel: PIE: World Init took: (0.001548s)
[2018.01.27-03.37.40:143][773]LogPlayLevel: PIE: Created PIE world by copying editor world from /Game/ThirdPersonBP/Maps/Level1.Level1 to /Game/ThirdPersonBP/Maps/UEDPIE_0_Level1.Level1 (0.055165s)
[2018.01.27-03.37.40:159][773]LogInit: XAudio2 using 'Realtek Digital Output (Realtek High Definition Audio)' : 2 channels at 48 kHz using 16 bits per sample (channel mask 0x3)
[2018.01.27-03.37.40:183][773]LogInit: FAudioDevice initialized.
[2018.01.27-03.37.40:228][773]LogLoad: Game class is 'GameModeBase'
[2018.01.27-03.37.40:251][773]LogWorld: Bringing World /Game/ThirdPersonBP/Maps/UEDPIE_0_Level1.Level1 up for play (max tick rate 0) at 2018.01.27-11.37.40
[2018.01.27-03.37.40:252][773]LogWorld: Bringing up level for play took: 0.011905
[2018.01.27-03.37.40:318][773]LogContentBrowser: Native class hierarchy updated for 'MovieSceneCapture' in 0.0003 seconds. Added 11 classes and 0 folders.
[2018.01.27-03.37.40:403][773]PIE: Play in editor start time for /Game/ThirdPersonBP/Maps/UEDPIE_0_Level1 -0.556
[2018.01.27-03.37.40:403][773]LogBlueprintUserMessages: Late PlayInEditor Detection: Level '/Game/ThirdPersonBP/Maps/Level1.Level1:PersistentLevel' has LevelScriptBlueprint '/Game/ThirdPersonBP/Maps/Level1.Level1:PersistentLevel.Level1' with GeneratedClass '/Game/ThirdPersonBP/Maps/Level1.Level1_C' with ClassGeneratedBy '/Game/ThirdPersonBP/Maps/Level1.Level1:PersistentLevel.Level1'
[2018.01.27-03.38.07:289][499]LogBlueprintUserMessages: Early EndPlayMap Detection: Level '/Game/ThirdPersonBP/Maps/Level1.Level1:PersistentLevel' has LevelScriptBlueprint '/Game/ThirdPersonBP/Maps/Level1.Level1:PersistentLevel.Level1' with GeneratedClass '/Game/ThirdPersonBP/Maps/Level1.Level1_C' with ClassGeneratedBy '/Game/ThirdPersonBP/Maps/Level1.Level1:PersistentLevel.Level1'
[2018.01.27-03.38.07:356][499]LogBlueprintUserMessages: Late EndPlayMap Detection: Level '/Game/ThirdPersonBP/Maps/Level1.Level1:PersistentLevel' has LevelScriptBlueprint '/Game/ThirdPersonBP/Maps/Level1.Level1:PersistentLevel.Level1' with GeneratedClass '/Game/ThirdPersonBP/Maps/Level1.Level1_C' with ClassGeneratedBy '/Game/ThirdPersonBP/Maps/Level1.Level1:PersistentLevel.Level1'
[2018.01.27-03.59.10:893][548]SourceControl: On branch master
[2018.01.27-03.59.10:963][548]SourceControl: Your branch is up to date with 'origin/master'.
[2018.01.27-03.59.10:964][548]SourceControl: nothing to commit, working tree clean
[2018.01.27-03.59.18:701][693]SourceControl: fatal: C:/Program Files/Epic Games/UE_4.18/Engine/Content/: 'C:/Program Files/Epic Games/UE_4.18/Engine/Content/' is outside repository
[2018.01.27-03.59.23:624][693]EditorErrors: Warning: No assets to check in!
[2018.01.27-03.59.31:104][868]SourceControl: fatal: C:/Program Files/Epic Games/UE_4.18/Engine/Content/: 'C:/Program Files/Epic Games/UE_4.18/Engine/Content/' is outside repository
[2018.01.27-03.59.31:177][868]EditorErrors: Warning: No assets to check in!
[2018.01.27-03.59.56:748][ 24]SourceControl: fatal: C:/Program Files/Epic Games/UE_4.18/Engine/Content/: 'C:/Program Files/Epic Games/UE_4.18/Engine/Content/' is outside repository
[2018.01.27-03.59.56:841][ 24]EditorErrors: Warning: No assets to check in!
[2018.01.27-04.00.15:280][203]LogSlate: Took 0.065794 seconds to synchronously load lazily loaded font '../../../Engine/Content/Editor/Slate/Fonts/Roboto-Italic.ttf' (157K)
[2018.01.27-04.00.17:821][239]SourceControl: fatal: C:/Program Files/Epic Games/UE_4.18/Engine/Content/Functions/Engine_MaterialFunctions02/Utility/BlendAngleCorrectedNormals.uasset: 'C:/Program Files/Epic Games/UE_4.18/Engine/Content/Functions/Engine_MaterialFunctions02/Utility/BlendAngleCorrectedNormals.uasset' is outside repository
[2018.01.27-04.00.17:821][239]SourceControl: fatal: C:/Program Files/Epic Games/UE_4.18/Engine/Content/Functions/MaterialLayerFunctions/MatLayerBlend_NormalBlend.uasset: 'C:/Program Files/Epic Games/UE_4.18/Engine/Content/Functions/MaterialLayerFunctions/MatLayerBlend_NormalBlend.uasset' is outside repository
[2018.01.27-04.00.17:821][239]SourceControl: fatal: C:/Program Files/Epic Games/UE_4.18/Engine/Content/EditorBlueprintResources/StandardMacros.uasset: 'C:/Program Files/Epic Games/UE_4.18/Engine/Content/EditorBlueprintResources/StandardMacros.uasset' is outside repository
[2018.01.27-04.00.17:821][239]SourceControl: fatal: C:/Program Files/Epic Games/UE_4.18/Engine/Content/EngineSky/BP_Sky_Sphere.uasset: 'C:/Program Files/Epic Games/UE_4.18/Engine/Content/EngineSky/BP_Sky_Sphere.uasset' is outside repository
[2018.01.27-04.00.17:821][239]SourceControl: fatal: C:/Program Files/Epic Games/UE_4.18/Engine/Content/EngineMaterials/WorldGridMaterial.uasset: 'C:/Program Files/Epic Games/UE_4.18/Engine/Content/EngineMaterials/WorldGridMaterial.uasset' is outside repository
[2018.01.27-04.00.17:821][239]SourceControl: fatal: C:/Program Files/Epic Games/UE_4.18/Engine/Content/BasicShapes/Cone.uasset: 'C:/Program Files/Epic Games/UE_4.18/Engine/Content/BasicShapes/Cone.uasset' is outside repository
[2018.01.27-04.00.17:821][239]SourceControl: fatal: C:/Program Files/Epic Games/UE_4.18/Engine/Content/Functions/Engine_MaterialFunctions01/Opacity/CameraDepthFade.uasset: 'C:/Program Files/Epic Games/UE_4.18/Engine/Content/Functions/Engine_MaterialFunctions01/Opacity/CameraDepthFade.uasset' is outside repository
[2018.01.27-04.00.40:697][239]SourceControl: Already up to date.
[2018.01.27-04.00.40:697][239]SourceControl: Current branch master is up to date.
[2018.01.27-04.00.56:939][239]LogSlate: Took 0.022016 seconds to synchronously load lazily loaded font '../../../Engine/Content/Slate/Fonts/Roboto-Regular.ttf' (155K)
[2018.01.27-04.01.08:376][239]LogBlueprint: Warning: [Compiler ThirdPersonCharacter] InputAction Event references unknown Action 'ResetVR' for  InputAction ResetVR
[2018.01.27-04.01.08:376][239]LogBlueprint: Warning: [Compiler ThirdPersonCharacter] Input Axis Event references unknown Axis 'LookUpRate' for  InputAxis LookUpRate
[2018.01.27-04.01.08:376][239]LogBlueprint: Warning: [Compiler ThirdPersonCharacter] Input Axis Event references unknown Axis 'TurnRate' for  InputAxis TurnRate
[2018.01.27-04.01.08:393][239]LogBlueprint: Warning: [Compiler ThirdPersonCharacter] InputAction Event references unknown Action 'Jump' for  InputAction Jump
[2018.01.27-04.01.08:393][239]LogBlueprint: Warning: [Compiler ThirdPersonCharacter] Input Axis Event references unknown Axis 'LookUp' for  InputAxis LookUp
[2018.01.27-04.01.08:393][239]LogBlueprint: Warning: [Compiler ThirdPersonCharacter] Input Axis Event references unknown Axis 'Turn' for  InputAxis Turn
[2018.01.27-04.01.08:394][239]LogBlueprint: Warning: [Compiler ThirdPersonCharacter] Input Axis Event references unknown Axis 'MoveRight' for  InputAxis MoveRight
[2018.01.27-04.01.08:394][239]LogBlueprint: Warning: [Compiler ThirdPersonCharacter] Input Axis Event references unknown Axis 'MoveForward' for  InputAxis MoveForward
[2018.01.27-04.01.08:471][239]LogBlueprint: Warning: [Compiler ThirdPersonCharacter] [1621.85] Compile of ThirdPersonCharacter successful, but with 8 Warning(s) [in 258 ms] (/Game/ThirdPersonBP/Blueprints/ThirdPersonCharacter.ThirdPersonCharacter)
[2018.01.27-04.01.08:573][239]LogUObjectGlobals: Display: ReloadPackage failed to find a replacement object for 'Default__ThirdPersonCharacter_C:CollisionCylinder.BodySetup_0' (transient) in the new package '/Game/ThirdPersonBP/Blueprints/ThirdPersonCharacter'. Any existing references to this object will be nulled out.
[2018.01.27-04.01.13:866][239]LogScript: Warning: Accessed None trying to read property CallFunc_GetMovementComponent_ReturnValue
	ThirdPerson_AnimBP_C /Game/ThirdPersonBP/Maps/Level1.Level1:PersistentLevel.ThirdPersonCharacter_167.CharacterMesh0.ThirdPerson_AnimBP_C_2
	Function /Game/Mannequin/Animations/ThirdPerson_AnimBP.ThirdPerson_AnimBP_C:ExecuteUbergraph_ThirdPerson_AnimBP:00E5
[2018.01.27-04.01.58:030][754]LogEditorViewport: Clicking on Actor (LMB): StaticMeshActor (Floor8)
[2018.01.27-04.02.32:937][373]SourceControl: fatal: C:/Program Files/Epic Games/UE_4.18/Engine/Content/: 'C:/Program Files/Epic Games/UE_4.18/Engine/Content/' is outside repository
[2018.01.27-04.02.35:594][373]EditorErrors: Warning: No assets to check in!
[2018.01.27-04.03.22:334][465]SourceControl: fatal: C:/Program Files/Epic Games/UE_4.18/Engine/Content/: 'C:/Program Files/Epic Games/UE_4.18/Engine/Content/' is outside repository
[2018.01.27-04.03.22:406][465]EditorErrors: Warning: No assets to check in!
[2018.01.27-04.03.55:117][767]SourceControl: fatal: C:/Program Files/Epic Games/UE_4.18/Engine/Content/: 'C:/Program Files/Epic Games/UE_4.18/Engine/Content/' is outside repository
[2018.01.27-04.03.55:195][767]EditorErrors: Warning: No assets to check in!
