Log file open, 01/27/18 09:39:07
LogWindows: Failed to load 'aqProf.dll' (GetLastError=126)
LogWindows: File 'aqProf.dll' does not exist
LogWindows: Failed to load 'VSPerf140.dll' (GetLastError=126)
LogWindows: File 'VSPerf140.dll' does not exist
LogWindows: Failed to load 'VtuneApi.dll' (GetLastError=126)
LogWindows: File 'VtuneApi.dll' does not exist
LogWindows: Failed to load 'VtuneApi32e.dll' (GetLastError=126)
LogWindows: File 'VtuneApi32e.dll' does not exist
LogInit: Display: Running engine for game: SecondTry
LogPlatformFile: Not using cached read wrapper
LogInit: Display: RandInit(205830032) SRandInit(205830033).
LogInit: Read version file with build ID '3709383'
LogInit: Overriding engine version to CL 3832480, compatible CL 3709383
LogInit: Registered custom module enumerator with build ID '3709383'
LogTaskGraph: Started task graph with 5 named threads and 8 total threads with 3 sets of task threads.
LogStats: Stats thread started at 2.212645
LogD3D11RHI: Aftermath initialized
LogModuleManager: Display: Found up-to-date module file ../../../Engine/Plugins/2D/Paper2D/Binaries/Win64/UE4Editor-Paper2D.dll (API version 3709383).
LogModuleManager: Display: Found up-to-date module file ../../../Engine/Plugins/2D/Paper2D/Binaries/Win64/UE4Editor-Paper2DEditor.dll (API version 3709383).
LogModuleManager: Display: Found up-to-date module file ../../../Engine/Plugins/2D/Paper2D/Binaries/Win64/UE4Editor-PaperSpriteSheetImporter.dll (API version 3709383).
LogModuleManager: Display: Found up-to-date module file ../../../Engine/Plugins/2D/Paper2D/Binaries/Win64/UE4Editor-PaperTiledImporter.dll (API version 3709383).
LogModuleManager: Display: Found up-to-date module file ../../../Engine/Plugins/2D/Paper2D/Binaries/Win64/UE4Editor-SmartSnapping.dll (API version 3709383).
LogModuleManager: Display: Found up-to-date module file ../../../Engine/Plugins/Blendables/LightPropagationVolume/Binaries/Win64/UE4Editor-LightPropagationVolumeRuntime.dll (API version 3709383).
LogModuleManager: Display: Found up-to-date module file ../../../Engine/Plugins/Blendables/LightPropagationVolume/Binaries/Win64/UE4Editor-LightPropagationVolumeEditor.dll (API version 3709383).
LogModuleManager: Display: Found up-to-date module file ../../../Engine/Plugins/Developer/GitSourceControl/Binaries/Win64/UE4Editor-GitSourceControl.dll (API version 3709383).
LogModuleManager: Display: Found up-to-date module file ../../../Engine/Plugins/Developer/PerforceSourceControl/Binaries/Win64/UE4Editor-PerforceSourceControl.dll (API version 3709383).
LogModuleManager: Display: Found up-to-date module file ../../../Engine/Plugins/Developer/SubversionSourceControl/Binaries/Win64/UE4Editor-SubversionSourceControl.dll (API version 3709383).
LogModuleManager: Display: Found up-to-date module file ../../../Engine/Plugins/Developer/UObjectPlugin/Binaries/Win64/UE4Editor-UObjectPlugin.dll (API version 3709383).
LogModuleManager: Display: Found up-to-date module file ../../../Engine/Plugins/Developer/VisualStudioCodeSourceCodeAccess/Binaries/Win64/UE4Editor-VisualStudioCodeSourceCodeAccess.dll (API version 3709383).
LogModuleManager: Display: Found up-to-date module file ../../../Engine/Plugins/Developer/VisualStudioSourceCodeAccess/Binaries/Win64/UE4Editor-VisualStudioSourceCodeAccess.dll (API version 3709383).
LogModuleManager: Display: Found up-to-date module file ../../../Engine/Plugins/Editor/AssetManagerEditor/Binaries/Win64/UE4Editor-AssetManagerEditor.dll (API version 3709383).
LogModuleManager: Display: Found up-to-date module file ../../../Engine/Plugins/Editor/AudioCapture/Binaries/Win64/UE4Editor-AudioCapture.dll (API version 3709383).
LogModuleManager: Display: Found up-to-date module file ../../../Engine/Plugins/Editor/FacialAnimation/Binaries/Win64/UE4Editor-FacialAnimation.dll (API version 3709383).
LogModuleManager: Display: Found up-to-date module file ../../../Engine/Plugins/Editor/FacialAnimation/Binaries/Win64/UE4Editor-FacialAnimationEditor.dll (API version 3709383).
LogModuleManager: Display: Found up-to-date module file ../../../Engine/Plugins/Editor/GameplayTagsEditor/Binaries/Win64/UE4Editor-GameplayTagsEditor.dll (API version 3709383).
LogModuleManager: Display: Found up-to-date module file ../../../Engine/Plugins/Editor/MobileLauncherProfileWizard/Binaries/Win64/UE4Editor-MobileLauncherProfileWizard.dll (API version 3709383).
LogModuleManager: Display: Found up-to-date module file ../../../Engine/Plugins/Editor/PluginBrowser/Binaries/Win64/UE4Editor-PluginBrowser.dll (API version 3709383).
LogModuleManager: Display: Found up-to-date module file ../../../Engine/Plugins/Editor/SpeedTreeImporter/Binaries/Win64/UE4Editor-SpeedTreeImporter.dll (API version 3709383).
LogModuleManager: Display: Found up-to-date module file ../../../Engine/Plugins/Experimental/AlembicImporter/Binaries/Win64/UE4Editor-AlembicImporter.dll (API version 3709383).
LogModuleManager: Display: Found up-to-date module file ../../../Engine/Plugins/Experimental/AlembicImporter/Binaries/Win64/UE4Editor-AlembicLibrary.dll (API version 3709383).
LogModuleManager: Display: Found up-to-date module file ../../../Engine/Plugins/Experimental/CharacterAI/Binaries/Win64/UE4Editor-CharacterAI.dll (API version 3709383).
LogModuleManager: Display: Found up-to-date module file ../../../Engine/Plugins/Experimental/HTML5Networking/Binaries/Win64/UE4Editor-HTML5Networking.dll (API version 3709383).
LogModuleManager: Display: Found up-to-date module file ../../../Engine/Plugins/Media/AndroidMedia/Binaries/Win64/UE4Editor-AndroidMediaEditor.dll (API version 3709383).
LogModuleManager: Display: Found up-to-date module file ../../../Engine/Plugins/Media/AndroidMedia/Binaries/Win64/UE4Editor-AndroidMediaFactory.dll (API version 3709383).
LogModuleManager: Display: Found up-to-date module file ../../../Engine/Plugins/Media/AvfMedia/Binaries/Win64/UE4Editor-AvfMediaEditor.dll (API version 3709383).
LogModuleManager: Display: Found up-to-date module file ../../../Engine/Plugins/Media/AvfMedia/Binaries/Win64/UE4Editor-AvfMediaFactory.dll (API version 3709383).
LogModuleManager: Display: Found up-to-date module file ../../../Engine/Plugins/Media/AvfMedia/Binaries/Win64/UE4Editor-AvfMediaFactory.dll (API version 3709383).
LogModuleManager: Display: Found up-to-date module file ../../../Engine/Plugins/Media/ImgMedia/Binaries/Win64/UE4Editor-ImgMedia.dll (API version 3709383).
LogModuleManager: Display: Found up-to-date module file ../../../Engine/Plugins/Media/ImgMedia/Binaries/Win64/UE4Editor-ImgMediaEditor.dll (API version 3709383).
LogModuleManager: Display: Found up-to-date module file ../../../Engine/Plugins/Media/ImgMedia/Binaries/Win64/UE4Editor-ImgMediaFactory.dll (API version 3709383).
LogModuleManager: Display: Found up-to-date module file ../../../Engine/Plugins/Media/ImgMedia/Binaries/Win64/UE4Editor-ImgMediaFactory.dll (API version 3709383).
LogModuleManager: Display: Found up-to-date module file ../../../Engine/Plugins/Media/ImgMedia/Binaries/Win64/UE4Editor-OpenExrWrapper.dll (API version 3709383).
LogModuleManager: Display: Found up-to-date module file ../../../Engine/Plugins/Media/MediaCompositing/Binaries/Win64/UE4Editor-MediaCompositing.dll (API version 3709383).
LogModuleManager: Display: Found up-to-date module file ../../../Engine/Plugins/Media/MediaCompositing/Binaries/Win64/UE4Editor-MediaCompositingEditor.dll (API version 3709383).
LogModuleManager: Display: Found up-to-date module file ../../../Engine/Plugins/Media/MediaPlayerEditor/Binaries/Win64/UE4Editor-MediaPlayerEditor.dll (API version 3709383).
LogModuleManager: Display: Found up-to-date module file ../../../Engine/Plugins/Media/WmfMedia/Binaries/Win64/UE4Editor-WmfMedia.dll (API version 3709383).
LogModuleManager: Display: Found up-to-date module file ../../../Engine/Plugins/Media/WmfMedia/Binaries/Win64/UE4Editor-WmfMediaEditor.dll (API version 3709383).
LogModuleManager: Display: Found up-to-date module file ../../../Engine/Plugins/Media/WmfMedia/Binaries/Win64/UE4Editor-WmfMediaFactory.dll (API version 3709383).
LogModuleManager: Display: Found up-to-date module file ../../../Engine/Plugins/Media/WmfMedia/Binaries/Win64/UE4Editor-WmfMediaFactory.dll (API version 3709383).
LogModuleManager: Display: Found up-to-date module file ../../../Engine/Plugins/Messaging/TcpMessaging/Binaries/Win64/UE4Editor-TcpMessaging.dll (API version 3709383).
LogModuleManager: Display: Found up-to-date module file ../../../Engine/Plugins/Messaging/UdpMessaging/Binaries/Win64/UE4Editor-UdpMessaging.dll (API version 3709383).
LogModuleManager: Display: Found up-to-date module file ../../../Engine/Plugins/MovieScene/ActorSequence/Binaries/Win64/UE4Editor-ActorSequence.dll (API version 3709383).
LogModuleManager: Display: Found up-to-date module file ../../../Engine/Plugins/MovieScene/LevelSequenceEditor/Binaries/Win64/UE4Editor-LevelSequenceEditor.dll (API version 3709383).
LogModuleManager: Display: Found up-to-date module file ../../../Engine/Plugins/MovieScene/MatineeToLevelSequence/Binaries/Win64/UE4Editor-MatineeToLevelSequence.dll (API version 3709383).
LogModuleManager: Display: Found up-to-date module file ../../../Engine/Plugins/Online/OnlineSubsystem/Binaries/Win64/UE4Editor-OnlineSubsystem.dll (API version 3709383).
LogModuleManager: Display: Found up-to-date module file ../../../Engine/Plugins/Runtime/AndroidPermission/Binaries/Win64/UE4Editor-AndroidPermission.dll (API version 3709383).
LogModuleManager: Display: Found up-to-date module file ../../../Engine/Plugins/Online/OnlineSubsystemNull/Binaries/Win64/UE4Editor-OnlineSubsystemNull.dll (API version 3709383).
LogModuleManager: Display: Found up-to-date module file ../../../Engine/Plugins/Online/OnlineSubsystemUtils/Binaries/Win64/UE4Editor-OnlineSubsystemUtils.dll (API version 3709383).
LogModuleManager: Display: Found up-to-date module file ../../../Engine/Plugins/Online/OnlineSubsystemUtils/Binaries/Win64/UE4Editor-OnlineBlueprintSupport.dll (API version 3709383).
LogModuleManager: Display: Found up-to-date module file ../../../Engine/Plugins/Runtime/AndroidDeviceProfileSelector/Binaries/Win64/UE4Editor-AndroidDeviceProfileSelector.dll (API version 3709383).
LogModuleManager: Display: Found up-to-date module file ../../../Engine/Plugins/Runtime/AppleARKit/Binaries/Win64/UE4Editor-AppleARKit.dll (API version 3709383).
LogModuleManager: Display: Found up-to-date module file ../../../Engine/Plugins/Runtime/ArchVisCharacter/Binaries/Win64/UE4Editor-ArchVisCharacter.dll (API version 3709383).
LogModuleManager: Display: Found up-to-date module file ../../../Engine/Plugins/Runtime/CableComponent/Binaries/Win64/UE4Editor-CableComponent.dll (API version 3709383).
LogModuleManager: Display: Found up-to-date module file ../../../Engine/Plugins/Runtime/CustomMeshComponent/Binaries/Win64/UE4Editor-CustomMeshComponent.dll (API version 3709383).
LogModuleManager: Display: Found up-to-date module file ../../../Engine/Plugins/Runtime/ExampleDeviceProfileSelector/Binaries/Win64/UE4Editor-ExampleDeviceProfileSelector.dll (API version 3709383).
LogModuleManager: Display: Found up-to-date module file ../../../Engine/Plugins/Runtime/ImmediatePhysics/Binaries/Win64/UE4Editor-ImmediatePhysics.dll (API version 3709383).
LogModuleManager: Display: Found up-to-date module file ../../../Engine/Plugins/Runtime/ImmediatePhysics/Binaries/Win64/UE4Editor-ImmediatePhysicsEditor.dll (API version 3709383).
LogModuleManager: Display: Found up-to-date module file ../../../Engine/Plugins/Runtime/LocationServicesBPLibrary/Binaries/Win64/UE4Editor-LocationServicesBPLibrary.dll (API version 3709383).
LogModuleManager: Display: Found up-to-date module file ../../../Engine/Plugins/Runtime/MobilePatchingUtils/Binaries/Win64/UE4Editor-MobilePatchingUtils.dll (API version 3709383).
LogModuleManager: Display: Found up-to-date module file ../../../Engine/Plugins/Runtime/Oculus/OculusVR/Binaries/Win64/UE4Editor-OculusHMD.dll (API version 3709383).
LogModuleManager: Display: Found up-to-date module file ../../../Engine/Plugins/Runtime/Oculus/OculusVR/Binaries/Win64/UE4Editor-OculusInput.dll (API version 3709383).
LogModuleManager: Display: Found up-to-date module file ../../../Engine/Plugins/Runtime/Oculus/OculusVR/Binaries/Win64/UE4Editor-OculusEditor.dll (API version 3709383).
LogModuleManager: Display: Found up-to-date module file ../../../Engine/Plugins/Runtime/PhysXVehicles/Binaries/Win64/UE4Editor-PhysXVehicles.dll (API version 3709383).
LogModuleManager: Display: Found up-to-date module file ../../../Engine/Plugins/Runtime/PhysXVehicles/Binaries/Win64/UE4Editor-PhysXVehiclesEditor.dll (API version 3709383).
LogModuleManager: Display: Found up-to-date module file ../../../Engine/Plugins/Runtime/ProceduralMeshComponent/Binaries/Win64/UE4Editor-ProceduralMeshComponent.dll (API version 3709383).
LogModuleManager: Display: Found up-to-date module file ../../../Engine/Plugins/Runtime/ProceduralMeshComponent/Binaries/Win64/UE4Editor-ProceduralMeshComponentEditor.dll (API version 3709383).
LogModuleManager: Display: Found up-to-date module file ../../../Engine/Plugins/Runtime/RuntimePhysXCooking/Binaries/Win64/UE4Editor-RuntimePhysXCooking.dll (API version 3709383).
LogModuleManager: Display: Found up-to-date module file ../../../Engine/Plugins/Runtime/Steam/SteamVR/Binaries/Win64/UE4Editor-SteamVR.dll (API version 3709383).
LogModuleManager: Display: Found up-to-date module file ../../../Engine/Plugins/Runtime/Steam/SteamVR/Binaries/Win64/UE4Editor-SteamVRController.dll (API version 3709383).
LogModuleManager: Display: Found up-to-date module file ../../../Engine/Plugins/Runtime/WindowsMoviePlayer/Binaries/Win64/UE4Editor-WindowsMoviePlayer.dll (API version 3709383).
LogPluginManager: Mounting plugin Paper2D
LogPluginManager: Mounting plugin LightPropagationVolume
LogPluginManager: Mounting plugin CodeLiteSourceCodeAccess
LogPluginManager: Mounting plugin GitSourceControl
LogPluginManager: Mounting plugin KDevelopSourceCodeAccess
LogPluginManager: Mounting plugin NullSourceCodeAccess
LogPluginManager: Mounting plugin PerforceSourceControl
LogPluginManager: Mounting plugin SubversionSourceControl
LogPluginManager: Mounting plugin UObjectPlugin
LogPluginManager: Mounting plugin VisualStudioCodeSourceCodeAccess
LogPluginManager: Mounting plugin VisualStudioSourceCodeAccess
LogPluginManager: Mounting plugin XCodeSourceCodeAccess
LogPluginManager: Mounting plugin AssetManagerEditor
LogPluginManager: Mounting plugin AudioCapture
LogPluginManager: Mounting plugin FacialAnimation
LogPluginManager: Mounting plugin GameplayTagsEditor
LogPluginManager: Mounting plugin MobileLauncherProfileWizard
LogPluginManager: Mounting plugin PluginBrowser
LogPluginManager: Mounting plugin SpeedTreeImporter
LogPluginManager: Mounting plugin AlembicImporter
LogPluginManager: Mounting plugin CharacterAI
LogPluginManager: Mounting plugin HTML5Networking
LogPluginManager: Mounting plugin AndroidMedia
LogPluginManager: Mounting plugin AvfMedia
LogPluginManager: Mounting plugin ImgMedia
LogPluginManager: Mounting plugin MediaCompositing
LogPluginManager: Mounting plugin MediaPlayerEditor
LogPluginManager: Mounting plugin WmfMedia
LogPluginManager: Mounting plugin TcpMessaging
LogPluginManager: Mounting plugin UdpMessaging
LogPluginManager: Mounting plugin ActorSequence
LogPluginManager: Mounting plugin LevelSequenceEditor
LogPluginManager: Mounting plugin MatineeToLevelSequence
LogPluginManager: Mounting plugin OnlineSubsystemGooglePlay
LogPluginManager: Mounting plugin OnlineSubsystemIOS
LogPluginManager: Mounting plugin OnlineSubsystem
LogPluginManager: Mounting plugin OnlineSubsystemNull
LogPluginManager: Mounting plugin OnlineSubsystemUtils
LogPluginManager: Mounting plugin AndroidDeviceProfileSelector
LogPluginManager: Mounting plugin AndroidMoviePlayer
LogPluginManager: Mounting plugin AndroidPermission
LogPluginManager: Mounting plugin AppleARKit
LogPluginManager: Mounting plugin AppleMoviePlayer
LogPluginManager: Mounting plugin ArchVisCharacter
LogPluginManager: Mounting plugin CableComponent
LogPluginManager: Mounting plugin CustomMeshComponent
LogPluginManager: Mounting plugin ExampleDeviceProfileSelector
LogPluginManager: Mounting plugin GoogleCloudMessaging
LogPluginManager: Mounting plugin ImmediatePhysics
LogPluginManager: Mounting plugin IOSDeviceProfileSelector
LogPluginManager: Mounting plugin LinuxDeviceProfileSelector
LogPluginManager: Mounting plugin LocationServicesBPLibrary
LogPluginManager: Mounting plugin MobilePatchingUtils
LogPluginManager: Mounting plugin OculusVR
LogPluginManager: Plugin shader directory ../../../Engine/Plugins/Runtime/Oculus/OculusVR/Shaders found
LogPluginManager: Mapping shader source directory ../../../Engine/Plugins/Runtime/Oculus/OculusVR/Shaders to virtual directory /Plugin/OculusVR
LogPluginManager: Mounting plugin PhysXVehicles
LogPluginManager: Mounting plugin ProceduralMeshComponent
LogPluginManager: Mounting plugin RuntimePhysXCooking
LogPluginManager: Mounting plugin SteamVR
LogPluginManager: Mounting plugin WindowsMoviePlayer
LogInit: Using libcurl 7.47.1
LogInit:  - built for x86_64-pc-win32
LogInit:  - supports SSL with OpenSSL/1.0.2g
LogInit:  - supports HTTP deflate (compression) using libz 1.2.8
LogInit:  - other features:
LogInit:      CURL_VERSION_SSL
LogInit:      CURL_VERSION_LIBZ
LogInit:      CURL_VERSION_IPV6
LogInit:      CURL_VERSION_ASYNCHDNS
LogInit:      CURL_VERSION_LARGEFILE
LogInit:      CURL_VERSION_IDN
LogInit:  CurlRequestOptions (configurable via config and command line):
LogInit:  - bVerifyPeer = false  - Libcurl will NOT verify peer certificate
LogInit:  - bUseHttpProxy = false  - Libcurl will NOT use HTTP proxy
LogInit:  - bDontReuseConnections = false  - Libcurl will reuse connections
LogInit:  - CertBundlePath = nullptr  - Libcurl will use whatever was configured at build time.
LogInit: Build: ++UE4+Release-4.18-CL-3832480
LogInit: Engine Version: 4.18.3-3832480+++UE4+Release-4.18
LogInit: Compatible Engine Version: 4.18.0-3709383+++UE4+Release-4.18
LogInit: Net CL: 3709383
LogDevObjectVersion: Number of dev versions registered: 16
LogDevObjectVersion:   Dev-Blueprints (B0D832E4-1F89-4F0D-ACCF-7EB736FD4AA2): 10
LogDevObjectVersion:   Dev-Build (E1C64328-A22C-4D53-A36C-8E866417BD8C): 0
LogDevObjectVersion:   Dev-Core (375EC13C-06E4-48FB-B500-84F0262A717E): 2
LogDevObjectVersion:   Dev-Editor (E4B068ED-F494-42E9-A231-DA0B2E46BB41): 20
LogDevObjectVersion:   Dev-Framework (CFFC743F-43B0-4480-9391-14DF171D2073): 30
LogDevObjectVersion:   Dev-Mobile (B02B49B5-BB20-44E9-A304-32B752E40360): 0
LogDevObjectVersion:   Dev-Networking (A4E4105C-59A1-49B5-A7C5-40C4547EDFEE): 0
LogDevObjectVersion:   Dev-Online (39C831C9-5AE6-47DC-9A44-9C173E1C8E7C): 0
LogDevObjectVersion:   Dev-Physics (78F01B33-EBEA-4F98-B9B4-84EACCB95AA2): 0
LogDevObjectVersion:   Dev-Platform (6631380F-2D4D-43E0-8009-CF276956A95A): 0
LogDevObjectVersion:   Dev-Rendering (12F88B9F-8875-4AFC-A67C-D90C383ABD29): 20
LogDevObjectVersion:   Dev-Sequencer (7B5AE74C-D270-4C10-A958-57980B212A5A): 4
LogDevObjectVersion:   Dev-VR (D7296918-1DD6-4BDD-9DE2-64A83CC13884): 0
LogDevObjectVersion:   Dev-LoadTimes (C2A15278-BFE7-4AFE-6C17-90FF531DF755): 1
LogDevObjectVersion:   Private-Geometry (6EACA3D4-40EC-4CC1-B786-8BED09428FC5): 1
LogDevObjectVersion:   Dev-AnimPhys (29E575DD-E0A3-4627-9D10-D276232CDCEA): 12
LogInit: Compiled (64-bit): Jan 12 2018 02:04:55
LogInit: Compiled with Visual C++: 19.00.24215.01
LogInit: Build Configuration: Development
LogInit: Branch Name: ++UE4+Release-4.18
LogInit: Command line:  
LogInit: Base directory: C:/Program Files/Epic Games/UE_4.18/Engine/Binaries/Win64/
LogInit: Installed Engine Build: 1
LogInit: Presizing for max 8388607 objects, including 0 objects not considered by GC, pre-allocating 0 bytes for permanent pool.
LogInit: Object subsystem initialized
[2018.01.27-01.39.10:590][  0]LogInit: Selected Device Profile: [Windows]
[2018.01.27-01.39.10:590][  0]LogInit: Applying CVar settings loaded from the selected device profile: [Windows]
[2018.01.27-01.39.10:659][  0]LogInit: Computer: BAHAN-PC
[2018.01.27-01.39.10:659][  0]LogInit: User: Bahan
[2018.01.27-01.39.10:659][  0]LogInit: CPU Page size=4096, Cores=2
[2018.01.27-01.39.10:659][  0]LogInit: High frequency timer resolution =3.609433 MHz
[2018.01.27-01.39.10:660][  0]LogMemory: Memory total: Physical=3.9GB (4GB approx)
[2018.01.27-01.39.10:660][  0]LogMemory: Platform Memory Stats for Windows
[2018.01.27-01.39.10:660][  0]LogMemory: Process Physical Memory: 272.46 MB used, 272.46 MB peak
[2018.01.27-01.39.10:660][  0]LogMemory: Process Virtual Memory: 271.19 MB used, 271.19 MB peak
[2018.01.27-01.39.10:660][  0]LogMemory: Physical Memory: 2322.96 MB used,  1653.12 MB free, 3976.07 MB total
[2018.01.27-01.39.10:660][  0]LogMemory: Virtual Memory: 624.11 MB used,  1653.12 MB free, 8388608.00 MB total
[2018.01.27-01.39.11:394][  0]LogInit: Using OS detected language (en-US).
[2018.01.27-01.39.11:394][  0]LogInit: Using OS detected locale (en-US).
[2018.01.27-01.39.11:571][  0]LogTextLocalizationManager: No specific localization for 'en-US' exists, so the 'en' localization will be used.
[2018.01.27-01.39.12:432][  0]LogWindows: Failed to load 'shcore.dll' (GetLastError=126)
[2018.01.27-01.39.12:433][  0]LogWindows: File 'shcore.dll' does not exist
[2018.01.27-01.39.12:433][  0]LogInit: Setting process to DPI aware
[2018.01.27-01.39.12:603][  0]LogWindows: Failed to load 'shcore.dll' (GetLastError=126)
[2018.01.27-01.39.12:603][  0]LogWindows: File 'shcore.dll' does not exist
[2018.01.27-01.39.12:603][  0]LogInit: Setting process to DPI aware
[2018.01.27-01.39.16:687][  0]LogD3D11RHI: D3D11 adapters:
[2018.01.27-01.39.16:768][  0]LogD3D11RHI:    0. 'Intel(R) HD Graphics 530' (Feature Level 11_0)
[2018.01.27-01.39.16:769][  0]LogD3D11RHI:       192/0/1632 MB DedicatedVideo/DedicatedSystem/SharedSystem, Outputs:1, VendorId:0x8086
[2018.01.27-01.39.16:769][  0]LogD3D11RHI: Chosen D3D11 Adapter: 0
[2018.01.27-01.39.16:773][  0]LogD3D11RHI: Creating new Direct3DDevice
[2018.01.27-01.39.16:774][  0]LogD3D11RHI:     GPU DeviceId: 0x1912 (for the marketing name, search the web for "GPU Device Id")
[2018.01.27-01.39.16:774][  0]LogWindows: EnumDisplayDevices:
[2018.01.27-01.39.16:774][  0]LogWindows:    0. 'Intel(R) HD Graphics 530' (P:1 D:1)
[2018.01.27-01.39.16:774][  0]LogWindows:    1. 'Intel(R) HD Graphics 530' (P:0 D:0)
[2018.01.27-01.39.16:774][  0]LogWindows:    2. 'RDPDD Chained DD' (P:0 D:0)
[2018.01.27-01.39.16:774][  0]LogWindows:    3. 'RDP Encoder Mirror Driver' (P:0 D:0)
[2018.01.27-01.39.16:774][  0]LogWindows:    4. 'RDP Reflector Display Driver' (P:0 D:0)
[2018.01.27-01.39.16:774][  0]LogWindows: DebugString: GetVideoDriverDetailsInvalid PrimaryIsNotTheChoosenAdapter GetVideoDriverDetailsInvalid PrimaryIsNotTheChoosenAdapter GetVideoDriverDetailsInvalid PrimaryIsNotTheChoosenAdapter FoundDriverCount:2 
[2018.01.27-01.39.16:774][  0]LogD3D11RHI:     Adapter Name: Intel(R) HD Graphics 530
[2018.01.27-01.39.16:774][  0]LogD3D11RHI:   Driver Version: 20.19.15.4312 (internal:20.19.15.4312, unified:20.19.15.4312)
[2018.01.27-01.39.16:774][  0]LogD3D11RHI:      Driver Date: 10-28-2015
[2018.01.27-01.39.16:774][  0]LogRHI: Texture pool is 705 MB (70% of 1008 MB)
[2018.01.27-01.39.16:780][  0]LogD3D11RHI: Async texture creation enabled
[2018.01.27-01.39.16:786][  0]LogD3D11RHI: GPU Timing Frequency: 12.000000 (Debug: 2 0)
[2018.01.27-01.39.16:787][  0]LogShaderCompilers: Guid format shader working directory is -20 characters bigger than the processId version (../../../../../../Users/Bahan/Documents/Unreal Projects/SecondTry/Intermediate/Shaders/WorkingDirectory/29532/).
[2018.01.27-01.39.16:787][  0]LogShaderCompilers: Cleaned the shader compiler working directory 'C:/Users/Bahan/AppData/Local/Temp/UnrealShaderWorkingDir/C6C2341F40F7FEA37D2A75B7D0A67DCE/'.
[2018.01.27-01.39.16:787][  0]LogShaderCompilers: Display: Using Local Shader Compiler.
[2018.01.27-01.39.26:647][  0]LogTemp: Display: Loaded TP AllDesktopTargetPlatform
[2018.01.27-01.39.26:706][  0]LogTemp: Display: Loaded TP MacClientTargetPlatform
[2018.01.27-01.39.26:767][  0]LogTemp: Display: Loaded TP MacNoEditorTargetPlatform
[2018.01.27-01.39.26:807][  0]LogTemp: Display: Loaded TP MacServerTargetPlatform
[2018.01.27-01.39.26:860][  0]LogTemp: Display: Loaded TP MacTargetPlatform
[2018.01.27-01.39.26:911][  0]LogTemp: Display: Loaded TP WindowsClientTargetPlatform
[2018.01.27-01.39.26:951][  0]LogTemp: Display: Loaded TP WindowsNoEditorTargetPlatform
[2018.01.27-01.39.27:007][  0]LogTemp: Display: Loaded TP WindowsServerTargetPlatform
[2018.01.27-01.39.27:043][  0]LogTemp: Display: Loaded TP WindowsTargetPlatform
[2018.01.27-01.39.27:087][  0]LogTemp: Display: Loaded TP Android_ASTCTargetPlatform
[2018.01.27-01.39.27:131][  0]LogTemp: Display: Loaded TP Android_ATCTargetPlatform
[2018.01.27-01.39.27:170][  0]LogTemp: Display: Loaded TP Android_DXTTargetPlatform
[2018.01.27-01.39.27:212][  0]LogTemp: Display: Loaded TP Android_ETC1TargetPlatform
[2018.01.27-01.39.27:259][  0]LogTemp: Display: Loaded TP Android_ETC2TargetPlatform
[2018.01.27-01.39.27:333][  0]LogTemp: Display: Loaded TP Android_MultiTargetPlatform
[2018.01.27-01.39.27:333][  0]LogTemp: Display: Loaded TP Android_PVRTCTargetPlatform
[2018.01.27-01.39.27:400][  0]LogTemp: Display: Loaded TP AndroidTargetPlatform
[2018.01.27-01.39.27:445][  0]LogTemp: Display: Loaded TP HTML5TargetPlatform
[2018.01.27-01.39.27:566][  0]LogTemp: Display: Loaded TP IOSTargetPlatform
[2018.01.27-01.39.27:586][  0]LogTemp: Display: Loaded TP TVOSTargetPlatform
[2018.01.27-01.39.27:650][  0]LogTemp: Display: Loaded TP LinuxClientTargetPlatform
[2018.01.27-01.39.27:694][  0]LogTemp: Display: Loaded TP LinuxNoEditorTargetPlatform
[2018.01.27-01.39.27:751][  0]LogTemp: Display: Loaded TP LinuxServerTargetPlatform
[2018.01.27-01.39.27:807][  0]LogTemp: Display: Loaded TP LinuxTargetPlatform
[2018.01.27-01.39.27:807][  0]LogTargetPlatformManager: Display: Building Assets For Windows
[2018.01.27-01.39.28:603][  0]LogDerivedDataCache: Display: Max Cache Size: 512 MB
[2018.01.27-01.39.29:430][  0]LogDerivedDataCache: Loaded boot cache 0.81s 78MB C:/Users/Bahan/AppData/Local/UnrealEngine/4.18/DerivedDataCache/Boot.ddc.
[2018.01.27-01.39.29:431][  0]LogDerivedDataCache: Display: Loaded Boot cache: C:/Users/Bahan/AppData/Local/UnrealEngine/4.18/DerivedDataCache/Boot.ddc
[2018.01.27-01.39.29:431][  0]LogDerivedDataCache: FDerivedDataBackendGraph:  Pak pak cache file ../../../../../../Users/Bahan/Documents/Unreal Projects/SecondTry/DerivedDataCache/DDC.ddp not found, will not use a pak cache.
[2018.01.27-01.39.29:431][  0]LogDerivedDataCache: Unable to find inner node Pak for hierarchical cache Hierarchy.
[2018.01.27-01.39.29:431][  0]LogDerivedDataCache: FDerivedDataBackendGraph:  CompressedPak pak cache file ../../../../../../Users/Bahan/Documents/Unreal Projects/SecondTry/DerivedDataCache/Compressed.ddp not found, will not use a pak cache.
[2018.01.27-01.39.29:431][  0]LogDerivedDataCache: Unable to find inner node CompressedPak for hierarchical cache Hierarchy.
[2018.01.27-01.39.29:477][  0]LogDerivedDataCache: Display: Pak cache opened for reading ../../../Engine/DerivedDataCache/Compressed.ddp.
[2018.01.27-01.39.29:510][  0]LogDerivedDataCache: Using Local data cache path C:/Users/Bahan/AppData/Local/UnrealEngine/Common/DerivedDataCache: Writable
[2018.01.27-01.39.29:522][  0]LogMaterial: Verifying Global Shaders for PCD3D_SM5
[2018.01.27-01.39.29:522][  0]LogSlate: Using Freetype 2.6.0
[2018.01.27-01.39.29:592][  0]LogSlate: SlateFontCache - WITH_FREETYPE: 1, WITH_HARFBUZZ: 1
[2018.01.27-01.39.29:592][  0]LogSlate: SlateFontCache - WITH_FREETYPE: 1, WITH_HARFBUZZ: 1
[2018.01.27-01.39.33:482][  0]LogInit: Selected Device Profile: [Windows]
[2018.01.27-01.39.34:037][  0]LogSimplygon: Simplygon DLL not present - disabling.
[2018.01.27-01.39.34:090][  0]LogMeshReduction: Using SimplygonSwarm for distributed automatic mesh merging
[2018.01.27-01.39.34:090][  0]LogMeshReduction: Using QuadricMeshReduction for automatic static mesh reduction
[2018.01.27-01.39.34:090][  0]LogMeshReduction: No automatic skeletal mesh reduction module available
[2018.01.27-01.39.34:090][  0]LogMeshReduction: No automatic mesh merging module available
[2018.01.27-01.39.34:090][  0]LogMeshMerging: No automatic mesh merging module available
[2018.01.27-01.39.34:126][  0]LogNetVersion: SecondTry , NetCL: 3709383, EngineNetVer: 2, GameNetVer: 0 (Checksum: 3453988659)
[2018.01.27-01.39.34:306][  0]LogAssetRegistry: FAssetRegistry took 0.0244 seconds to start up
[2018.01.27-01.39.35:962][  0]LogPackageLocalizationCache: Processed 7 localized package path(s) for 2 prioritized culture(s) in 0.151688 seconds
[2018.01.27-01.39.35:967][  0]LogUObjectArray: 35870 objects as part of root set at end of initial load.
[2018.01.27-01.39.35:967][  0]LogUObjectAllocator: 7363696 out of 0 bytes used by permanent object pool.
[2018.01.27-01.39.35:967][  0]LogUObjectArray: CloseDisregardForGC: 0/0 objects in disregard for GC pool
[2018.01.27-01.39.36:021][  0]LogInit: WinSock: version 1.1 (2.2), MaxSocks=32767, MaxUdp=65467
[2018.01.27-01.39.58:493][  0]LogTcpMessaging: Initializing TcpMessaging bridge
[2018.01.27-01.39.58:542][  0]LogUdpMessaging: Initializing bridge on interface 0.0.0.0:0 to multicast group 230.0.0.1:6666.
[2018.01.27-01.39.59:235][  0]LogMaterial: Uniform references updated for custom material expression Custom.
[2018.01.27-01.39.59:627][  0]SourceControl: Source control is disabled
[2018.01.27-01.39.59:627][  0]SourceControl: Source control is disabled
[2018.01.27-01.39.59:685][  0]SourceControl: Source control is disabled
[2018.01.27-01.39.59:735][  0]SourceControl: Source control is disabled
[2018.01.27-01.40.00:594][  0]LogAndroidPermission: UAndroidPermissionCallbackProxy::GetInstance
[2018.01.27-01.40.00:857][  0]LogOcInput: OculusInput pre-init called
[2018.01.27-01.40.01:146][  0]LogEngine: Initializing Engine...
[2018.01.27-01.40.01:147][  0]LogHMD: Failed to initialize OpenVR with code 110
[2018.01.27-01.40.01:417][  0]LogStats: UGameplayTagsManager::ConstructGameplayTagTree: Construct from data asset -  0.000 s
[2018.01.27-01.40.01:418][  0]LogStats: UGameplayTagsManager::ConstructGameplayTagTree: GameplayTagTreeChangedEvent.Broadcast -  0.000 s
[2018.01.27-01.40.01:586][  0]LogAIModule: Creating AISystem for world Untitled
[2018.01.27-01.40.01:611][  0]LogInit: XAudio2 using 'Realtek Digital Output (Realtek High Definition Audio)' : 2 channels at 48 kHz using 16 bits per sample (channel mask 0x3)
[2018.01.27-01.40.01:674][  0]LogInit: FAudioDevice initialized.
[2018.01.27-01.40.01:849][  0]LogDerivedDataCache: Saved boot cache 0.17s 78MB C:/Users/Bahan/AppData/Local/UnrealEngine/4.18/DerivedDataCache/Boot.ddc.
[2018.01.27-01.40.01:866][  0]LogInit: Texture streaming: Enabled
[2018.01.27-01.40.02:084][  0]LogEngineSessionManager: EngineSessionManager initialized
[2018.01.27-01.40.02:217][  0]LogInit: Transaction tracking system initialized
[2018.01.27-01.40.02:484][  0]BlueprintLog: New page: Editor Load
[2018.01.27-01.40.03:611][  0]LocalizationService: Localization service is disabled
[2018.01.27-01.40.04:403][  0]LogConsoleResponse: Display: 
[2018.01.27-01.40.05:887][  0]LogCook: Display: Max memory allowance for cook 16384mb min free memory 0mb
[2018.01.27-01.40.05:887][  0]LogCook: Display: Mobile HDR setting 1
[2018.01.27-01.40.05:887][  0]LogGameplayTags: Display: UGameplayTagsManager::DoneAddingNativeTags. DelegateIsBound: 0
[2018.01.27-01.40.06:165][  0]LogFileCache: Scanning file cache for directory 'C:/Users/Bahan/Documents/Unreal Projects/SecondTry/Content/' took 0.01s
[2018.01.27-01.40.08:150][  0]SourceControl: Source control is disabled
[2018.01.27-01.40.08:150][  0]Cmd: MAP LOAD FILE="../../../Engine/Content/Maps/Templates/Template_Default.umap" TEMPLATE=1 SHOWPROGRESS=1 FEATURELEVEL=3
[2018.01.27-01.40.08:177][  0]LightingResults: New page: Lighting Build
[2018.01.27-01.40.08:205][  0]MapCheck: New page: Map Check
[2018.01.27-01.40.08:205][  0]LightingResults: New page: Lighting Build
[2018.01.27-01.40.08:589][  0]LogAIModule: Creating AISystem for world Untitled_1
[2018.01.27-01.40.08:601][  0]LogEditorServer: Finished looking for orphan Actors (0.000 secs)
[2018.01.27-01.40.08:627][  0]Cmd: MAP CHECKDEP NOCLEARLOG
[2018.01.27-01.40.08:660][  0]MapCheck: Map check complete: 0 Error(s), 0 Warning(s), took 32.963ms to complete.
[2018.01.27-01.40.08:660][  0]LogFileHelpers: Loading map 'Template_Default' took 0.510
[2018.01.27-01.40.08:982][  0]LogCollectionManager: Loaded 0 collections in 0.010997 seconds
[2018.01.27-01.40.09:121][  0]LogFileCache: Scanning file cache for directory 'C:/Users/Bahan/Documents/Unreal Projects/SecondTry/Saved/Collections/' took 0.01s
[2018.01.27-01.40.09:121][  0]LogFileCache: Scanning file cache for directory 'C:/Users/Bahan/Documents/Unreal Projects/SecondTry/Content/Developers/Bahan/Collections/' took 0.01s
[2018.01.27-01.40.09:121][  0]LogFileCache: Scanning file cache for directory 'C:/Users/Bahan/Documents/Unreal Projects/SecondTry/Content/Collections/' took 0.01s
[2018.01.27-01.40.09:121][  0]LogCollectionManager: Rebuilt the GUID cache for 0 collections in 0.000000 seconds
[2018.01.27-01.40.09:139][  0]LogContentBrowser: Native class hierarchy populated in 0.0174 seconds. Added 2363 classes and 519 folders.
[2018.01.27-01.40.09:227][  0]LogContentBrowser: Native class hierarchy updated for 'WidgetCarousel' in 0.0002 seconds. Added 0 classes and 0 folders.
[2018.01.27-01.40.10:374][  0]LogContentBrowser: Native class hierarchy updated for 'AddContentDialog' in 0.0002 seconds. Added 0 classes and 0 folders.
[2018.01.27-01.40.10:414][  0]LogContentBrowser: Native class hierarchy updated for 'SceneOutliner' in 0.0002 seconds. Added 1 classes and 2 folders.
[2018.01.27-01.40.10:529][  0]LogSlate: Took 0.007486 seconds to synchronously load lazily loaded font '../../../Engine/Content/Slate/Fonts/Roboto-Regular.ttf' (155K)
[2018.01.27-01.40.10:539][  0]LogSlate: Took 0.009180 seconds to synchronously load lazily loaded font '../../../Engine/Content/Slate/Fonts/Roboto-Bold.ttf' (160K)
[2018.01.27-01.40.10:568][  0]LogSlate: Took 0.022463 seconds to synchronously load lazily loaded font '../../../Engine/Content/Editor/Slate/Fonts/FontAwesome.ttf' (139K)
[2018.01.27-01.40.10:740][  0]LogRenderer: Reallocating scene render targets to support 856x380 Format 10 NumSamples 1 (Frame:1).
[2018.01.27-01.40.11:734][  0]LogContentBrowser: Native class hierarchy updated for 'HierarchicalLODOutliner' in 0.0002 seconds. Added 1 classes and 2 folders.
[2018.01.27-01.40.11:736][  0]LogLoad: (Engine Initialization) Total time: 75.46 seconds
[2018.01.27-01.40.11:736][  0]LogLoad: (Engine Initialization) Total Blueprint compile time: 0.00 seconds
[2018.01.27-01.40.11:736][  0]LogExternalProfiler: No external profilers were discovered.  External profiling features will not be available.
[2018.01.27-01.40.12:108][  0]LogContentStreaming: Texture pool size now 1000 MB
[2018.01.27-01.40.12:431][  1]LogAssetRegistry: Asset discovery search completed in 38.1460 seconds
[2018.01.27-01.40.12:433][  1]LogCollectionManager: Rebuilt the object cache for 0 collections in 0.000001 seconds (found 0 objects)
[2018.01.27-01.40.12:433][  1]LogCollectionManager: Fixed up redirectors for 0 collections in 0.000049 seconds (updated 0 objects)
[2018.01.27-01.40.13:095][  3]LogSlate: Took 0.010181 seconds to synchronously load lazily loaded font '../../../Engine/Content/Slate/Fonts/Roboto-Light.ttf' (159K)
[2018.01.27-01.40.16:424][ 13]LogSlate: Took 0.000237 seconds to synchronously load lazily loaded font '../../../Engine/Content/Slate/Fonts/Roboto-Light.ttf' (159K)
[2018.01.27-01.40.42:090][400]SourceControl: On branch master
[2018.01.27-01.40.42:090][400]SourceControl: Your branch is up to date with 'origin/master'.
[2018.01.27-01.40.42:090][400]SourceControl: Changes to be committed:
[2018.01.27-01.40.42:090][400]SourceControl:   (use "git reset HEAD <file>..." to unstage)
[2018.01.27-01.40.42:090][400]SourceControl: 	new file:   Content/Particles_and_Textures/StarterContent/Textures/NewMaterial.uasset
[2018.01.27-01.40.42:090][400]SourceControl: 	new file:   Content/Particles_and_Textures/StarterContent/Textures/StarterContent/Textures/T_Rock_Basalt_Mat.uasset
[2018.01.27-01.40.42:090][400]SourceControl: Untracked files:
[2018.01.27-01.40.42:090][400]SourceControl:   (use "git add <file>..." to include in what will be committed)
[2018.01.27-01.40.42:090][400]SourceControl: 	Content/Geometry/
[2018.01.27-01.40.42:090][400]SourceControl: 	Content/MainMenu/
[2018.01.27-01.40.42:090][400]SourceControl: 	Content/Mannequin/
[2018.01.27-01.40.42:090][400]SourceControl: 	Content/Particles and Textures/
[2018.01.27-01.40.42:090][400]SourceControl: 	Content/Particles_and_Textures/StarterContent/Textures/StarterContent/Materials/
[2018.01.27-01.40.42:090][400]SourceControl: 	Content/Particles_and_Textures/StarterContent/Textures/StarterContent/Textures/T_MacroVariation.uasset
[2018.01.27-01.40.42:090][400]SourceControl: 	Content/Particles_and_Textures/StarterContent/Textures/StarterContent/Textures/T_Metal_Gold_N.uasset
[2018.01.27-01.40.42:090][400]SourceControl: 	Content/Particles_and_Textures/StarterContent/Textures/StarterContent/Textures/T_Perlin_Noise_M.uasset
[2018.01.27-01.40.42:090][400]SourceControl: 	Content/Particles_and_Textures/StarterContent/Textures/StarterContent/Textures/T_Rock_Basalt_D.uasset
[2018.01.27-01.40.42:090][400]SourceControl: 	Content/Particles_and_Textures/StarterContent/Textures/StarterContent/Textures/T_Rock_Basalt_N.uasset
[2018.01.27-01.40.42:090][400]SourceControl: 	Content/Particles_and_Textures/StarterContent/Textures/StarterContent/Textures/T_Rock_Marble_Polished_D.uasset
[2018.01.27-01.40.42:090][400]SourceControl: 	Content/Particles_and_Textures/StarterContent/Textures/StarterContent/Textures/T_Rock_Sandstone_D.uasset
[2018.01.27-01.40.42:090][400]SourceControl: 	Content/Particles_and_Textures/StarterContent/Textures/StarterContent/Textures/T_Rock_Sandstone_N.uasset
[2018.01.27-01.40.42:091][400]SourceControl: 	Content/Particles_and_Textures/StarterContent/Textures/StarterContent/Textures/T_Rock_Slate_D.uasset
[2018.01.27-01.40.42:091][400]SourceControl: 	Content/Particles_and_Textures/StarterContent/Textures/StarterContent/Textures/T_Rock_Slate_N.uasset
[2018.01.27-01.40.42:091][400]SourceControl: 	Content/ThirdPersonBP/
[2018.01.27-01.41.12:327][834]LogHttp: Warning: 000000003F7AA080: request failed, libcurl error: 6 (Couldn't resolve host name)
[2018.01.27-01.41.12:327][834]LogHttp: Warning: 000000003F7AA080: libcurl info message cache 0 (Could not resolve host: datarouter.ol.epicgames.com)
[2018.01.27-01.41.12:327][834]LogHttp: Warning: 000000003F7AA080: libcurl info message cache 1 (Closing connection 0)
[2018.01.27-01.41.37:819][ 46]LogSlate: Took 0.000355 seconds to synchronously load lazily loaded font '../../../Engine/Content/Slate/Fonts/Roboto-Light.ttf' (159K)
[2018.01.27-01.41.38:855][ 46]LogSlate: Took 0.000179 seconds to synchronously load lazily loaded font '../../../Engine/Content/Slate/Fonts/Roboto-Regular.ttf' (155K)
[2018.01.27-01.41.40:584][ 46]LogBlueprint: Warning: [Compiler ThirdPersonCharacter] InputAction Event references unknown Action 'ResetVR' for  InputAction ResetVR
[2018.01.27-01.41.40:585][ 46]LogBlueprint: Warning: [Compiler ThirdPersonCharacter] Input Axis Event references unknown Axis 'LookUpRate' for  InputAxis LookUpRate
[2018.01.27-01.41.40:585][ 46]LogBlueprint: Warning: [Compiler ThirdPersonCharacter] Input Axis Event references unknown Axis 'TurnRate' for  InputAxis TurnRate
[2018.01.27-01.41.40:585][ 46]LogBlueprint: Warning: [Compiler ThirdPersonCharacter] InputAction Event references unknown Action 'Jump' for  InputAction Jump
[2018.01.27-01.41.40:585][ 46]LogBlueprint: Warning: [Compiler ThirdPersonCharacter] Input Axis Event references unknown Axis 'LookUp' for  InputAxis LookUp
[2018.01.27-01.41.40:586][ 46]LogBlueprint: Warning: [Compiler ThirdPersonCharacter] Input Axis Event references unknown Axis 'Turn' for  InputAxis Turn
[2018.01.27-01.41.40:586][ 46]LogBlueprint: Warning: [Compiler ThirdPersonCharacter] Input Axis Event references unknown Axis 'MoveRight' for  InputAxis MoveRight
[2018.01.27-01.41.40:586][ 46]LogBlueprint: Warning: [Compiler ThirdPersonCharacter] Input Axis Event references unknown Axis 'MoveForward' for  InputAxis MoveForward
[2018.01.27-01.41.40:593][ 46]LogBlueprint: Warning: [Compiler ThirdPersonCharacter] [0164.31] Compile of ThirdPersonCharacter successful, but with 8 Warning(s) [in 17 ms] (/Game/ThirdPersonBP/Blueprints/ThirdPersonCharacter.ThirdPersonCharacter)
[2018.01.27-01.41.45:469][ 46]LogAIModule: Creating AISystem for world Level1
[2018.01.27-01.41.46:024][ 46]Cmd: MAP LOAD FILE="../../../../../../Users/Bahan/Documents/Unreal Projects/SecondTry/Content/ThirdPersonBP/Maps/Level1.umap" TEMPLATE=0 SHOWPROGRESS=1 FEATURELEVEL=3
[2018.01.27-01.41.46:025][ 46]LightingResults: New page: Lighting Build
[2018.01.27-01.41.46:026][ 46]LoadErrors: New page: Loading map: Level1.umap
[2018.01.27-01.41.46:062][ 46]MapCheck: New page: Map Check
[2018.01.27-01.41.46:062][ 46]LightingResults: New page: Lighting Build
[2018.01.27-01.41.46:298][ 46]LogEditorServer: Finished looking for orphan Actors (0.000 secs)
[2018.01.27-01.41.46:374][ 46]Cmd: MAP CHECKDEP NOCLEARLOG
[2018.01.27-01.41.46:429][ 46]MapCheck: Map check complete: 0 Error(s), 0 Warning(s), took 54.169ms to complete.
[2018.01.27-01.41.46:429][ 46]LogFileHelpers: Loading map 'Level1' took 0.455
[2018.01.27-01.42.45:692][731]SourceControl: fatal: C:/Program Files/Epic Games/UE_4.18/Engine/Content/Functions/Engine_MaterialFunctions02/Utility/BlendAngleCorrectedNormals.uasset: 'C:/Program Files/Epic Games/UE_4.18/Engine/Content/Functions/Engine_MaterialFunctions02/Utility/BlendAngleCorrectedNormals.uasset' is outside repository
[2018.01.27-01.42.45:692][731]SourceControl: fatal: C:/Program Files/Epic Games/UE_4.18/Engine/Content/Functions/MaterialLayerFunctions/MatLayerBlend_NormalBlend.uasset: 'C:/Program Files/Epic Games/UE_4.18/Engine/Content/Functions/MaterialLayerFunctions/MatLayerBlend_NormalBlend.uasset' is outside repository
[2018.01.27-01.42.45:692][731]SourceControl: fatal: C:/Program Files/Epic Games/UE_4.18/Engine/Content/EditorBlueprintResources/StandardMacros.uasset: 'C:/Program Files/Epic Games/UE_4.18/Engine/Content/EditorBlueprintResources/StandardMacros.uasset' is outside repository
[2018.01.27-01.42.45:692][731]SourceControl: fatal: C:/Program Files/Epic Games/UE_4.18/Engine/Content/EngineSky/BP_Sky_Sphere.uasset: 'C:/Program Files/Epic Games/UE_4.18/Engine/Content/EngineSky/BP_Sky_Sphere.uasset' is outside repository
[2018.01.27-01.42.45:692][731]SourceControl: fatal: C:/Program Files/Epic Games/UE_4.18/Engine/Content/EngineMaterials/WorldGridMaterial.uasset: 'C:/Program Files/Epic Games/UE_4.18/Engine/Content/EngineMaterials/WorldGridMaterial.uasset' is outside repository
[2018.01.27-01.42.45:692][731]SourceControl: fatal: C:/Program Files/Epic Games/UE_4.18/Engine/Content/BasicShapes/Cone.uasset: 'C:/Program Files/Epic Games/UE_4.18/Engine/Content/BasicShapes/Cone.uasset' is outside repository
[2018.01.27-01.42.45:692][731]SourceControl: fatal: C:/Program Files/Epic Games/UE_4.18/Engine/Content/Functions/Engine_MaterialFunctions01/Opacity/CameraDepthFade.uasset: 'C:/Program Files/Epic Games/UE_4.18/Engine/Content/Functions/Engine_MaterialFunctions01/Opacity/CameraDepthFade.uasset' is outside repository
[2018.01.27-01.42.46:899][731]SourceControl: Error: fatal: unable to access 'https://github.com/LeftHandUC/SecondTry.git/': Could not resolve host: github.com
[2018.01.27-01.42.47:172][731]LightingResults: New page: Lighting Build
[2018.01.27-01.42.47:185][731]MapCheck: New page: Map Check
[2018.01.27-01.42.47:185][731]LightingResults: New page: Lighting Build
[2018.01.27-01.42.47:280][731]LogAIModule: Creating AISystem for world Untitled
[2018.01.27-01.42.47:288][731]LoadErrors: New page: New Map
[2018.01.27-01.42.47:615][731]LogBlueprint: Warning: [Compiler ThirdPersonCharacter] InputAction Event references unknown Action 'ResetVR' for  InputAction ResetVR
[2018.01.27-01.42.47:615][731]LogBlueprint: Warning: [Compiler ThirdPersonCharacter] Input Axis Event references unknown Axis 'LookUpRate' for  InputAxis LookUpRate
[2018.01.27-01.42.47:615][731]LogBlueprint: Warning: [Compiler ThirdPersonCharacter] Input Axis Event references unknown Axis 'TurnRate' for  InputAxis TurnRate
[2018.01.27-01.42.47:615][731]LogBlueprint: Warning: [Compiler ThirdPersonCharacter] InputAction Event references unknown Action 'Jump' for  InputAction Jump
[2018.01.27-01.42.47:615][731]LogBlueprint: Warning: [Compiler ThirdPersonCharacter] Input Axis Event references unknown Axis 'LookUp' for  InputAxis LookUp
[2018.01.27-01.42.47:615][731]LogBlueprint: Warning: [Compiler ThirdPersonCharacter] Input Axis Event references unknown Axis 'Turn' for  InputAxis Turn
[2018.01.27-01.42.47:616][731]LogBlueprint: Warning: [Compiler ThirdPersonCharacter] Input Axis Event references unknown Axis 'MoveRight' for  InputAxis MoveRight
[2018.01.27-01.42.47:616][731]LogBlueprint: Warning: [Compiler ThirdPersonCharacter] Input Axis Event references unknown Axis 'MoveForward' for  InputAxis MoveForward
[2018.01.27-01.42.47:622][731]LogBlueprint: Warning: [Compiler ThirdPersonCharacter] [0231.34] Compile of ThirdPersonCharacter successful, but with 8 Warning(s) [in 12 ms] (/Game/ThirdPersonBP/Blueprints/ThirdPersonCharacter.ThirdPersonCharacter)
[2018.01.27-01.42.47:640][731]LogUObjectGlobals: Display: ReloadPackage failed to find a replacement object for 'Default__ThirdPersonCharacter_C:CollisionCylinder.BodySetup_0' (transient) in the new package '/Game/ThirdPersonBP/Blueprints/ThirdPersonCharacter'. Any existing references to this object will be nulled out.
[2018.01.27-01.42.48:341][731]LogStaticMesh: Building static mesh TemplateFloor...
[2018.01.27-01.42.48:399][731]LogStaticMesh: Built static mesh [0.06s] /Game/Geometry/Meshes/TemplateFloor_DEADPACKAGE_33.TemplateFloor
[2018.01.27-01.42.48:837][731]LogAIModule: Creating AISystem for world Level1
[2018.01.27-01.42.48:881][731]Cmd: MAP LOAD FILE="../../../../../../Users/Bahan/Documents/Unreal Projects/SecondTry/Content/ThirdPersonBP/Maps/Level1.umap" TEMPLATE=0 SHOWPROGRESS=1 FEATURELEVEL=3
[2018.01.27-01.42.48:881][731]LightingResults: New page: Lighting Build
[2018.01.27-01.42.48:882][731]LoadErrors: New page: Loading map: Level1.umap
[2018.01.27-01.42.48:882][731]MapCheck: New page: Map Check
[2018.01.27-01.42.48:883][731]LightingResults: New page: Lighting Build
[2018.01.27-01.42.48:917][731]LogEditorServer: Finished looking for orphan Actors (0.000 secs)
[2018.01.27-01.42.48:951][731]Cmd: MAP CHECKDEP NOCLEARLOG
[2018.01.27-01.42.48:994][731]MapCheck: Map check complete: 0 Error(s), 0 Warning(s), took 42.795ms to complete.
[2018.01.27-01.42.48:994][731]LogFileHelpers: Loading map 'Level1' took 0.115
[2018.01.27-01.43.12:356][ 35]LogHttp: Warning: 000000003FB22380: request failed, libcurl error: 6 (Couldn't resolve host name)
[2018.01.27-01.43.12:356][ 35]LogHttp: Warning: 000000003FB22380: libcurl info message cache 0 (Could not resolve host: datarouter.ol.epicgames.com)
[2018.01.27-01.43.12:356][ 35]LogHttp: Warning: 000000003FB22380: libcurl info message cache 1 (Closing connection 1)
[2018.01.27-01.43.13:010][ 92]SourceControl: fatal: C:/Program Files/Epic Games/UE_4.18/Engine/Content/: 'C:/Program Files/Epic Games/UE_4.18/Engine/Content/' is outside repository
[2018.01.27-01.43.27:711][ 92]LogSourceControl: FGitCheckInWorker: commit successful
[2018.01.27-01.43.27:731][ 92]SourceControl: On branch master
[2018.01.27-01.43.27:731][ 92]SourceControl: Your branch is ahead of 'origin/master' by 1 commit.
[2018.01.27-01.43.27:731][ 92]SourceControl:   (use "git push" to publish your local commits)
[2018.01.27-01.43.27:731][ 92]SourceControl: nothing to commit, working tree clean
[2018.01.27-01.43.27:734][ 92]SourceControl: Commited On branch master.
[2018.01.27-01.44.32:595][569]SourceControl: fatal: C:/Program Files/Epic Games/UE_4.18/Engine/Content/Functions/Engine_MaterialFunctions02/Utility/BlendAngleCorrectedNormals.uasset: 'C:/Program Files/Epic Games/UE_4.18/Engine/Content/Functions/Engine_MaterialFunctions02/Utility/BlendAngleCorrectedNormals.uasset' is outside repository
[2018.01.27-01.44.32:595][569]SourceControl: fatal: C:/Program Files/Epic Games/UE_4.18/Engine/Content/Functions/MaterialLayerFunctions/MatLayerBlend_NormalBlend.uasset: 'C:/Program Files/Epic Games/UE_4.18/Engine/Content/Functions/MaterialLayerFunctions/MatLayerBlend_NormalBlend.uasset' is outside repository
[2018.01.27-01.44.32:595][569]SourceControl: fatal: C:/Program Files/Epic Games/UE_4.18/Engine/Content/EditorBlueprintResources/StandardMacros.uasset: 'C:/Program Files/Epic Games/UE_4.18/Engine/Content/EditorBlueprintResources/StandardMacros.uasset' is outside repository
[2018.01.27-01.44.32:595][569]SourceControl: fatal: C:/Program Files/Epic Games/UE_4.18/Engine/Content/EngineSky/BP_Sky_Sphere.uasset: 'C:/Program Files/Epic Games/UE_4.18/Engine/Content/EngineSky/BP_Sky_Sphere.uasset' is outside repository
[2018.01.27-01.44.32:595][569]SourceControl: fatal: C:/Program Files/Epic Games/UE_4.18/Engine/Content/EngineMaterials/WorldGridMaterial.uasset: 'C:/Program Files/Epic Games/UE_4.18/Engine/Content/EngineMaterials/WorldGridMaterial.uasset' is outside repository
[2018.01.27-01.44.32:595][569]SourceControl: fatal: C:/Program Files/Epic Games/UE_4.18/Engine/Content/BasicShapes/Cone.uasset: 'C:/Program Files/Epic Games/UE_4.18/Engine/Content/BasicShapes/Cone.uasset' is outside repository
[2018.01.27-01.44.32:595][569]SourceControl: fatal: C:/Program Files/Epic Games/UE_4.18/Engine/Content/Functions/Engine_MaterialFunctions01/Opacity/CameraDepthFade.uasset: 'C:/Program Files/Epic Games/UE_4.18/Engine/Content/Functions/Engine_MaterialFunctions01/Opacity/CameraDepthFade.uasset' is outside repository
[2018.01.27-01.44.33:165][569]SourceControl: Error: fatal: unable to access 'https://github.com/LeftHandUC/SecondTry.git/': Could not resolve host: github.com
[2018.01.27-01.44.33:167][569]LightingResults: New page: Lighting Build
[2018.01.27-01.44.33:169][569]MapCheck: New page: Map Check
[2018.01.27-01.44.33:169][569]LightingResults: New page: Lighting Build
[2018.01.27-01.44.33:209][569]LogAIModule: Creating AISystem for world Untitled
[2018.01.27-01.44.33:210][569]LoadErrors: New page: New Map
[2018.01.27-01.44.33:624][569]LogBlueprint: Warning: [Compiler ThirdPersonCharacter] InputAction Event references unknown Action 'ResetVR' for  InputAction ResetVR
[2018.01.27-01.44.33:624][569]LogBlueprint: Warning: [Compiler ThirdPersonCharacter] Input Axis Event references unknown Axis 'LookUpRate' for  InputAxis LookUpRate
[2018.01.27-01.44.33:624][569]LogBlueprint: Warning: [Compiler ThirdPersonCharacter] Input Axis Event references unknown Axis 'TurnRate' for  InputAxis TurnRate
[2018.01.27-01.44.33:625][569]LogBlueprint: Warning: [Compiler ThirdPersonCharacter] InputAction Event references unknown Action 'Jump' for  InputAction Jump
[2018.01.27-01.44.33:625][569]LogBlueprint: Warning: [Compiler ThirdPersonCharacter] Input Axis Event references unknown Axis 'LookUp' for  InputAxis LookUp
[2018.01.27-01.44.33:625][569]LogBlueprint: Warning: [Compiler ThirdPersonCharacter] Input Axis Event references unknown Axis 'Turn' for  InputAxis Turn
[2018.01.27-01.44.33:626][569]LogBlueprint: Warning: [Compiler ThirdPersonCharacter] Input Axis Event references unknown Axis 'MoveRight' for  InputAxis MoveRight
[2018.01.27-01.44.33:626][569]LogBlueprint: Warning: [Compiler ThirdPersonCharacter] Input Axis Event references unknown Axis 'MoveForward' for  InputAxis MoveForward
[2018.01.27-01.44.33:632][569]LogBlueprint: Warning: [Compiler ThirdPersonCharacter] [0337.35] Compile of ThirdPersonCharacter successful, but with 8 Warning(s) [in 14 ms] (/Game/ThirdPersonBP/Blueprints/ThirdPersonCharacter.ThirdPersonCharacter)
[2018.01.27-01.44.33:649][569]LogUObjectGlobals: Display: ReloadPackage failed to find a replacement object for 'Default__ThirdPersonCharacter_C:CollisionCylinder.BodySetup_0' (transient) in the new package '/Game/ThirdPersonBP/Blueprints/ThirdPersonCharacter'. Any existing references to this object will be nulled out.
[2018.01.27-01.44.34:007][569]LogAIModule: Creating AISystem for world Level1
[2018.01.27-01.44.34:037][569]Cmd: MAP LOAD FILE="../../../../../../Users/Bahan/Documents/Unreal Projects/SecondTry/Content/ThirdPersonBP/Maps/Level1.umap" TEMPLATE=0 SHOWPROGRESS=1 FEATURELEVEL=3
[2018.01.27-01.44.34:037][569]LightingResults: New page: Lighting Build
[2018.01.27-01.44.34:037][569]LoadErrors: New page: Loading map: Level1.umap
[2018.01.27-01.44.34:038][569]MapCheck: New page: Map Check
[2018.01.27-01.44.34:038][569]LightingResults: New page: Lighting Build
[2018.01.27-01.44.34:065][569]LogEditorServer: Finished looking for orphan Actors (0.000 secs)
[2018.01.27-01.44.34:092][569]Cmd: MAP CHECKDEP NOCLEARLOG
[2018.01.27-01.44.34:128][569]MapCheck: Map check complete: 0 Error(s), 0 Warning(s), took 35.99ms to complete.
[2018.01.27-01.44.34:129][569]LogFileHelpers: Loading map 'Level1' took 0.093
[2018.01.27-01.45.12:947][ 67]LogHttp: Warning: 000000004653F100: request failed, libcurl error: 6 (Couldn't resolve host name)
[2018.01.27-01.45.12:947][ 67]LogHttp: Warning: 000000004653F100: libcurl info message cache 0 (Could not resolve host: datarouter.ol.epicgames.com)
[2018.01.27-01.45.12:947][ 67]LogHttp: Warning: 000000004653F100: libcurl info message cache 1 (Closing connection 2)
[2018.01.27-01.47.13:732][418]LogHttp: Warning: 00000000497E0580: request failed, libcurl error: 6 (Couldn't resolve host name)
[2018.01.27-01.47.13:732][418]LogHttp: Warning: 00000000497E0580: libcurl info message cache 0 (Could not resolve host: datarouter.ol.epicgames.com)
[2018.01.27-01.47.13:733][418]LogHttp: Warning: 00000000497E0580: libcurl info message cache 1 (Closing connection 3)
[2018.01.27-01.49.14:136][778]LogHttp: Warning: 0000000048839F00: request failed, libcurl error: 6 (Couldn't resolve host name)
[2018.01.27-01.49.14:136][778]LogHttp: Warning: 0000000048839F00: libcurl info message cache 0 (Could not resolve host: datarouter.ol.epicgames.com)
[2018.01.27-01.49.14:136][778]LogHttp: Warning: 0000000048839F00: libcurl info message cache 1 (Closing connection 4)
[2018.01.27-01.51.14:195][111]LogHttp: Warning: 0000000046562980: request failed, libcurl error: 6 (Couldn't resolve host name)
[2018.01.27-01.51.14:195][111]LogHttp: Warning: 0000000046562980: libcurl info message cache 0 (Could not resolve host: datarouter.ol.epicgames.com)
[2018.01.27-01.51.14:195][111]LogHttp: Warning: 0000000046562980: libcurl info message cache 1 (Closing connection 5)
[2018.01.27-01.51.14:268][112]LogLinker: Warning: Can't find file '/Game/StarterContent/Textures/T_Detail_Rocky_N'
[2018.01.27-01.51.14:268][112]LogLinker: Warning: Can't find file for asset '/Game/StarterContent/Textures/T_Detail_Rocky_N' while loading ../../../../../../Users/Bahan/Documents/Unreal Projects/SecondTry/Content/Particles_and_Textures/StarterContent/Props/Materials/M_Rock.uasset.
[2018.01.27-01.51.14:268][112]LoadErrors: Error: /Game/Particles_and_Textures/StarterContent/Props/Materials/M_Rock : Can't find file for asset. /Game/StarterContent/Textures/T_Detail_Rocky_N
[2018.01.27-01.51.14:268][112]LogLinker: Warning: Can't find file '/Game/StarterContent/Textures/T_Rock_Basalt_D'
[2018.01.27-01.51.14:268][112]LogLinker: Warning: Can't find file for asset '/Game/StarterContent/Textures/T_Rock_Basalt_D' while loading ../../../../../../Users/Bahan/Documents/Unreal Projects/SecondTry/Content/Particles_and_Textures/StarterContent/Props/Materials/M_Rock.uasset.
[2018.01.27-01.51.14:268][112]LoadErrors: Error: /Game/Particles_and_Textures/StarterContent/Props/Materials/M_Rock : Can't find file for asset. /Game/StarterContent/Textures/T_Rock_Basalt_D
[2018.01.27-01.51.14:268][112]LogLinker: Warning: Can't find file '/Game/StarterContent/Textures/T_RockMesh_M'
[2018.01.27-01.51.14:268][112]LogLinker: Warning: Can't find file for asset '/Game/StarterContent/Textures/T_RockMesh_M' while loading ../../../../../../Users/Bahan/Documents/Unreal Projects/SecondTry/Content/Particles_and_Textures/StarterContent/Props/Materials/M_Rock.uasset.
[2018.01.27-01.51.14:268][112]LoadErrors: Error: /Game/Particles_and_Textures/StarterContent/Props/Materials/M_Rock : Can't find file for asset. /Game/StarterContent/Textures/T_RockMesh_M
[2018.01.27-01.51.14:268][112]LogLinker: Warning: Can't find file '/Game/StarterContent/Textures/T_RockMesh_N'
[2018.01.27-01.51.14:269][112]LogLinker: Warning: Can't find file for asset '/Game/StarterContent/Textures/T_RockMesh_N' while loading ../../../../../../Users/Bahan/Documents/Unreal Projects/SecondTry/Content/Particles_and_Textures/StarterContent/Props/Materials/M_Rock.uasset.
[2018.01.27-01.51.14:269][112]LoadErrors: Error: /Game/Particles_and_Textures/StarterContent/Props/Materials/M_Rock : Can't find file for asset. /Game/StarterContent/Textures/T_RockMesh_N
[2018.01.27-01.51.14:269][112]LogLinker: Warning: Can't find file '/Game/StarterContent/Textures/T_Detail_Rocky_N'
[2018.01.27-01.51.14:269][112]LogLinker: Warning: Can't find file for asset '/Game/StarterContent/Textures/T_Detail_Rocky_N' while loading ../../../../../../Users/Bahan/Documents/Unreal Projects/SecondTry/Content/Particles_and_Textures/StarterContent/Props/Materials/M_Rock.uasset.
[2018.01.27-01.51.14:269][112]LogLinker: Warning: Can't find file '/Game/StarterContent/Textures/T_Rock_Basalt_D'
[2018.01.27-01.51.14:269][112]LogLinker: Warning: Can't find file for asset '/Game/StarterContent/Textures/T_Rock_Basalt_D' while loading ../../../../../../Users/Bahan/Documents/Unreal Projects/SecondTry/Content/Particles_and_Textures/StarterContent/Props/Materials/M_Rock.uasset.
[2018.01.27-01.51.14:269][112]LogLinker: Warning: Can't find file '/Game/StarterContent/Textures/T_RockMesh_M'
[2018.01.27-01.51.14:269][112]LogLinker: Warning: Can't find file for asset '/Game/StarterContent/Textures/T_RockMesh_M' while loading ../../../../../../Users/Bahan/Documents/Unreal Projects/SecondTry/Content/Particles_and_Textures/StarterContent/Props/Materials/M_Rock.uasset.
[2018.01.27-01.51.14:270][112]LogLinker: Warning: Can't find file '/Game/StarterContent/Textures/T_RockMesh_N'
[2018.01.27-01.51.14:270][112]LogLinker: Warning: Can't find file for asset '/Game/StarterContent/Textures/T_RockMesh_N' while loading ../../../../../../Users/Bahan/Documents/Unreal Projects/SecondTry/Content/Particles_and_Textures/StarterContent/Props/Materials/M_Rock.uasset.
[2018.01.27-01.51.14:271][112]LogLinker: Warning: Can't find file '/Game/StarterContent/Textures/T_RockMesh_N'
[2018.01.27-01.51.14:271][112]LoadErrors: Failed to load /Game/StarterContent/Textures/T_RockMesh_N.T_RockMesh_N Referenced by MaterialExpressionTextureSample_0
[2018.01.27-01.51.14:271][112]LogLinker: Warning: Can't find file for asset '/Game/StarterContent/Textures/T_RockMesh_N' while loading NULL.
[2018.01.27-01.51.14:271][112]LogLinker: Warning: Can't find file '/Game/StarterContent/Textures/T_RockMesh_M'
[2018.01.27-01.51.14:271][112]LoadErrors: Failed to load /Game/StarterContent/Textures/T_RockMesh_M.T_RockMesh_M Referenced by MaterialExpressionTextureSample_1
[2018.01.27-01.51.14:271][112]LogLinker: Warning: Can't find file for asset '/Game/StarterContent/Textures/T_RockMesh_M' while loading NULL.
[2018.01.27-01.51.14:271][112]LogLinker: Warning: Can't find file '/Game/StarterContent/Textures/T_Rock_Basalt_D'
[2018.01.27-01.51.14:271][112]LoadErrors: Failed to load /Game/StarterContent/Textures/T_Rock_Basalt_D.T_Rock_Basalt_D Referenced by MaterialExpressionTextureSample_2
[2018.01.27-01.51.14:271][112]LogLinker: Warning: Can't find file for asset '/Game/StarterContent/Textures/T_Rock_Basalt_D' while loading NULL.
[2018.01.27-01.51.14:271][112]LogLinker: Warning: Can't find file '/Game/StarterContent/Textures/T_Detail_Rocky_N'
[2018.01.27-01.51.14:272][112]LoadErrors: Failed to load /Game/StarterContent/Textures/T_Detail_Rocky_N.T_Detail_Rocky_N Referenced by MaterialExpressionTextureSample_5
[2018.01.27-01.51.14:272][112]LogLinker: Warning: Can't find file for asset '/Game/StarterContent/Textures/T_Detail_Rocky_N' while loading NULL.
[2018.01.27-01.51.14:274][112]LogMaterial: Missing cached shader map for material M_Rock, compiling. 
[2018.01.27-01.51.14:277][112]LogMaterial: Warning: C:\Users\Bahan\Documents\Unreal Projects\SecondTry\Content\Particles_and_Textures\StarterContent\Props\Materials\M_Rock.uasset: Failed to compile Material for platform PCD3D_SM5, Default Material will be used in game.
[2018.01.27-01.51.14:278][112]LogMaterial: 	(Node TextureSample) Texture Sample> Missing input texture
[2018.01.27-01.53.14:234][744]LogHttp: Warning: 000000004883BB80: request failed, libcurl error: 6 (Couldn't resolve host name)
[2018.01.27-01.53.14:234][744]LogHttp: Warning: 000000004883BB80: libcurl info message cache 0 (Could not resolve host: datarouter.ol.epicgames.com)
[2018.01.27-01.53.14:234][744]LogHttp: Warning: 000000004883BB80: libcurl info message cache 1 (Closing connection 6)
[2018.01.27-01.54.49:142][727]LogSavePackage: Save=9904.47ms
[2018.01.27-01.54.49:143][727]LogSavePackage: Moving '../../../../../../Users/Bahan/Documents/Unreal Projects/SecondTry/Saved/Level1_Auto1DBC4D25F4AF543BCB0088494FF914089.tmp' to '../../../../../../Users/Bahan/Documents/Unreal Projects/SecondTry/Saved/Autosaves/Game/ThirdPersonBP/Maps/Level1_Auto1.umap'
[2018.01.27-01.54.49:147][727]LogSavePackage: Display: Finished SavePackage ../../../../../../Users/Bahan/Documents/Unreal Projects/SecondTry/Saved/Autosaves/Game/ThirdPersonBP/Maps/Level1_Auto1.umap
[2018.01.27-01.54.49:151][727]LogFileHelpers: Editor autosave (incl. sublevels) for '/Game/ThirdPersonBP/Maps/Level1' took 11.651
[2018.01.27-01.54.49:151][727]LogFileHelpers: Editor autosave (incl. sublevels) for all levels took 11.651
[2018.01.27-01.55.14:683][805]LogHttp: Warning: 000000004883BE80: request failed, libcurl error: 6 (Couldn't resolve host name)
[2018.01.27-01.55.14:683][805]LogHttp: Warning: 000000004883BE80: libcurl info message cache 0 (Could not resolve host: datarouter.ol.epicgames.com)
[2018.01.27-01.55.14:683][805]LogHttp: Warning: 000000004883BE80: libcurl info message cache 1 (Closing connection 7)
[2018.01.27-01.57.12:949][653]LogContentBrowser: Native class hierarchy updated for 'MaterialEditor' in 0.0295 seconds. Added 1 classes and 0 folders.
[2018.01.27-01.57.12:954][653]LogMaterial: Missing cached shader map for material M_Rock, compiling. 
[2018.01.27-01.57.12:955][653]LogMaterial: Warning: /Engine/Transient.M_Rock (no disk path found): Failed to compile Material for platform PCD3D_SM5, Default Material will be used in game.
[2018.01.27-01.57.12:955][653]LogMaterial: 	(Node TextureSample) Texture Sample> Missing input texture
[2018.01.27-01.57.15:028][653]LogMaterial: Missing cached shader map for material M_Rock, compiling. 
[2018.01.27-01.57.15:029][653]LogMaterial: Warning: /Engine/Transient.M_Rock (no disk path found): Failed to compile Material for platform PCD3D_SM5, Default Material will be used in game.
[2018.01.27-01.57.15:029][653]LogMaterial: 	(Node TextureSample) Texture Sample> Missing input texture
[2018.01.27-01.57.15:309][653]LogMaterial: Missing cached shader map for material FMatExpressionPreview MaterialExpressionTextureSample_2, compiling. 
[2018.01.27-01.57.15:312][653]LogMaterial: Missing cached shader map for material FMatExpressionPreview MaterialExpressionTextureSample_1, compiling. 
[2018.01.27-01.57.15:314][653]LogMaterial: Missing cached shader map for material FMatExpressionPreview MaterialExpressionTextureSample_0, compiling. 
[2018.01.27-01.57.15:316][653]LogMaterial: Missing cached shader map for material FMatExpressionPreview MaterialExpressionTextureSample_5, compiling. 
[2018.01.27-01.57.15:438][653]MaterialEditorStats: Error: [SM5] (Node TextureSample) Texture Sample> Missing input texture
[2018.01.27-01.57.15:588][653]LogSlate: Took 0.062383 seconds to synchronously load lazily loaded font '../../../Engine/Content/Editor/Slate/Fonts/Roboto-BoldCondensed.ttf' (158K)
[2018.01.27-01.57.16:922][658]LogHttp: Warning: 000000005CFCB700: request failed, libcurl error: 6 (Couldn't resolve host name)
[2018.01.27-01.57.17:214][658]LogHttp: Warning: 000000005CFCB700: libcurl info message cache 0 (Could not resolve host: datarouter.ol.epicgames.com)
[2018.01.27-01.57.17:214][658]LogHttp: Warning: 000000005CFCB700: libcurl info message cache 1 (Closing connection 8)
[2018.01.27-01.57.17:316][658]LogSlate: Took 0.099380 seconds to synchronously load lazily loaded font '../../../Engine/Content/Editor/Slate/Fonts/Roboto-Italic.ttf' (157K)
[2018.01.27-01.59.17:553][244]LogHttp: Warning: 000000005D024A00: request failed, libcurl error: 6 (Couldn't resolve host name)
[2018.01.27-01.59.17:553][244]LogHttp: Warning: 000000005D024A00: libcurl info message cache 0 (Could not resolve host: datarouter.ol.epicgames.com)
[2018.01.27-01.59.17:553][244]LogHttp: Warning: 000000005D024A00: libcurl info message cache 1 (Closing connection 9)
[2018.01.27-02.01.17:598][157]LogHttp: Warning: 0000000030B10400: request failed, libcurl error: 6 (Couldn't resolve host name)
[2018.01.27-02.01.17:598][157]LogHttp: Warning: 0000000030B10400: libcurl info message cache 0 (Could not resolve host: datarouter.ol.epicgames.com)
[2018.01.27-02.01.17:598][157]LogHttp: Warning: 0000000030B10400: libcurl info message cache 1 (Closing connection 10)
[2018.01.27-02.01.29:473][338]Cmd: QUIT_EDITOR
[2018.01.27-02.01.33:393][338]LogExit: Preparing to exit.
[2018.01.27-02.01.43:902][338]LogDirectoryWatcher: A directory notification for 'C:/Users/Bahan/Documents/Unreal Projects/SecondTry/Content/' was aborted.
[2018.01.27-02.01.50:098][338]LogExit: Editor shut down
[2018.01.27-02.01.53:001][338]LogExit: Transaction tracking system shut down
[2018.01.27-02.01.55:601][338]LogDirectoryWatcher: A directory notification for '../../../Engine/Content/' was aborted.
[2018.01.27-02.01.55:601][338]LogDirectoryWatcher: A directory notification for '../../../../../../Users/Bahan/Documents/Unreal Projects/SecondTry/Content/' was aborted.
[2018.01.27-02.01.55:602][338]LogDirectoryWatcher: A directory notification for '../../../Engine/Plugins/2D/Paper2D/Content/' was aborted.
[2018.01.27-02.01.55:602][338]LogDirectoryWatcher: A directory notification for '../../../Engine/Plugins/Media/MediaCompositing/Content/' was aborted.
[2018.01.27-02.01.55:602][338]LogDirectoryWatcher: A directory notification for '../../../Engine/Plugins/Runtime/AppleARKit/Content/' was aborted.
[2018.01.27-02.01.55:602][338]LogDirectoryWatcher: A directory notification for '../../../Engine/Plugins/Runtime/Oculus/OculusVR/Content/' was aborted.
[2018.01.27-02.01.55:602][338]LogDirectoryWatcher: A directory notification for '../../../Engine/Plugins/Runtime/Steam/SteamVR/Content/' was aborted.
[2018.01.27-02.02.03:000][338]LogExit: Object subsystem successfully closed.
[2018.01.27-02.02.04:841][338]LogD3D11RHI: Shutdown
[2018.01.27-02.02.04:869][338]LogD3D11RHI: CleanupD3DDevice
[2018.01.27-02.02.06:397][338]LogD3D11RHI: ~FD3D11DynamicRHI
[2018.01.27-02.02.10:414][338]LogModuleManager: Shutting down and abandoning module MaterialEditor (552)
[2018.01.27-02.02.10:414][338]LogModuleManager: Shutting down and abandoning module HierarchicalLODOutliner (550)
[2018.01.27-02.02.10:414][338]LogModuleManager: Shutting down and abandoning module SceneOutliner (548)
[2018.01.27-02.02.10:420][338]LogModuleManager: Shutting down and abandoning module AddContentDialog (546)
[2018.01.27-02.02.10:499][338]LogDirectoryWatcher: A directory notification for 'C:/Program Files/Epic Games/UE_4.18/FeaturePacks/' was aborted.
[2018.01.27-02.02.10:904][338]LogModuleManager: Shutting down and abandoning module WidgetCarousel (545)
[2018.01.27-02.02.10:904][338]LogModuleManager: Shutting down and abandoning module EditorWidgets (542)
[2018.01.27-02.02.10:905][338]LogModuleManager: Shutting down and abandoning module CollectionManager (540)
[2018.01.27-02.02.10:965][338]LogDirectoryWatcher: A directory notification for 'C:/Users/Bahan/Documents/Unreal Projects/SecondTry/Content/Collections/' was aborted.
[2018.01.27-02.02.10:965][338]LogDirectoryWatcher: A directory notification for 'C:/Users/Bahan/Documents/Unreal Projects/SecondTry/Content/Developers/Bahan/Collections/' was aborted.
[2018.01.27-02.02.11:007][338]LogDirectoryWatcher: A directory notification for 'C:/Users/Bahan/Documents/Unreal Projects/SecondTry/Saved/Collections/' was aborted.
[2018.01.27-02.02.11:007][338]LogModuleManager: Shutting down and abandoning module HierarchicalLODUtilities (538)
[2018.01.27-02.02.11:039][338]LogModuleManager: Shutting down and abandoning module StatsViewer (536)
[2018.01.27-02.02.11:068][338]LogModuleManager: Shutting down and abandoning module FoliageEdit (534)
[2018.01.27-02.02.11:068][338]LogModuleManager: Shutting down and abandoning module LandscapeEditor (532)
[2018.01.27-02.02.11:139][338]LogModuleManager: Shutting down and abandoning module MeshPaintMode (530)
[2018.01.27-02.02.11:165][338]LogModuleManager: Shutting down and abandoning module SceneDepthPickerMode (528)
[2018.01.27-02.02.11:165][338]LogModuleManager: Shutting down and abandoning module ActorPickerMode (526)
[2018.01.27-02.02.11:165][338]LogModuleManager: Shutting down and abandoning module GeometryMode (524)
[2018.01.27-02.02.11:165][338]LogModuleManager: Shutting down and abandoning module TextureAlignMode (522)
[2018.01.27-02.02.11:166][338]LogModuleManager: Shutting down and abandoning module BspMode (520)
[2018.01.27-02.02.11:179][338]LogModuleManager: Shutting down and abandoning module PIEPreviewDeviceProfileSelector (518)
[2018.01.27-02.02.11:179][338]LogModuleManager: Shutting down and abandoning module HardwareSurvey (516)
[2018.01.27-02.02.11:190][338]LogModuleManager: Shutting down and abandoning module SequenceRecorderSections (514)
[2018.01.27-02.02.11:190][338]LogModuleManager: Shutting down and abandoning module AutomationWorker (512)
[2018.01.27-02.02.11:201][338]LogModuleManager: Shutting down and abandoning module MatineeToLevelSequence (510)
[2018.01.27-02.02.11:216][338]LogModuleManager: Shutting down and abandoning module LevelSequenceEditor (508)
[2018.01.27-02.02.11:320][338]LogModuleManager: Shutting down and abandoning module PlacementMode (507)
[2018.01.27-02.02.11:320][338]LogModuleManager: Shutting down and abandoning module WmfMediaFactory (504)
[2018.01.27-02.02.11:320][338]LogModuleManager: Shutting down and abandoning module WmfMediaEditor (502)
[2018.01.27-02.02.11:320][338]LogModuleManager: Shutting down and abandoning module OpenExrWrapper (500)
[2018.01.27-02.02.11:320][338]LogModuleManager: Shutting down and abandoning module ImgMediaFactory (498)
[2018.01.27-02.02.11:320][338]LogModuleManager: Shutting down and abandoning module ImgMediaEditor (496)
[2018.01.27-02.02.11:320][338]LogModuleManager: Shutting down and abandoning module AvfMediaFactory (494)
[2018.01.27-02.02.11:320][338]LogModuleManager: Shutting down and abandoning module AvfMediaEditor (492)
[2018.01.27-02.02.11:320][338]LogModuleManager: Shutting down and abandoning module AndroidMediaFactory (490)
[2018.01.27-02.02.11:320][338]LogModuleManager: Shutting down and abandoning module AndroidMediaEditor (488)
[2018.01.27-02.02.11:320][338]LogModuleManager: Shutting down and abandoning module CharacterAI (486)
[2018.01.27-02.02.11:321][338]LogModuleManager: Shutting down and abandoning module AudioCapture (484)
[2018.01.27-02.02.11:339][338]LogModuleManager: Shutting down and abandoning module SequenceRecorder (483)
[2018.01.27-02.02.11:354][338]LogModuleManager: Shutting down and abandoning module SmartSnapping (480)
[2018.01.27-02.02.11:355][338]LogModuleManager: Shutting down and abandoning module SessionServices (478)
[2018.01.27-02.02.11:355][338]LogModuleManager: Shutting down and abandoning module ViewportSnapping (476)
[2018.01.27-02.02.11:358][338]LogModuleManager: Shutting down and abandoning module ViewportInteraction (474)
[2018.01.27-02.02.11:358][338]LogModuleManager: Shutting down and abandoning module ClothPainter (472)
[2018.01.27-02.02.11:401][338]LogModuleManager: Shutting down and abandoning module SkeletalMeshEditor (471)
[2018.01.27-02.02.11:425][338]LogModuleManager: Shutting down and abandoning module LogVisualizer (468)
[2018.01.27-02.02.11:484][338]LogModuleManager: Shutting down and abandoning module IntroTutorials (466)
[2018.01.27-02.02.11:570][338]LogModuleManager: Shutting down and abandoning module GameProjectGeneration (465)
[2018.01.27-02.02.11:605][338]LogModuleManager: Shutting down and abandoning module IOSPlatformEditor (462)
[2018.01.27-02.02.11:649][338]LogModuleManager: Shutting down and abandoning module HTML5PlatformEditor (460)
[2018.01.27-02.02.11:649][338]LogModuleManager: Shutting down and abandoning module AndroidPlatformEditor (458)
[2018.01.27-02.02.11:649][338]LogModuleManager: Shutting down and abandoning module AndroidDeviceDetection (457)
[2018.01.27-02.02.12:401][338]LogModuleManager: Shutting down and abandoning module WindowsPlatformEditor (454)
[2018.01.27-02.02.12:421][338]LogModuleManager: Shutting down and abandoning module IOSRuntimeSettings (452)
[2018.01.27-02.02.12:421][338]LogModuleManager: Shutting down and abandoning module AndroidRuntimeSettings (450)
[2018.01.27-02.02.12:421][338]LogModuleManager: Shutting down and abandoning module InputBindingEditor (448)
[2018.01.27-02.02.12:434][338]LogModuleManager: Shutting down and abandoning module MergeActors (446)
[2018.01.27-02.02.12:468][338]LogModuleManager: Shutting down and abandoning module SizeMap (444)
[2018.01.27-02.02.12:480][338]LogModuleManager: Shutting down and abandoning module TreeMap (442)
[2018.01.27-02.02.12:503][338]LogModuleManager: Shutting down and abandoning module ReferenceViewer (440)
[2018.01.27-02.02.12:510][338]LogModuleManager: Shutting down and abandoning module LocalizationDashboard (438)
[2018.01.27-02.02.12:543][338]LogModuleManager: Shutting down and abandoning module LocalizationService (437)
[2018.01.27-02.02.12:547][338]LogModuleManager: Shutting down and abandoning module HardwareTargeting (434)
[2018.01.27-02.02.12:547][338]LogModuleManager: Shutting down and abandoning module DeviceProfileEditor (432)
[2018.01.27-02.02.12:566][338]LogModuleManager: Shutting down and abandoning module UndoHistory (430)
[2018.01.27-02.02.12:566][338]LogModuleManager: Shutting down and abandoning module XmlParser (428)
[2018.01.27-02.02.12:587][338]LogModuleManager: Shutting down and abandoning module Blutility (426)
[2018.01.27-02.02.12:600][338]LogModuleManager: Shutting down and abandoning module ProjectSettingsViewer (424)
[2018.01.27-02.02.12:600][338]LogModuleManager: Shutting down and abandoning module ProjectTargetPlatformEditor (423)
[2018.01.27-02.02.12:658][338]LogModuleManager: Shutting down and abandoning module EditorSettingsViewer (420)
[2018.01.27-02.02.12:672][338]LogModuleManager: Shutting down and abandoning module SettingsEditor (418)
[2018.01.27-02.02.12:688][338]LogModuleManager: Shutting down and abandoning module ProjectLauncher (416)
[2018.01.27-02.02.12:767][338]LogModuleManager: Shutting down and abandoning module SessionFrontend (414)
[2018.01.27-02.02.12:783][338]LogModuleManager: Shutting down and abandoning module ProfilerClient (412)
[2018.01.27-02.02.12:792][338]LogModuleManager: Shutting down and abandoning module DeviceManager (410)
[2018.01.27-02.02.12:809][338]LogModuleManager: Shutting down and abandoning module TargetDeviceServices (409)
[2018.01.27-02.02.12:901][338]LogModuleManager: Shutting down and abandoning module AutomationController (406)
[2018.01.27-02.02.12:933][338]LogModuleManager: Shutting down and abandoning module AutomationWindow (404)
[2018.01.27-02.02.12:971][338]LogModuleManager: Shutting down and abandoning module Layers (402)
[2018.01.27-02.02.12:995][338]LogModuleManager: Shutting down and abandoning module ComponentVisualizers (400)
[2018.01.27-02.02.12:995][338]LogModuleManager: Shutting down and abandoning module DetailCustomizations (398)
[2018.01.27-02.02.13:013][338]LogModuleManager: Shutting down and abandoning module PackagesDialog (396)
[2018.01.27-02.02.13:035][338]LogModuleManager: Shutting down and abandoning module Persona (394)
[2018.01.27-02.02.13:110][338]LogModuleManager: Shutting down and abandoning module AdvancedPreviewScene (393)
[2018.01.27-02.02.13:110][338]LogModuleManager: Shutting down and abandoning module AnimGraph (391)
[2018.01.27-02.02.13:110][338]LogModuleManager: Shutting down and abandoning module Kismet (388)
[2018.01.27-02.02.13:140][338]LogModuleManager: Shutting down and abandoning module ClassViewer (386)
[2018.01.27-02.02.13:163][338]LogModuleManager: Shutting down and abandoning module Toolbox (384)
[2018.01.27-02.02.13:163][338]LogModuleManager: Shutting down and abandoning module ModuleUI (382)
[2018.01.27-02.02.13:172][338]LogModuleManager: Shutting down and abandoning module MovieSceneTools (380)
[2018.01.27-02.02.13:198][338]LogModuleManager: Shutting down and abandoning module OutputLog (378)
[2018.01.27-02.02.13:207][338]LogModuleManager: Shutting down and abandoning module GammaUI (376)
[2018.01.27-02.02.13:214][338]LogModuleManager: Shutting down and abandoning module Documentation (374)
[2018.01.27-02.02.13:214][338]LogModuleManager: Shutting down and abandoning module MovieSceneTracks (372)
[2018.01.27-02.02.13:240][338]LogModuleManager: Shutting down and abandoning module MovieScene (370)
[2018.01.27-02.02.13:240][338]LogModuleManager: Shutting down and abandoning module StreamingPauseRendering (368)
[2018.01.27-02.02.13:266][338]LogModuleManager: Shutting down and abandoning module LauncherPlatform (366)
[2018.01.27-02.02.13:266][338]LogModuleManager: Shutting down and abandoning module AnalyticsET (364)
[2018.01.27-02.02.13:267][338]LogModuleManager: Shutting down and abandoning module PortalServices (362)
[2018.01.27-02.02.13:267][338]LogModuleManager: Shutting down and abandoning module PortalRpc (360)
[2018.01.27-02.02.13:267][338]LogModuleManager: Shutting down and abandoning module MessagingRpc (358)
[2018.01.27-02.02.13:267][338]LogModuleManager: Shutting down and abandoning module AIModule (356)
[2018.01.27-02.02.13:275][338]LogModuleManager: Shutting down and abandoning module GameplayDebugger (355)
[2018.01.27-02.02.13:293][338]LogModuleManager: Shutting down and abandoning module AITestSuite (353)
[2018.01.27-02.02.13:298][338]LogModuleManager: Shutting down and abandoning module DesktopPlatform (350)
[2018.01.27-02.02.13:298][338]LogModuleManager: Shutting down and abandoning module ProfilerService (348)
[2018.01.27-02.02.13:568][338]LogModuleManager: Shutting down and abandoning module TaskGraph (346)
[2018.01.27-02.02.13:580][338]LogModuleManager: Shutting down and abandoning module SteamVRController (344)
[2018.01.27-02.02.13:580][338]LogModuleManager: Shutting down and abandoning module ProceduralMeshComponentEditor (342)
[2018.01.27-02.02.13:580][338]LogModuleManager: Shutting down and abandoning module ProceduralMeshComponent (340)
[2018.01.27-02.02.13:580][338]LogModuleManager: Shutting down and abandoning module OculusInput (338)
[2018.01.27-02.02.13:580][338]LogModuleManager: Shutting down and abandoning module MobilePatchingUtils (336)
[2018.01.27-02.02.13:580][338]LogModuleManager: Shutting down and abandoning module CustomMeshComponent (334)
[2018.01.27-02.02.13:580][338]LogModuleManager: Shutting down and abandoning module CableComponent (332)
[2018.01.27-02.02.13:580][338]LogModuleManager: Shutting down and abandoning module ArchVisCharacter (330)
[2018.01.27-02.02.13:580][338]LogModuleManager: Shutting down and abandoning module AndroidPermission (328)
[2018.01.27-02.02.13:580][338]LogModuleManager: Shutting down and abandoning module ActorSequence (324)
[2018.01.27-02.02.13:580][338]LogModuleManager: Shutting down and abandoning module MediaPlayerEditor (322)
[2018.01.27-02.02.13:680][338]LogModuleManager: Shutting down and abandoning module MediaCompositingEditor (320)
[2018.01.27-02.02.13:685][338]LogModuleManager: Shutting down and abandoning module MediaCompositing (318)
[2018.01.27-02.02.13:685][338]LogModuleManager: Shutting down and abandoning module HTML5Networking (316)
[2018.01.27-02.02.13:685][338]LogModuleManager: Shutting down and abandoning module AlembicImporter (314)
[2018.01.27-02.02.13:697][338]LogModuleManager: Shutting down and abandoning module AlembicLibrary (313)
[2018.01.27-02.02.13:697][338]LogModuleManager: Shutting down and abandoning module GeometryCache (312)
[2018.01.27-02.02.13:724][338]LogModuleManager: Shutting down and abandoning module GeometryCacheEd (311)
[2018.01.27-02.02.13:724][338]LogModuleManager: Shutting down and abandoning module SpeedTreeImporter (306)
[2018.01.27-02.02.13:724][338]LogModuleManager: Shutting down and abandoning module PluginBrowser (304)
[2018.01.27-02.02.13:797][338]LogModuleManager: Shutting down and abandoning module MobileLauncherProfileWizard (302)
[2018.01.27-02.02.13:868][338]LogModuleManager: Shutting down and abandoning module VisualStudioSourceCodeAccess (300)
[2018.01.27-02.02.13:883][338]LogModuleManager: Shutting down and abandoning module VisualStudioCodeSourceCodeAccess (298)
[2018.01.27-02.02.13:884][338]LogModuleManager: Shutting down and abandoning module UObjectPlugin (296)
[2018.01.27-02.02.13:885][338]LogModuleManager: Shutting down and abandoning module SubversionSourceControl (294)
[2018.01.27-02.02.13:922][338]LogModuleManager: Shutting down and abandoning module PerforceSourceControl (292)
[2018.01.27-02.02.14:008][338]LogModuleManager: Shutting down and abandoning module GitSourceControl (290)
[2018.01.27-02.02.14:008][338]LogModuleManager: Shutting down and abandoning module SourceControl (289)
[2018.01.27-02.02.14:061][338]LogModuleManager: Shutting down and abandoning module LightPropagationVolumeEditor (286)
[2018.01.27-02.02.14:061][338]LogModuleManager: Shutting down and abandoning module PaperTiledImporter (284)
[2018.01.27-02.02.14:061][338]LogModuleManager: Shutting down and abandoning module PaperSpriteSheetImporter (282)
[2018.01.27-02.02.14:061][338]LogModuleManager: Shutting down and abandoning module Paper2DEditor (280)
[2018.01.27-02.02.14:107][338]LogModuleManager: Shutting down and abandoning module MeshPaint (279)
[2018.01.27-02.02.14:142][338]LogModuleManager: Shutting down and abandoning module LevelEditor (277)
[2018.01.27-02.02.14:393][338]LogModuleManager: Shutting down and abandoning module PixelInspectorModule (276)
[2018.01.27-02.02.14:434][338]LogModuleManager: Shutting down and abandoning module MainFrame (274)
[2018.01.27-02.02.14:434][338]LogModuleManager: Shutting down and abandoning module HotReload (273)
[2018.01.27-02.02.14:522][338]LogModuleManager: Shutting down and abandoning module RuntimePhysXCooking (268)
[2018.01.27-02.02.14:553][338]LogModuleManager: Shutting down and abandoning module PhysXVehiclesEditor (266)
[2018.01.27-02.02.14:616][338]LogModuleManager: Shutting down and abandoning module PhysXVehicles (264)
[2018.01.27-02.02.14:616][338]LogModuleManager: Shutting down and abandoning module OculusEditor (262)
[2018.01.27-02.02.14:619][338]LogModuleManager: Shutting down and abandoning module LocationServicesBPLibrary (260)
[2018.01.27-02.02.14:620][338]LogModuleManager: Shutting down and abandoning module ImmediatePhysicsEditor (258)
[2018.01.27-02.02.14:620][338]LogModuleManager: Shutting down and abandoning module ImmediatePhysics (256)
[2018.01.27-02.02.14:620][338]LogModuleManager: Shutting down and abandoning module UdpMessaging (254)
[2018.01.27-02.02.14:720][338]LogModuleManager: Shutting down and abandoning module TcpMessaging (252)
[2018.01.27-02.02.14:908][338]LogModuleManager: Shutting down and abandoning module GameplayTagsEditor (250)
[2018.01.27-02.02.15:005][338]LogModuleManager: Shutting down and abandoning module FacialAnimationEditor (248)
[2018.01.27-02.02.15:063][338]LogModuleManager: Shutting down and abandoning module FacialAnimation (246)
[2018.01.27-02.02.15:063][338]LogModuleManager: Shutting down and abandoning module AssetManagerEditor (244)
[2018.01.27-02.02.15:127][338]LogModuleManager: Shutting down and abandoning module GraphEditor (243)
[2018.01.27-02.02.15:147][338]LogModuleManager: Shutting down and abandoning module ContentBrowser (241)
[2018.01.27-02.02.15:311][338]LogModuleManager: Shutting down and abandoning module LightPropagationVolumeRuntime (238)
[2018.01.27-02.02.15:312][338]LogModuleManager: Shutting down and abandoning module Paper2D (236)
[2018.01.27-02.02.15:312][338]LogModuleManager: Shutting down and abandoning module WindowsMoviePlayer (234)
[2018.01.27-02.02.15:433][338]LogModuleManager: Shutting down and abandoning module WmfMedia (232)
[2018.01.27-02.02.15:581][338]LogModuleManager: Shutting down and abandoning module ImgMedia (230)
[2018.01.27-02.02.15:581][338]LogModuleManager: Shutting down and abandoning module PacketHandler (228)
[2018.01.27-02.02.15:620][338]LogModuleManager: Shutting down and abandoning module ClothingSystemEditor (226)
[2018.01.27-02.02.15:645][338]LogModuleManager: Shutting down and abandoning module ClothingSystemRuntime (224)
[2018.01.27-02.02.15:752][338]LogModuleManager: Shutting down and abandoning module MediaAssets (222)
[2018.01.27-02.02.15:752][338]LogModuleManager: Shutting down and abandoning module Media (221)
[2018.01.27-02.02.15:782][338]LogModuleManager: Shutting down and abandoning module Overlay (218)
[2018.01.27-02.02.15:782][338]LogModuleManager: Shutting down and abandoning module OverlayEditor (217)
[2018.01.27-02.02.15:782][338]LogModuleManager: Shutting down and abandoning module VREditor (214)
[2018.01.27-02.02.15:809][338]LogModuleManager: Shutting down and abandoning module StringTableEditor (212)
[2018.01.27-02.02.15:882][338]LogModuleManager: Shutting down and abandoning module GameplayTasksEditor (210)
[2018.01.27-02.02.15:882][338]LogModuleManager: Shutting down and abandoning module BehaviorTreeEditor (208)
[2018.01.27-02.02.16:014][338]LogModuleManager: Shutting down and abandoning module FunctionalTesting (206)
[2018.01.27-02.02.16:036][338]LogModuleManager: Shutting down and abandoning module CollisionAnalyzer (204)
[2018.01.27-02.02.16:119][338]LogModuleManager: Shutting down and abandoning module WorkspaceMenuStructure (203)
[2018.01.27-02.02.16:328][338]LogModuleManager: Shutting down and abandoning module UMG (200)
[2018.01.27-02.02.16:408][338]LogModuleManager: Shutting down and abandoning module UMGEditor (199)
[2018.01.27-02.02.16:696][338]LogModuleManager: Shutting down and abandoning module Sequencer (198)
[2018.01.27-02.02.17:048][338]LogModuleManager: Shutting down and abandoning module MessageLog (195)
[2018.01.27-02.02.17:048][338]LogModuleManager: Shutting down and abandoning module SlateReflector (190)
[2018.01.27-02.02.17:530][338]LogModuleManager: Shutting down and abandoning module Slate (188)
[2018.01.27-02.02.17:530][338]LogModuleManager: Shutting down and abandoning module EditorStyle (186)
[2018.01.27-02.02.18:107][338]LogModuleManager: Shutting down and abandoning module MRMesh (184)
[2018.01.27-02.02.18:107][338]LogModuleManager: Shutting down and abandoning module SourceCodeAccess (182)
[2018.01.27-02.02.18:107][338]LogModuleManager: Shutting down and abandoning module HeadMountedDisplay (180)
[2018.01.27-02.02.18:107][338]LogModuleManager: Shutting down and abandoning module XAudio2 (178)
[2018.01.27-02.02.18:107][338]LogModuleManager: Shutting down and abandoning module Networking (176)
[2018.01.27-02.02.18:107][338]LogModuleManager: Shutting down and abandoning module Core (172)
[2018.01.27-02.02.18:107][338]LogModuleManager: Shutting down and abandoning module LevelSequence (168)
[2018.01.27-02.02.18:186][338]LogModuleManager: Shutting down and abandoning module DirectoryWatcher (166)
[2018.01.27-02.02.18:801][338]LogModuleManager: Shutting down and abandoning module KismetCompiler (164)
[2018.01.27-02.02.18:801][338]LogModuleManager: Shutting down and abandoning module MeshUtilities (162)
[2018.01.27-02.02.19:018][338]LogModuleManager: Shutting down and abandoning module MeshMergeUtilities (161)
[2018.01.27-02.02.19:106][338]LogModuleManager: Shutting down and abandoning module MeshReductionInterface (160)
[2018.01.27-02.02.19:106][338]LogModuleManager: Shutting down and abandoning module SimplygonSwarm (159)
[2018.01.27-02.02.19:185][338]LogModuleManager: Shutting down and abandoning module SimplygonMeshReduction (157)
[2018.01.27-02.02.19:185][338]LogModuleManager: Shutting down and abandoning module QuadricMeshReduction (155)
[2018.01.27-02.02.19:212][338]LogModuleManager: Shutting down and abandoning module MaterialBaking (151)
[2018.01.27-02.02.19:249][338]LogModuleManager: Shutting down and abandoning module DerivedDataCache (148)
[2018.01.27-02.02.19:389][338]LogDerivedDataCache: Shutdown
[2018.01.27-02.02.19:389][338]LogModuleManager: Shutting down and abandoning module TargetPlatform (146)
[2018.01.27-02.02.19:389][338]LogModuleManager: Shutting down and abandoning module VulkanShaderFormat (145)
[2018.01.27-02.02.19:432][338]LogModuleManager: Shutting down and abandoning module ShaderFormatVectorVM (143)
[2018.01.27-02.02.19:489][338]LogModuleManager: Shutting down and abandoning module ShaderFormatOpenGL (141)
[2018.01.27-02.02.19:560][338]LogModuleManager: Shutting down and abandoning module ShaderFormatD3D (139)
[2018.01.27-02.02.19:599][338]LogModuleManager: Shutting down and abandoning module MetalShaderFormat (137)
[2018.01.27-02.02.19:620][338]LogModuleManager: Shutting down and abandoning module TextureFormatUncompressed (135)
[2018.01.27-02.02.19:641][338]LogModuleManager: Shutting down and abandoning module TextureFormatPVR (133)
[2018.01.27-02.02.19:664][338]LogModuleManager: Shutting down and abandoning module TextureFormatDXT (131)
[2018.01.27-02.02.19:688][338]LogModuleManager: Shutting down and abandoning module TextureFormatIntelISPCTexComp (129)
[2018.01.27-02.02.19:704][338]LogModuleManager: Shutting down and abandoning module TextureFormatASTC (127)
[2018.01.27-02.02.19:704][338]LogModuleManager: Shutting down and abandoning module ImageWrapper (126)
[2018.01.27-02.02.19:704][338]LogModuleManager: Shutting down and abandoning module TextureFormatAndroid (123)
[2018.01.27-02.02.19:704][338]LogModuleManager: Shutting down and abandoning module AudioFormatOpus (121)
[2018.01.27-02.02.19:735][338]LogModuleManager: Shutting down and abandoning module AudioFormatOgg (119)
[2018.01.27-02.02.19:750][338]LogModuleManager: Shutting down and abandoning module AudioFormatADPCM (117)
[2018.01.27-02.02.19:768][338]LogModuleManager: Shutting down and abandoning module LinuxTargetPlatform (115)
[2018.01.27-02.02.19:791][338]LogModuleManager: Shutting down and abandoning module LinuxServerTargetPlatform (113)
[2018.01.27-02.02.19:827][338]LogModuleManager: Shutting down and abandoning module LinuxNoEditorTargetPlatform (111)
[2018.01.27-02.02.19:849][338]LogModuleManager: Shutting down and abandoning module LinuxClientTargetPlatform (109)
[2018.01.27-02.02.19:876][338]LogModuleManager: Shutting down and abandoning module TVOSTargetPlatform (107)
[2018.01.27-02.02.19:884][338]LogModuleManager: Shutting down and abandoning module Messaging (105)
[2018.01.27-02.02.19:911][338]LogModuleManager: Shutting down and abandoning module IOSTargetPlatform (103)
[2018.01.27-02.02.19:911][338]LogModuleManager: Shutting down and abandoning module HTML5TargetPlatform (101)
[2018.01.27-02.02.19:930][338]LogModuleManager: Shutting down and abandoning module AndroidTargetPlatform (99)
[2018.01.27-02.02.19:930][338]LogModuleManager: Shutting down and abandoning module Android_PVRTCTargetPlatform (97)
[2018.01.27-02.02.19:954][338]LogModuleManager: Shutting down and abandoning module Android_MultiTargetPlatform (95)
[2018.01.27-02.02.19:954][338]LogModuleManager: Shutting down and abandoning module Android_ETC2TargetPlatform (93)
[2018.01.27-02.02.19:954][338]LogModuleManager: Shutting down and abandoning module Android_ETC1TargetPlatform (91)
[2018.01.27-02.02.19:954][338]LogModuleManager: Shutting down and abandoning module Android_DXTTargetPlatform (89)
[2018.01.27-02.02.19:954][338]LogModuleManager: Shutting down and abandoning module Android_ATCTargetPlatform (87)
[2018.01.27-02.02.19:954][338]LogModuleManager: Shutting down and abandoning module Android_ASTCTargetPlatform (85)
[2018.01.27-02.02.19:954][338]LogModuleManager: Shutting down and abandoning module WindowsTargetPlatform (83)
[2018.01.27-02.02.19:966][338]LogModuleManager: Shutting down and abandoning module WindowsServerTargetPlatform (81)
[2018.01.27-02.02.20:019][338]LogModuleManager: Shutting down and abandoning module WindowsNoEditorTargetPlatform (79)
[2018.01.27-02.02.20:064][338]LogModuleManager: Shutting down and abandoning module WindowsClientTargetPlatform (77)
[2018.01.27-02.02.20:108][338]LogModuleManager: Shutting down and abandoning module MacTargetPlatform (75)
[2018.01.27-02.02.20:127][338]LogModuleManager: Shutting down and abandoning module MacServerTargetPlatform (73)
[2018.01.27-02.02.20:190][338]LogModuleManager: Shutting down and abandoning module MacNoEditorTargetPlatform (71)
[2018.01.27-02.02.20:234][338]LogModuleManager: Shutting down and abandoning module MacClientTargetPlatform (69)
[2018.01.27-02.02.20:262][338]LogModuleManager: Shutting down and abandoning module AllDesktopTargetPlatform (67)
[2018.01.27-02.02.20:262][338]LogModuleManager: Shutting down and abandoning module InputCore (64)
[2018.01.27-02.02.20:262][338]LogModuleManager: Shutting down and abandoning module Settings (62)
[2018.01.27-02.02.20:283][338]LogModuleManager: Shutting down and abandoning module PhysXCooking (60)
[2018.01.27-02.02.20:283][338]LogModuleManager: Shutting down and abandoning module SteamVR (58)
[2018.01.27-02.02.20:283][338]LogModuleManager: Shutting down and abandoning module OculusHMD (56)
[2018.01.27-02.02.20:301][338]LogModuleManager: Shutting down and abandoning module ExampleDeviceProfileSelector (54)
[2018.01.27-02.02.20:312][338]LogModuleManager: Shutting down and abandoning module AppleARKit (52)
[2018.01.27-02.02.20:312][338]LogModuleManager: Shutting down and abandoning module AugmentedReality (51)
[2018.01.27-02.02.20:312][338]LogModuleManager: Shutting down and abandoning module OnlineBlueprintSupport (48)
[2018.01.27-02.02.20:312][338]LogModuleManager: Shutting down and abandoning module OnlineSubsystem (44)
[2018.01.27-02.02.20:404][338]LogModuleManager: Shutting down and abandoning module XMPP (43)
[2018.01.27-02.02.20:506][338]LogModuleManager: Shutting down and abandoning module HTTP (41)
[2018.01.27-02.02.20:506][338]LogHttp: Display: Http module shutting down, but needs to wait on 1 outstanding Http requests:
[2018.01.27-02.02.20:543][338]LogHttp: Display: 	verb=[POST] url=[https://datarouter.ol.epicgames.com/datarouter/api/v1/public/data?SessionID=%7B9BB1B7E1-4E4D-4820-63D9-578C9782ACCC%7D&AppID=UEEditor.Rocket.Release&AppVersion=4.18.3-3832480%2B%2B%2BUE4%2BRelease-4.18&UserID=67e194c14ae77aa53995efa001c2511e%7Ce179217e7f624d4f8c8e8092f7c4b82f%7C7fb22b14-98b9-40bc-b572-1a31849a26d9&AppEnvironment=datacollector-binary&UploadType=eteventstream] status=Processing
[2018.01.27-02.02.20:543][338]LogHttp: Warning: 000000003F7A9000: request failed, libcurl error: 6 (Couldn't resolve host name)
[2018.01.27-02.02.20:543][338]LogHttp: Warning: 000000003F7A9000: libcurl info message cache 0 (Could not resolve host: datarouter.ol.epicgames.com)
[2018.01.27-02.02.20:543][338]LogHttp: Warning: 000000003F7A9000: libcurl info message cache 1 (Closing connection 11)
[2018.01.27-02.02.20:813][338]LogModuleManager: Shutting down and abandoning module SSL (40)
[2018.01.27-02.02.21:003][338]LogModuleManager: Shutting down and abandoning module AnimationModifiers (36)
[2018.01.27-02.02.21:141][338]LogModuleManager: Shutting down and abandoning module PropertyEditor (35)
[2018.01.27-02.02.21:215][338]LogModuleManager: Shutting down and abandoning module AudioEditor (32)
[2018.01.27-02.02.21:262][338]LogModuleManager: Shutting down and abandoning module TextureCompressor (30)
[2018.01.27-02.02.21:586][338]LogModuleManager: Shutting down and abandoning module ShaderCore (28)
[2018.01.27-02.02.21:586][338]LogModuleManager: Shutting down and abandoning module Landscape (26)
[2018.01.27-02.02.21:586][338]LogModuleManager: Shutting down and abandoning module SlateRHIRenderer (24)
[2018.01.27-02.02.21:876][338]LogModuleManager: Shutting down and abandoning module OpenGLDrv (22)
[2018.01.27-02.02.21:972][338]LogModuleManager: Shutting down and abandoning module D3D11RHI (20)
[2018.01.27-02.02.21:972][338]LogModuleManager: Shutting down and abandoning module AnimGraphRuntime (18)
[2018.01.27-02.02.22:061][338]LogModuleManager: Shutting down and abandoning module Renderer (16)
[2018.01.27-02.02.22:061][338]LogModuleManager: Shutting down and abandoning module Engine (14)
[2018.01.27-02.02.22:061][338]LogModuleManager: Shutting down and abandoning module CoreUObject (12)
[2018.01.27-02.02.22:061][338]LogModuleManager: Shutting down and abandoning module NetworkFile (10)
[2018.01.27-02.02.22:061][338]LogModuleManager: Shutting down and abandoning module CookedIterativeFile (8)
[2018.01.27-02.02.22:061][338]LogModuleManager: Shutting down and abandoning module StreamingFile (6)
[2018.01.27-02.02.22:061][338]LogModuleManager: Shutting down and abandoning module SandboxFile (4)
[2018.01.27-02.02.22:061][338]LogModuleManager: Shutting down and abandoning module PakFile (2)
[2018.01.27-02.02.22:213][338]LogExit: Exiting.
[2018.01.27-02.02.24:316][338]Log file closed, 01/27/18 10:02:24
