Log file open, 01/27/18 08:13:50
LogWindows: Failed to load 'aqProf.dll' (GetLastError=126)
LogWindows: File 'aqProf.dll' does not exist
LogWindows: Failed to load 'VSPerf140.dll' (GetLastError=126)
LogWindows: File 'VSPerf140.dll' does not exist
LogWindows: Failed to load 'VtuneApi.dll' (GetLastError=126)
LogWindows: File 'VtuneApi.dll' does not exist
LogWindows: Failed to load 'VtuneApi32e.dll' (GetLastError=126)
LogWindows: File 'VtuneApi32e.dll' does not exist
LogInit: Display: Running engine for game: SecondTry
LogPlatformFile: Not using cached read wrapper
LogInit: Display: RandInit(-1185651898) SRandInit(-1185651898).
LogInit: Read version file with build ID '3709383'
LogInit: Overriding engine version to CL 3832480, compatible CL 3709383
LogInit: Registered custom module enumerator with build ID '3709383'
LogTaskGraph: Started task graph with 5 named threads and 8 total threads with 3 sets of task threads.
LogStats: Stats thread started at 0.175702
LogD3D11RHI: Aftermath initialized
LogModuleManager: Display: Found up-to-date module file ../../../Engine/Plugins/2D/Paper2D/Binaries/Win64/UE4Editor-Paper2D.dll (API version 3709383).
LogModuleManager: Display: Found up-to-date module file ../../../Engine/Plugins/2D/Paper2D/Binaries/Win64/UE4Editor-Paper2DEditor.dll (API version 3709383).
LogModuleManager: Display: Found up-to-date module file ../../../Engine/Plugins/2D/Paper2D/Binaries/Win64/UE4Editor-PaperSpriteSheetImporter.dll (API version 3709383).
LogModuleManager: Display: Found up-to-date module file ../../../Engine/Plugins/2D/Paper2D/Binaries/Win64/UE4Editor-PaperTiledImporter.dll (API version 3709383).
LogModuleManager: Display: Found up-to-date module file ../../../Engine/Plugins/2D/Paper2D/Binaries/Win64/UE4Editor-SmartSnapping.dll (API version 3709383).
LogModuleManager: Display: Found up-to-date module file ../../../Engine/Plugins/Blendables/LightPropagationVolume/Binaries/Win64/UE4Editor-LightPropagationVolumeRuntime.dll (API version 3709383).
LogModuleManager: Display: Found up-to-date module file ../../../Engine/Plugins/Blendables/LightPropagationVolume/Binaries/Win64/UE4Editor-LightPropagationVolumeEditor.dll (API version 3709383).
LogModuleManager: Display: Found up-to-date module file ../../../Engine/Plugins/Developer/GitSourceControl/Binaries/Win64/UE4Editor-GitSourceControl.dll (API version 3709383).
LogModuleManager: Display: Found up-to-date module file ../../../Engine/Plugins/Developer/PerforceSourceControl/Binaries/Win64/UE4Editor-PerforceSourceControl.dll (API version 3709383).
LogModuleManager: Display: Found up-to-date module file ../../../Engine/Plugins/Developer/SubversionSourceControl/Binaries/Win64/UE4Editor-SubversionSourceControl.dll (API version 3709383).
LogModuleManager: Display: Found up-to-date module file ../../../Engine/Plugins/Developer/UObjectPlugin/Binaries/Win64/UE4Editor-UObjectPlugin.dll (API version 3709383).
LogModuleManager: Display: Found up-to-date module file ../../../Engine/Plugins/Developer/VisualStudioCodeSourceCodeAccess/Binaries/Win64/UE4Editor-VisualStudioCodeSourceCodeAccess.dll (API version 3709383).
LogModuleManager: Display: Found up-to-date module file ../../../Engine/Plugins/Developer/VisualStudioSourceCodeAccess/Binaries/Win64/UE4Editor-VisualStudioSourceCodeAccess.dll (API version 3709383).
LogModuleManager: Display: Found up-to-date module file ../../../Engine/Plugins/Editor/AssetManagerEditor/Binaries/Win64/UE4Editor-AssetManagerEditor.dll (API version 3709383).
LogModuleManager: Display: Found up-to-date module file ../../../Engine/Plugins/Editor/AudioCapture/Binaries/Win64/UE4Editor-AudioCapture.dll (API version 3709383).
LogModuleManager: Display: Found up-to-date module file ../../../Engine/Plugins/Editor/FacialAnimation/Binaries/Win64/UE4Editor-FacialAnimation.dll (API version 3709383).
LogModuleManager: Display: Found up-to-date module file ../../../Engine/Plugins/Editor/FacialAnimation/Binaries/Win64/UE4Editor-FacialAnimationEditor.dll (API version 3709383).
LogModuleManager: Display: Found up-to-date module file ../../../Engine/Plugins/Editor/GameplayTagsEditor/Binaries/Win64/UE4Editor-GameplayTagsEditor.dll (API version 3709383).
LogModuleManager: Display: Found up-to-date module file ../../../Engine/Plugins/Editor/MobileLauncherProfileWizard/Binaries/Win64/UE4Editor-MobileLauncherProfileWizard.dll (API version 3709383).
LogModuleManager: Display: Found up-to-date module file ../../../Engine/Plugins/Editor/PluginBrowser/Binaries/Win64/UE4Editor-PluginBrowser.dll (API version 3709383).
LogModuleManager: Display: Found up-to-date module file ../../../Engine/Plugins/Editor/SpeedTreeImporter/Binaries/Win64/UE4Editor-SpeedTreeImporter.dll (API version 3709383).
LogModuleManager: Display: Found up-to-date module file ../../../Engine/Plugins/Experimental/AlembicImporter/Binaries/Win64/UE4Editor-AlembicImporter.dll (API version 3709383).
LogModuleManager: Display: Found up-to-date module file ../../../Engine/Plugins/Experimental/AlembicImporter/Binaries/Win64/UE4Editor-AlembicLibrary.dll (API version 3709383).
LogModuleManager: Display: Found up-to-date module file ../../../Engine/Plugins/Experimental/CharacterAI/Binaries/Win64/UE4Editor-CharacterAI.dll (API version 3709383).
LogModuleManager: Display: Found up-to-date module file ../../../Engine/Plugins/Experimental/HTML5Networking/Binaries/Win64/UE4Editor-HTML5Networking.dll (API version 3709383).
LogModuleManager: Display: Found up-to-date module file ../../../Engine/Plugins/Media/AndroidMedia/Binaries/Win64/UE4Editor-AndroidMediaEditor.dll (API version 3709383).
LogModuleManager: Display: Found up-to-date module file ../../../Engine/Plugins/Media/AndroidMedia/Binaries/Win64/UE4Editor-AndroidMediaFactory.dll (API version 3709383).
LogModuleManager: Display: Found up-to-date module file ../../../Engine/Plugins/Media/AvfMedia/Binaries/Win64/UE4Editor-AvfMediaEditor.dll (API version 3709383).
LogModuleManager: Display: Found up-to-date module file ../../../Engine/Plugins/Media/AvfMedia/Binaries/Win64/UE4Editor-AvfMediaFactory.dll (API version 3709383).
LogModuleManager: Display: Found up-to-date module file ../../../Engine/Plugins/Media/AvfMedia/Binaries/Win64/UE4Editor-AvfMediaFactory.dll (API version 3709383).
LogModuleManager: Display: Found up-to-date module file ../../../Engine/Plugins/Media/ImgMedia/Binaries/Win64/UE4Editor-ImgMedia.dll (API version 3709383).
LogModuleManager: Display: Found up-to-date module file ../../../Engine/Plugins/Media/ImgMedia/Binaries/Win64/UE4Editor-ImgMediaEditor.dll (API version 3709383).
LogModuleManager: Display: Found up-to-date module file ../../../Engine/Plugins/Media/ImgMedia/Binaries/Win64/UE4Editor-ImgMediaFactory.dll (API version 3709383).
LogModuleManager: Display: Found up-to-date module file ../../../Engine/Plugins/Media/ImgMedia/Binaries/Win64/UE4Editor-ImgMediaFactory.dll (API version 3709383).
LogModuleManager: Display: Found up-to-date module file ../../../Engine/Plugins/Media/ImgMedia/Binaries/Win64/UE4Editor-OpenExrWrapper.dll (API version 3709383).
LogModuleManager: Display: Found up-to-date module file ../../../Engine/Plugins/Media/MediaCompositing/Binaries/Win64/UE4Editor-MediaCompositing.dll (API version 3709383).
LogModuleManager: Display: Found up-to-date module file ../../../Engine/Plugins/Media/MediaCompositing/Binaries/Win64/UE4Editor-MediaCompositingEditor.dll (API version 3709383).
LogModuleManager: Display: Found up-to-date module file ../../../Engine/Plugins/Media/MediaPlayerEditor/Binaries/Win64/UE4Editor-MediaPlayerEditor.dll (API version 3709383).
LogModuleManager: Display: Found up-to-date module file ../../../Engine/Plugins/Media/WmfMedia/Binaries/Win64/UE4Editor-WmfMedia.dll (API version 3709383).
LogModuleManager: Display: Found up-to-date module file ../../../Engine/Plugins/Media/WmfMedia/Binaries/Win64/UE4Editor-WmfMediaEditor.dll (API version 3709383).
LogModuleManager: Display: Found up-to-date module file ../../../Engine/Plugins/Media/WmfMedia/Binaries/Win64/UE4Editor-WmfMediaFactory.dll (API version 3709383).
LogModuleManager: Display: Found up-to-date module file ../../../Engine/Plugins/Media/WmfMedia/Binaries/Win64/UE4Editor-WmfMediaFactory.dll (API version 3709383).
LogModuleManager: Display: Found up-to-date module file ../../../Engine/Plugins/Messaging/TcpMessaging/Binaries/Win64/UE4Editor-TcpMessaging.dll (API version 3709383).
LogModuleManager: Display: Found up-to-date module file ../../../Engine/Plugins/Messaging/UdpMessaging/Binaries/Win64/UE4Editor-UdpMessaging.dll (API version 3709383).
LogModuleManager: Display: Found up-to-date module file ../../../Engine/Plugins/MovieScene/ActorSequence/Binaries/Win64/UE4Editor-ActorSequence.dll (API version 3709383).
LogModuleManager: Display: Found up-to-date module file ../../../Engine/Plugins/MovieScene/LevelSequenceEditor/Binaries/Win64/UE4Editor-LevelSequenceEditor.dll (API version 3709383).
LogModuleManager: Display: Found up-to-date module file ../../../Engine/Plugins/MovieScene/MatineeToLevelSequence/Binaries/Win64/UE4Editor-MatineeToLevelSequence.dll (API version 3709383).
LogModuleManager: Display: Found up-to-date module file ../../../Engine/Plugins/Online/OnlineSubsystem/Binaries/Win64/UE4Editor-OnlineSubsystem.dll (API version 3709383).
LogModuleManager: Display: Found up-to-date module file ../../../Engine/Plugins/Runtime/AndroidPermission/Binaries/Win64/UE4Editor-AndroidPermission.dll (API version 3709383).
LogModuleManager: Display: Found up-to-date module file ../../../Engine/Plugins/Online/OnlineSubsystemNull/Binaries/Win64/UE4Editor-OnlineSubsystemNull.dll (API version 3709383).
LogModuleManager: Display: Found up-to-date module file ../../../Engine/Plugins/Online/OnlineSubsystemUtils/Binaries/Win64/UE4Editor-OnlineSubsystemUtils.dll (API version 3709383).
LogModuleManager: Display: Found up-to-date module file ../../../Engine/Plugins/Online/OnlineSubsystemUtils/Binaries/Win64/UE4Editor-OnlineBlueprintSupport.dll (API version 3709383).
LogModuleManager: Display: Found up-to-date module file ../../../Engine/Plugins/Runtime/AndroidDeviceProfileSelector/Binaries/Win64/UE4Editor-AndroidDeviceProfileSelector.dll (API version 3709383).
LogModuleManager: Display: Found up-to-date module file ../../../Engine/Plugins/Runtime/AppleARKit/Binaries/Win64/UE4Editor-AppleARKit.dll (API version 3709383).
LogModuleManager: Display: Found up-to-date module file ../../../Engine/Plugins/Runtime/ArchVisCharacter/Binaries/Win64/UE4Editor-ArchVisCharacter.dll (API version 3709383).
LogModuleManager: Display: Found up-to-date module file ../../../Engine/Plugins/Runtime/CableComponent/Binaries/Win64/UE4Editor-CableComponent.dll (API version 3709383).
LogModuleManager: Display: Found up-to-date module file ../../../Engine/Plugins/Runtime/CustomMeshComponent/Binaries/Win64/UE4Editor-CustomMeshComponent.dll (API version 3709383).
LogModuleManager: Display: Found up-to-date module file ../../../Engine/Plugins/Runtime/ExampleDeviceProfileSelector/Binaries/Win64/UE4Editor-ExampleDeviceProfileSelector.dll (API version 3709383).
LogModuleManager: Display: Found up-to-date module file ../../../Engine/Plugins/Runtime/ImmediatePhysics/Binaries/Win64/UE4Editor-ImmediatePhysics.dll (API version 3709383).
LogModuleManager: Display: Found up-to-date module file ../../../Engine/Plugins/Runtime/ImmediatePhysics/Binaries/Win64/UE4Editor-ImmediatePhysicsEditor.dll (API version 3709383).
LogModuleManager: Display: Found up-to-date module file ../../../Engine/Plugins/Runtime/LocationServicesBPLibrary/Binaries/Win64/UE4Editor-LocationServicesBPLibrary.dll (API version 3709383).
LogModuleManager: Display: Found up-to-date module file ../../../Engine/Plugins/Runtime/MobilePatchingUtils/Binaries/Win64/UE4Editor-MobilePatchingUtils.dll (API version 3709383).
LogModuleManager: Display: Found up-to-date module file ../../../Engine/Plugins/Runtime/Oculus/OculusVR/Binaries/Win64/UE4Editor-OculusHMD.dll (API version 3709383).
LogModuleManager: Display: Found up-to-date module file ../../../Engine/Plugins/Runtime/Oculus/OculusVR/Binaries/Win64/UE4Editor-OculusInput.dll (API version 3709383).
LogModuleManager: Display: Found up-to-date module file ../../../Engine/Plugins/Runtime/Oculus/OculusVR/Binaries/Win64/UE4Editor-OculusEditor.dll (API version 3709383).
LogModuleManager: Display: Found up-to-date module file ../../../Engine/Plugins/Runtime/PhysXVehicles/Binaries/Win64/UE4Editor-PhysXVehicles.dll (API version 3709383).
LogModuleManager: Display: Found up-to-date module file ../../../Engine/Plugins/Runtime/PhysXVehicles/Binaries/Win64/UE4Editor-PhysXVehiclesEditor.dll (API version 3709383).
LogModuleManager: Display: Found up-to-date module file ../../../Engine/Plugins/Runtime/ProceduralMeshComponent/Binaries/Win64/UE4Editor-ProceduralMeshComponent.dll (API version 3709383).
LogModuleManager: Display: Found up-to-date module file ../../../Engine/Plugins/Runtime/ProceduralMeshComponent/Binaries/Win64/UE4Editor-ProceduralMeshComponentEditor.dll (API version 3709383).
LogModuleManager: Display: Found up-to-date module file ../../../Engine/Plugins/Runtime/RuntimePhysXCooking/Binaries/Win64/UE4Editor-RuntimePhysXCooking.dll (API version 3709383).
LogModuleManager: Display: Found up-to-date module file ../../../Engine/Plugins/Runtime/Steam/SteamVR/Binaries/Win64/UE4Editor-SteamVR.dll (API version 3709383).
LogModuleManager: Display: Found up-to-date module file ../../../Engine/Plugins/Runtime/Steam/SteamVR/Binaries/Win64/UE4Editor-SteamVRController.dll (API version 3709383).
LogModuleManager: Display: Found up-to-date module file ../../../Engine/Plugins/Runtime/WindowsMoviePlayer/Binaries/Win64/UE4Editor-WindowsMoviePlayer.dll (API version 3709383).
LogPluginManager: Mounting plugin Paper2D
LogPluginManager: Mounting plugin LightPropagationVolume
LogPluginManager: Mounting plugin CodeLiteSourceCodeAccess
LogPluginManager: Mounting plugin GitSourceControl
LogPluginManager: Mounting plugin KDevelopSourceCodeAccess
LogPluginManager: Mounting plugin NullSourceCodeAccess
LogPluginManager: Mounting plugin PerforceSourceControl
LogPluginManager: Mounting plugin SubversionSourceControl
LogPluginManager: Mounting plugin UObjectPlugin
LogPluginManager: Mounting plugin VisualStudioCodeSourceCodeAccess
LogPluginManager: Mounting plugin VisualStudioSourceCodeAccess
LogPluginManager: Mounting plugin XCodeSourceCodeAccess
LogPluginManager: Mounting plugin AssetManagerEditor
LogPluginManager: Mounting plugin AudioCapture
LogPluginManager: Mounting plugin FacialAnimation
LogPluginManager: Mounting plugin GameplayTagsEditor
LogPluginManager: Mounting plugin MobileLauncherProfileWizard
LogPluginManager: Mounting plugin PluginBrowser
LogPluginManager: Mounting plugin SpeedTreeImporter
LogPluginManager: Mounting plugin AlembicImporter
LogPluginManager: Mounting plugin CharacterAI
LogPluginManager: Mounting plugin HTML5Networking
LogPluginManager: Mounting plugin AndroidMedia
LogPluginManager: Mounting plugin AvfMedia
LogPluginManager: Mounting plugin ImgMedia
LogPluginManager: Mounting plugin MediaCompositing
LogPluginManager: Mounting plugin MediaPlayerEditor
LogPluginManager: Mounting plugin WmfMedia
LogPluginManager: Mounting plugin TcpMessaging
LogPluginManager: Mounting plugin UdpMessaging
LogPluginManager: Mounting plugin ActorSequence
LogPluginManager: Mounting plugin LevelSequenceEditor
LogPluginManager: Mounting plugin MatineeToLevelSequence
LogPluginManager: Mounting plugin OnlineSubsystemGooglePlay
LogPluginManager: Mounting plugin OnlineSubsystemIOS
LogPluginManager: Mounting plugin OnlineSubsystem
LogPluginManager: Mounting plugin OnlineSubsystemNull
LogPluginManager: Mounting plugin OnlineSubsystemUtils
LogPluginManager: Mounting plugin AndroidDeviceProfileSelector
LogPluginManager: Mounting plugin AndroidMoviePlayer
LogPluginManager: Mounting plugin AndroidPermission
LogPluginManager: Mounting plugin AppleARKit
LogPluginManager: Mounting plugin AppleMoviePlayer
LogPluginManager: Mounting plugin ArchVisCharacter
LogPluginManager: Mounting plugin CableComponent
LogPluginManager: Mounting plugin CustomMeshComponent
LogPluginManager: Mounting plugin ExampleDeviceProfileSelector
LogPluginManager: Mounting plugin GoogleCloudMessaging
LogPluginManager: Mounting plugin ImmediatePhysics
LogPluginManager: Mounting plugin IOSDeviceProfileSelector
LogPluginManager: Mounting plugin LinuxDeviceProfileSelector
LogPluginManager: Mounting plugin LocationServicesBPLibrary
LogPluginManager: Mounting plugin MobilePatchingUtils
LogPluginManager: Mounting plugin OculusVR
LogPluginManager: Plugin shader directory ../../../Engine/Plugins/Runtime/Oculus/OculusVR/Shaders found
LogPluginManager: Mapping shader source directory ../../../Engine/Plugins/Runtime/Oculus/OculusVR/Shaders to virtual directory /Plugin/OculusVR
LogPluginManager: Mounting plugin PhysXVehicles
LogPluginManager: Mounting plugin ProceduralMeshComponent
LogPluginManager: Mounting plugin RuntimePhysXCooking
LogPluginManager: Mounting plugin SteamVR
LogPluginManager: Mounting plugin WindowsMoviePlayer
LogInit: Using libcurl 7.47.1
LogInit:  - built for x86_64-pc-win32
LogInit:  - supports SSL with OpenSSL/1.0.2g
LogInit:  - supports HTTP deflate (compression) using libz 1.2.8
LogInit:  - other features:
LogInit:      CURL_VERSION_SSL
LogInit:      CURL_VERSION_LIBZ
LogInit:      CURL_VERSION_IPV6
LogInit:      CURL_VERSION_ASYNCHDNS
LogInit:      CURL_VERSION_LARGEFILE
LogInit:      CURL_VERSION_IDN
LogInit:  CurlRequestOptions (configurable via config and command line):
LogInit:  - bVerifyPeer = false  - Libcurl will NOT verify peer certificate
LogInit:  - bUseHttpProxy = false  - Libcurl will NOT use HTTP proxy
LogInit:  - bDontReuseConnections = false  - Libcurl will reuse connections
LogInit:  - CertBundlePath = nullptr  - Libcurl will use whatever was configured at build time.
LogInit: Build: ++UE4+Release-4.18-CL-3832480
LogInit: Engine Version: 4.18.3-3832480+++UE4+Release-4.18
LogInit: Compatible Engine Version: 4.18.0-3709383+++UE4+Release-4.18
LogInit: Net CL: 3709383
LogDevObjectVersion: Number of dev versions registered: 16
LogDevObjectVersion:   Dev-Blueprints (B0D832E4-1F89-4F0D-ACCF-7EB736FD4AA2): 10
LogDevObjectVersion:   Dev-Build (E1C64328-A22C-4D53-A36C-8E866417BD8C): 0
LogDevObjectVersion:   Dev-Core (375EC13C-06E4-48FB-B500-84F0262A717E): 2
LogDevObjectVersion:   Dev-Editor (E4B068ED-F494-42E9-A231-DA0B2E46BB41): 20
LogDevObjectVersion:   Dev-Framework (CFFC743F-43B0-4480-9391-14DF171D2073): 30
LogDevObjectVersion:   Dev-Mobile (B02B49B5-BB20-44E9-A304-32B752E40360): 0
LogDevObjectVersion:   Dev-Networking (A4E4105C-59A1-49B5-A7C5-40C4547EDFEE): 0
LogDevObjectVersion:   Dev-Online (39C831C9-5AE6-47DC-9A44-9C173E1C8E7C): 0
LogDevObjectVersion:   Dev-Physics (78F01B33-EBEA-4F98-B9B4-84EACCB95AA2): 0
LogDevObjectVersion:   Dev-Platform (6631380F-2D4D-43E0-8009-CF276956A95A): 0
LogDevObjectVersion:   Dev-Rendering (12F88B9F-8875-4AFC-A67C-D90C383ABD29): 20
LogDevObjectVersion:   Dev-Sequencer (7B5AE74C-D270-4C10-A958-57980B212A5A): 4
LogDevObjectVersion:   Dev-VR (D7296918-1DD6-4BDD-9DE2-64A83CC13884): 0
LogDevObjectVersion:   Dev-LoadTimes (C2A15278-BFE7-4AFE-6C17-90FF531DF755): 1
LogDevObjectVersion:   Private-Geometry (6EACA3D4-40EC-4CC1-B786-8BED09428FC5): 1
LogDevObjectVersion:   Dev-AnimPhys (29E575DD-E0A3-4627-9D10-D276232CDCEA): 12
LogInit: Compiled (64-bit): Jan 12 2018 02:04:55
LogInit: Compiled with Visual C++: 19.00.24215.01
LogInit: Build Configuration: Development
LogInit: Branch Name: ++UE4+Release-4.18
LogInit: Command line:  
LogInit: Base directory: C:/Program Files/Epic Games/UE_4.18/Engine/Binaries/Win64/
LogInit: Installed Engine Build: 1
LogInit: Presizing for max 8388607 objects, including 0 objects not considered by GC, pre-allocating 0 bytes for permanent pool.
LogInit: Object subsystem initialized
[2018.01.27-00.13.52:345][  0]LogInit: Selected Device Profile: [Windows]
[2018.01.27-00.13.52:345][  0]LogInit: Applying CVar settings loaded from the selected device profile: [Windows]
[2018.01.27-00.13.52:427][  0]LogInit: Computer: BAHAN-PC
[2018.01.27-00.13.52:427][  0]LogInit: User: Bahan
[2018.01.27-00.13.52:427][  0]LogInit: CPU Page size=4096, Cores=2
[2018.01.27-00.13.52:427][  0]LogInit: High frequency timer resolution =3.609501 MHz
[2018.01.27-00.13.52:427][  0]LogMemory: Memory total: Physical=3.9GB (4GB approx)
[2018.01.27-00.13.52:427][  0]LogMemory: Platform Memory Stats for Windows
[2018.01.27-00.13.52:427][  0]LogMemory: Process Physical Memory: 272.47 MB used, 272.47 MB peak
[2018.01.27-00.13.52:427][  0]LogMemory: Process Virtual Memory: 271.19 MB used, 271.19 MB peak
[2018.01.27-00.13.52:427][  0]LogMemory: Physical Memory: 2192.41 MB used,  1783.66 MB free, 3976.07 MB total
[2018.01.27-00.13.52:427][  0]LogMemory: Virtual Memory: 624.11 MB used,  1783.66 MB free, 8388608.00 MB total
[2018.01.27-00.13.52:557][  0]LogInit: Using OS detected language (en-US).
[2018.01.27-00.13.52:557][  0]LogInit: Using OS detected locale (en-US).
[2018.01.27-00.13.52:560][  0]LogTextLocalizationManager: No specific localization for 'en-US' exists, so the 'en' localization will be used.
[2018.01.27-00.13.52:973][  0]LogWindows: Failed to load 'shcore.dll' (GetLastError=126)
[2018.01.27-00.13.52:973][  0]LogWindows: File 'shcore.dll' does not exist
[2018.01.27-00.13.52:973][  0]LogInit: Setting process to DPI aware
[2018.01.27-00.13.52:975][  0]LogWindows: Failed to load 'shcore.dll' (GetLastError=126)
[2018.01.27-00.13.52:975][  0]LogWindows: File 'shcore.dll' does not exist
[2018.01.27-00.13.52:975][  0]LogInit: Setting process to DPI aware
[2018.01.27-00.13.53:222][  0]LogD3D11RHI: D3D11 adapters:
[2018.01.27-00.13.53:227][  0]LogD3D11RHI:    0. 'Intel(R) HD Graphics 530' (Feature Level 11_0)
[2018.01.27-00.13.53:227][  0]LogD3D11RHI:       192/0/1632 MB DedicatedVideo/DedicatedSystem/SharedSystem, Outputs:1, VendorId:0x8086
[2018.01.27-00.13.53:227][  0]LogD3D11RHI: Chosen D3D11 Adapter: 0
[2018.01.27-00.13.53:231][  0]LogD3D11RHI: Creating new Direct3DDevice
[2018.01.27-00.13.53:232][  0]LogD3D11RHI:     GPU DeviceId: 0x1912 (for the marketing name, search the web for "GPU Device Id")
[2018.01.27-00.13.53:232][  0]LogWindows: EnumDisplayDevices:
[2018.01.27-00.13.53:232][  0]LogWindows:    0. 'Intel(R) HD Graphics 530' (P:1 D:1)
[2018.01.27-00.13.53:232][  0]LogWindows:    1. 'Intel(R) HD Graphics 530' (P:0 D:0)
[2018.01.27-00.13.53:232][  0]LogWindows:    2. 'RDPDD Chained DD' (P:0 D:0)
[2018.01.27-00.13.53:232][  0]LogWindows:    3. 'RDP Encoder Mirror Driver' (P:0 D:0)
[2018.01.27-00.13.53:232][  0]LogWindows:    4. 'RDP Reflector Display Driver' (P:0 D:0)
[2018.01.27-00.13.53:232][  0]LogWindows: DebugString: GetVideoDriverDetailsInvalid PrimaryIsNotTheChoosenAdapter GetVideoDriverDetailsInvalid PrimaryIsNotTheChoosenAdapter GetVideoDriverDetailsInvalid PrimaryIsNotTheChoosenAdapter FoundDriverCount:2 
[2018.01.27-00.13.53:232][  0]LogD3D11RHI:     Adapter Name: Intel(R) HD Graphics 530
[2018.01.27-00.13.53:232][  0]LogD3D11RHI:   Driver Version: 20.19.15.4312 (internal:20.19.15.4312, unified:20.19.15.4312)
[2018.01.27-00.13.53:232][  0]LogD3D11RHI:      Driver Date: 10-28-2015
[2018.01.27-00.13.53:232][  0]LogRHI: Texture pool is 705 MB (70% of 1008 MB)
[2018.01.27-00.13.53:239][  0]LogD3D11RHI: Async texture creation enabled
[2018.01.27-00.13.53:243][  0]LogD3D11RHI: GPU Timing Frequency: 12.000000 (Debug: 2 0)
[2018.01.27-00.13.53:244][  0]LogShaderCompilers: Guid format shader working directory is -19 characters bigger than the processId version (../../../../../../Users/Bahan/Documents/Unreal Projects/SecondTry/Intermediate/Shaders/WorkingDirectory/6996/).
[2018.01.27-00.13.53:244][  0]LogShaderCompilers: Cleaned the shader compiler working directory 'C:/Users/Bahan/AppData/Local/Temp/UnrealShaderWorkingDir/B2B83CBE48097143AE29988CA1768D89/'.
[2018.01.27-00.13.53:244][  0]LogShaderCompilers: Display: Using Local Shader Compiler.
[2018.01.27-00.13.54:230][  0]LogTemp: Display: Loaded TP AllDesktopTargetPlatform
[2018.01.27-00.13.54:275][  0]LogTemp: Display: Loaded TP MacClientTargetPlatform
[2018.01.27-00.13.54:317][  0]LogTemp: Display: Loaded TP MacNoEditorTargetPlatform
[2018.01.27-00.13.54:360][  0]LogTemp: Display: Loaded TP MacServerTargetPlatform
[2018.01.27-00.13.54:425][  0]LogTemp: Display: Loaded TP MacTargetPlatform
[2018.01.27-00.13.54:466][  0]LogTemp: Display: Loaded TP WindowsClientTargetPlatform
[2018.01.27-00.13.54:509][  0]LogTemp: Display: Loaded TP WindowsNoEditorTargetPlatform
[2018.01.27-00.13.54:550][  0]LogTemp: Display: Loaded TP WindowsServerTargetPlatform
[2018.01.27-00.13.54:586][  0]LogTemp: Display: Loaded TP WindowsTargetPlatform
[2018.01.27-00.13.54:626][  0]LogTemp: Display: Loaded TP Android_ASTCTargetPlatform
[2018.01.27-00.13.54:665][  0]LogTemp: Display: Loaded TP Android_ATCTargetPlatform
[2018.01.27-00.13.54:710][  0]LogTemp: Display: Loaded TP Android_DXTTargetPlatform
[2018.01.27-00.13.54:751][  0]LogTemp: Display: Loaded TP Android_ETC1TargetPlatform
[2018.01.27-00.13.54:795][  0]LogTemp: Display: Loaded TP Android_ETC2TargetPlatform
[2018.01.27-00.13.54:883][  0]LogTemp: Display: Loaded TP Android_MultiTargetPlatform
[2018.01.27-00.13.54:884][  0]LogTemp: Display: Loaded TP Android_PVRTCTargetPlatform
[2018.01.27-00.13.54:932][  0]LogTemp: Display: Loaded TP AndroidTargetPlatform
[2018.01.27-00.13.54:963][  0]LogTemp: Display: Loaded TP HTML5TargetPlatform
[2018.01.27-00.13.55:047][  0]LogTemp: Display: Loaded TP IOSTargetPlatform
[2018.01.27-00.13.55:066][  0]LogTemp: Display: Loaded TP TVOSTargetPlatform
[2018.01.27-00.13.55:134][  0]LogTemp: Display: Loaded TP LinuxClientTargetPlatform
[2018.01.27-00.13.55:176][  0]LogTemp: Display: Loaded TP LinuxNoEditorTargetPlatform
[2018.01.27-00.13.55:215][  0]LogTemp: Display: Loaded TP LinuxServerTargetPlatform
[2018.01.27-00.13.55:266][  0]LogTemp: Display: Loaded TP LinuxTargetPlatform
[2018.01.27-00.13.55:266][  0]LogTargetPlatformManager: Display: Building Assets For Windows
[2018.01.27-00.13.55:664][  0]LogDerivedDataCache: Display: Max Cache Size: 512 MB
[2018.01.27-00.13.55:758][  0]LogDerivedDataCache: Loaded boot cache 0.09s 78MB C:/Users/Bahan/AppData/Local/UnrealEngine/4.18/DerivedDataCache/Boot.ddc.
[2018.01.27-00.13.55:758][  0]LogDerivedDataCache: Display: Loaded Boot cache: C:/Users/Bahan/AppData/Local/UnrealEngine/4.18/DerivedDataCache/Boot.ddc
[2018.01.27-00.13.55:758][  0]LogDerivedDataCache: FDerivedDataBackendGraph:  Pak pak cache file ../../../../../../Users/Bahan/Documents/Unreal Projects/SecondTry/DerivedDataCache/DDC.ddp not found, will not use a pak cache.
[2018.01.27-00.13.55:758][  0]LogDerivedDataCache: Unable to find inner node Pak for hierarchical cache Hierarchy.
[2018.01.27-00.13.55:758][  0]LogDerivedDataCache: FDerivedDataBackendGraph:  CompressedPak pak cache file ../../../../../../Users/Bahan/Documents/Unreal Projects/SecondTry/DerivedDataCache/Compressed.ddp not found, will not use a pak cache.
[2018.01.27-00.13.55:758][  0]LogDerivedDataCache: Unable to find inner node CompressedPak for hierarchical cache Hierarchy.
[2018.01.27-00.13.55:779][  0]LogDerivedDataCache: Display: Pak cache opened for reading ../../../Engine/DerivedDataCache/Compressed.ddp.
[2018.01.27-00.13.55:804][  0]LogDerivedDataCache: Using Local data cache path C:/Users/Bahan/AppData/Local/UnrealEngine/Common/DerivedDataCache: Writable
[2018.01.27-00.13.55:817][  0]LogMaterial: Verifying Global Shaders for PCD3D_SM5
[2018.01.27-00.13.55:818][  0]LogSlate: Using Freetype 2.6.0
[2018.01.27-00.13.55:818][  0]LogSlate: SlateFontCache - WITH_FREETYPE: 1, WITH_HARFBUZZ: 1
[2018.01.27-00.13.55:818][  0]LogSlate: SlateFontCache - WITH_FREETYPE: 1, WITH_HARFBUZZ: 1
[2018.01.27-00.13.56:185][  0]LogInit: Selected Device Profile: [Windows]
[2018.01.27-00.13.56:586][  0]LogSimplygon: Simplygon DLL not present - disabling.
[2018.01.27-00.13.56:618][  0]LogMeshReduction: Using SimplygonSwarm for distributed automatic mesh merging
[2018.01.27-00.13.56:618][  0]LogMeshReduction: Using QuadricMeshReduction for automatic static mesh reduction
[2018.01.27-00.13.56:618][  0]LogMeshReduction: No automatic skeletal mesh reduction module available
[2018.01.27-00.13.56:618][  0]LogMeshReduction: No automatic mesh merging module available
[2018.01.27-00.13.56:618][  0]LogMeshMerging: No automatic mesh merging module available
[2018.01.27-00.13.56:636][  0]LogNetVersion: SecondTry , NetCL: 3709383, EngineNetVer: 2, GameNetVer: 0 (Checksum: 3453988659)
[2018.01.27-00.13.56:776][  0]LogAssetRegistry: FAssetRegistry took 0.0237 seconds to start up
[2018.01.27-00.13.57:556][  0]LogPackageLocalizationCache: Processed 7 localized package path(s) for 2 prioritized culture(s) in 0.204561 seconds
[2018.01.27-00.13.57:563][  0]LogUObjectArray: 35870 objects as part of root set at end of initial load.
[2018.01.27-00.13.57:563][  0]LogUObjectAllocator: 7363696 out of 0 bytes used by permanent object pool.
[2018.01.27-00.13.57:563][  0]LogUObjectArray: CloseDisregardForGC: 0/0 objects in disregard for GC pool
[2018.01.27-00.13.57:604][  0]LogInit: WinSock: version 1.1 (2.2), MaxSocks=32767, MaxUdp=65467
[2018.01.27-00.14.03:338][  0]LogTcpMessaging: Initializing TcpMessaging bridge
[2018.01.27-00.14.03:386][  0]LogUdpMessaging: Initializing bridge on interface 0.0.0.0:0 to multicast group 230.0.0.1:6666.
[2018.01.27-00.14.04:676][  0]LogMaterial: Uniform references updated for custom material expression Custom.
[2018.01.27-00.14.05:800][  0]SourceControl: Source control is disabled
[2018.01.27-00.14.11:825][  0]LogAndroidPermission: UAndroidPermissionCallbackProxy::GetInstance
[2018.01.27-00.14.12:034][  0]LogOcInput: OculusInput pre-init called
[2018.01.27-00.14.12:262][  0]LogEngine: Initializing Engine...
[2018.01.27-00.14.12:264][  0]LogHMD: Failed to initialize OpenVR with code 110
[2018.01.27-00.14.13:794][  0]LogStats: UGameplayTagsManager::ConstructGameplayTagTree: Construct from data asset -  0.000 s
[2018.01.27-00.14.13:811][  0]LogStats: UGameplayTagsManager::ConstructGameplayTagTree: GameplayTagTreeChangedEvent.Broadcast -  0.000 s
[2018.01.27-00.14.14:273][  0]LogAIModule: Creating AISystem for world Untitled
[2018.01.27-00.14.14:386][  0]LogInit: XAudio2 using 'Realtek Digital Output (Realtek High Definition Audio)' : 2 channels at 48 kHz using 16 bits per sample (channel mask 0x3)
[2018.01.27-00.14.14:558][  0]LogInit: FAudioDevice initialized.
[2018.01.27-00.14.14:575][  0]LogDerivedDataCache: Error: Could not save memory cache C:/Users/Bahan/AppData/Local/UnrealEngine/4.18/DerivedDataCache/Boot.ddc.
[2018.01.27-00.14.14:593][  0]LogInit: Texture streaming: Enabled
[2018.01.27-00.14.14:863][  0]LogEngineSessionManager: EngineSessionManager initialized
[2018.01.27-00.14.15:384][  0]LogInit: Transaction tracking system initialized
[2018.01.27-00.14.16:623][  0]BlueprintLog: New page: Editor Load
[2018.01.27-00.14.22:874][  0]LocalizationService: Localization service is disabled
[2018.01.27-00.14.28:904][  0]LogConsoleResponse: Display: 
[2018.01.27-00.14.43:648][  0]LogFileCache: Scanning file cache for directory 'C:/Users/Bahan/Documents/Unreal Projects/SecondTry/Content/' took 0.04s
[2018.01.27-00.14.43:648][  0]LogCook: Display: Max memory allowance for cook 16384mb min free memory 0mb
[2018.01.27-00.14.43:676][  0]LogCook: Display: Mobile HDR setting 1
[2018.01.27-00.14.43:676][  0]LogGameplayTags: Display: UGameplayTagsManager::DoneAddingNativeTags. DelegateIsBound: 0
[2018.01.27-00.14.52:796][  0]Cmd: MAP LOAD FILE="../../../Engine/Content/Maps/Templates/Template_Default.umap" TEMPLATE=1 SHOWPROGRESS=1 FEATURELEVEL=3
[2018.01.27-00.14.52:885][  0]LightingResults: New page: Lighting Build
[2018.01.27-00.14.53:080][  0]MapCheck: New page: Map Check
[2018.01.27-00.14.53:080][  0]LightingResults: New page: Lighting Build
[2018.01.27-00.15.00:612][  0]LogAIModule: Creating AISystem for world Untitled_1
[2018.01.27-00.15.00:807][  0]LogEditorServer: Finished looking for orphan Actors (0.000 secs)
[2018.01.27-00.15.00:894][  0]Cmd: MAP CHECKDEP NOCLEARLOG
[2018.01.27-00.15.00:922][  0]MapCheck: Map check complete: 0 Error(s), 0 Warning(s), took 27.967ms to complete.
[2018.01.27-00.15.00:922][  0]LogFileHelpers: Loading map 'Template_Default' took 8.127
[2018.01.27-00.15.01:182][  0]LogCollectionManager: Loaded 0 collections in 0.008881 seconds
[2018.01.27-00.15.04:572][  0]LogFileCache: Scanning file cache for directory 'C:/Users/Bahan/Documents/Unreal Projects/SecondTry/Saved/Collections/' took 0.01s
[2018.01.27-00.15.04:572][  0]LogFileCache: Scanning file cache for directory 'C:/Users/Bahan/Documents/Unreal Projects/SecondTry/Content/Developers/Bahan/Collections/' took 0.01s
[2018.01.27-00.15.04:572][  0]LogFileCache: Scanning file cache for directory 'C:/Users/Bahan/Documents/Unreal Projects/SecondTry/Content/Collections/' took 0.01s
[2018.01.27-00.15.04:572][  0]LogCollectionManager: Rebuilt the GUID cache for 0 collections in 0.000000 seconds
[2018.01.27-00.15.04:698][  0]LogContentBrowser: Native class hierarchy populated in 0.1250 seconds. Added 2363 classes and 519 folders.
[2018.01.27-00.15.04:894][  0]LogContentBrowser: Native class hierarchy updated for 'WidgetCarousel' in 0.0002 seconds. Added 0 classes and 0 folders.
[2018.01.27-00.15.12:408][  0]LogContentBrowser: Native class hierarchy updated for 'AddContentDialog' in 0.0002 seconds. Added 0 classes and 0 folders.
[2018.01.27-00.15.12:472][  0]LogContentBrowser: Native class hierarchy updated for 'SceneOutliner' in 0.0003 seconds. Added 1 classes and 2 folders.
[2018.01.27-00.15.13:300][  0]LogSlate: Took 0.044680 seconds to synchronously load lazily loaded font '../../../Engine/Content/Slate/Fonts/Roboto-Regular.ttf' (155K)
[2018.01.27-00.15.13:344][  0]LogSlate: Took 0.041220 seconds to synchronously load lazily loaded font '../../../Engine/Content/Slate/Fonts/Roboto-Bold.ttf' (160K)
[2018.01.27-00.15.13:383][  0]LogSlate: Took 0.033452 seconds to synchronously load lazily loaded font '../../../Engine/Content/Editor/Slate/Fonts/FontAwesome.ttf' (139K)
[2018.01.27-00.15.14:045][  0]LogRenderer: Reallocating scene render targets to support 856x380 Format 10 NumSamples 1 (Frame:1).
[2018.01.27-00.15.23:936][  0]LogContentBrowser: Native class hierarchy updated for 'HierarchicalLODOutliner' in 0.0003 seconds. Added 1 classes and 2 folders.
[2018.01.27-00.15.23:937][  0]LogLoad: (Engine Initialization) Total time: 95.59 seconds
[2018.01.27-00.15.23:937][  0]LogLoad: (Engine Initialization) Total Blueprint compile time: 0.00 seconds
[2018.01.27-00.15.23:937][  0]LogExternalProfiler: No external profilers were discovered.  External profiling features will not be available.
[2018.01.27-00.15.26:173][  0]SourceControl: On branch master
[2018.01.27-00.15.26:173][  0]SourceControl: Your branch is up to date with 'origin/master'.
[2018.01.27-00.15.26:173][  0]SourceControl: Untracked files:
[2018.01.27-00.15.26:173][  0]SourceControl:   (use "git add <file>..." to include in what will be committed)
[2018.01.27-00.15.26:173][  0]SourceControl: 	Content/
[2018.01.27-00.15.26:173][  0]SourceControl: nothing added to commit but untracked files present (use "git add" to track)
[2018.01.27-00.15.26:186][  0]LogContentStreaming: Texture pool size now 1000 MB
[2018.01.27-00.15.30:384][  1]LogSlate: Took 0.871609 seconds to synchronously load lazily loaded font '../../../Engine/Content/Slate/Fonts/Roboto-Light.ttf' (159K)
[2018.01.27-00.15.31:390][  2]LogAssetRegistry: Asset discovery search completed in 94.6304 seconds
[2018.01.27-00.15.31:391][  2]LogCollectionManager: Rebuilt the object cache for 0 collections in 0.000000 seconds (found 0 objects)
[2018.01.27-00.15.31:391][  2]LogCollectionManager: Fixed up redirectors for 0 collections in 0.000044 seconds (updated 0 objects)
[2018.01.27-00.16.58:054][428]LogSlate: Took 0.000127 seconds to synchronously load lazily loaded font '../../../Engine/Content/Slate/Fonts/Roboto-Light.ttf' (159K)
[2018.01.27-00.16.59:505][428]LogSlate: Took 0.000167 seconds to synchronously load lazily loaded font '../../../Engine/Content/Slate/Fonts/Roboto-Regular.ttf' (155K)
[2018.01.27-00.17.06:385][428]LogBlueprint: Warning: [Compiler ThirdPersonCharacter] InputAction Event references unknown Action 'ResetVR' for  InputAction ResetVR
[2018.01.27-00.17.06:386][428]LogBlueprint: Warning: [Compiler ThirdPersonCharacter] Input Axis Event references unknown Axis 'LookUpRate' for  InputAxis LookUpRate
[2018.01.27-00.17.06:386][428]LogBlueprint: Warning: [Compiler ThirdPersonCharacter] Input Axis Event references unknown Axis 'TurnRate' for  InputAxis TurnRate
[2018.01.27-00.17.06:386][428]LogBlueprint: Warning: [Compiler ThirdPersonCharacter] InputAction Event references unknown Action 'Jump' for  InputAction Jump
[2018.01.27-00.17.06:386][428]LogBlueprint: Warning: [Compiler ThirdPersonCharacter] Input Axis Event references unknown Axis 'LookUp' for  InputAxis LookUp
[2018.01.27-00.17.06:386][428]LogBlueprint: Warning: [Compiler ThirdPersonCharacter] Input Axis Event references unknown Axis 'Turn' for  InputAxis Turn
[2018.01.27-00.17.06:386][428]LogBlueprint: Warning: [Compiler ThirdPersonCharacter] Input Axis Event references unknown Axis 'MoveRight' for  InputAxis MoveRight
[2018.01.27-00.17.06:387][428]LogBlueprint: Warning: [Compiler ThirdPersonCharacter] Input Axis Event references unknown Axis 'MoveForward' for  InputAxis MoveForward
[2018.01.27-00.17.06:391][428]LogBlueprint: Warning: [Compiler ThirdPersonCharacter] [0198.04] Compile of ThirdPersonCharacter successful, but with 8 Warning(s) [in 9 ms] (/Game/ThirdPersonBP/Blueprints/ThirdPersonCharacter.ThirdPersonCharacter)
[2018.01.27-00.17.14:746][428]LogAIModule: Creating AISystem for world Level1
[2018.01.27-00.17.18:279][428]Cmd: MAP LOAD FILE="../../../../../../Users/Bahan/Documents/Unreal Projects/SecondTry/Content/ThirdPersonBP/Maps/Level1.umap" TEMPLATE=0 SHOWPROGRESS=1 FEATURELEVEL=3
[2018.01.27-00.17.18:280][428]LightingResults: New page: Lighting Build
[2018.01.27-00.17.18:310][428]LoadErrors: New page: Loading map: Level1.umap
[2018.01.27-00.17.18:484][428]MapCheck: New page: Map Check
[2018.01.27-00.17.18:484][428]LightingResults: New page: Lighting Build
[2018.01.27-00.17.20:238][428]LogEditorServer: Finished looking for orphan Actors (0.000 secs)
[2018.01.27-00.17.20:531][428]Cmd: MAP CHECKDEP NOCLEARLOG
[2018.01.27-00.17.20:753][428]MapCheck: Map check complete: 0 Error(s), 0 Warning(s), took 221.461ms to complete.
[2018.01.27-00.17.20:754][428]LogFileHelpers: Loading map 'Level1' took 4.067
[2018.01.27-00.19.43:321][234]LogTemp: Repeating last play command: Selected Viewport
[2018.01.27-00.19.43:447][234]LogBlueprintUserMessages: Early PlayInEditor Detection: Level '/Game/ThirdPersonBP/Maps/Level1.Level1:PersistentLevel' has LevelScriptBlueprint '/Game/ThirdPersonBP/Maps/Level1.Level1:PersistentLevel.Level1' with GeneratedClass '/Game/ThirdPersonBP/Maps/Level1.Level1_C' with ClassGeneratedBy '/Game/ThirdPersonBP/Maps/Level1.Level1:PersistentLevel.Level1'
[2018.01.27-00.19.43:471][234]LogPlayLevel: PlayLevel: No blueprints needed recompiling
[2018.01.27-00.19.43:593][234]PIE: New page: PIE session: Level1 (Jan 27, 2018, 4:19:43 PM)
[2018.01.27-00.19.43:603][234]LogPlayLevel: Creating play world package: /Game/ThirdPersonBP/Maps/UEDPIE_0_Level1
[2018.01.27-00.19.43:896][234]LogPlayLevel: PIE: StaticDuplicateObject took: (0.292478s)
[2018.01.27-00.19.43:897][234]LogAIModule: Creating AISystem for world Level1
[2018.01.27-00.19.43:897][234]LogPlayLevel: PIE: World Init took: (0.001310s)
[2018.01.27-00.19.43:903][234]LogPlayLevel: PIE: Created PIE world by copying editor world from /Game/ThirdPersonBP/Maps/Level1.Level1 to /Game/ThirdPersonBP/Maps/UEDPIE_0_Level1.Level1 (0.299617s)
[2018.01.27-00.19.43:965][234]LogInit: XAudio2 using 'Realtek Digital Output (Realtek High Definition Audio)' : 2 channels at 48 kHz using 16 bits per sample (channel mask 0x3)
[2018.01.27-00.19.44:014][234]LogInit: FAudioDevice initialized.
[2018.01.27-00.19.44:133][234]LogLoad: Game class is 'GameModeBase'
[2018.01.27-00.19.44:304][234]LogWorld: Bringing World /Game/ThirdPersonBP/Maps/UEDPIE_0_Level1.Level1 up for play (max tick rate 0) at 2018.01.27-08.19.44
[2018.01.27-00.19.44:361][234]LogWorld: Bringing up level for play took: 0.085003
[2018.01.27-00.19.49:081][234]LogContentBrowser: Native class hierarchy updated for 'MovieSceneCapture' in 0.0003 seconds. Added 11 classes and 0 folders.
[2018.01.27-00.19.49:214][234]PIE: Play in editor start time for /Game/ThirdPersonBP/Maps/UEDPIE_0_Level1 5.21
[2018.01.27-00.19.49:214][234]LogBlueprintUserMessages: Late PlayInEditor Detection: Level '/Game/ThirdPersonBP/Maps/Level1.Level1:PersistentLevel' has LevelScriptBlueprint '/Game/ThirdPersonBP/Maps/Level1.Level1:PersistentLevel.Level1' with GeneratedClass '/Game/ThirdPersonBP/Maps/Level1.Level1_C' with ClassGeneratedBy '/Game/ThirdPersonBP/Maps/Level1.Level1:PersistentLevel.Level1'
[2018.01.27-00.20.08:589][873]LogNet: Browse: /Game/ThirdPersonBP/Maps/Level1
[2018.01.27-00.20.08:648][873]LogLoad: LoadMap: /Game/ThirdPersonBP/Maps/Level1
[2018.01.27-00.20.08:746][873]LogPlayLevel: Creating play world package: /Game/ThirdPersonBP/Maps/UEDPIE_0_Level1
[2018.01.27-00.20.08:806][873]LogPlayLevel: PIE: StaticDuplicateObject took: (0.059914s)
[2018.01.27-00.20.08:814][873]LogAIModule: Creating AISystem for world Level1
[2018.01.27-00.20.08:815][873]LogPlayLevel: PIE: World Init took: (0.009586s)
[2018.01.27-00.20.08:816][873]LogPlayLevel: PIE: Created PIE world by copying editor world from /Game/ThirdPersonBP/Maps/Level1.Level1 to /Game/ThirdPersonBP/Maps/UEDPIE_0_Level1.Level1 (0.070802s)
[2018.01.27-00.20.08:817][873]LogLoad: Game class is 'GameModeBase'
[2018.01.27-00.20.09:002][873]LogWorld: Bringing World /Game/ThirdPersonBP/Maps/UEDPIE_0_Level1.Level1 up for play (max tick rate 0) at 2018.01.27-08.20.09
[2018.01.27-00.20.09:003][873]LogWorld: Bringing up level for play took: 0.012521
[2018.01.27-00.20.09:005][873]LogLoad: Took 0.357164 seconds to LoadMap(/Game/ThirdPersonBP/Maps/UEDPIE_0_Level1)
[2018.01.27-00.20.11:246][935]LogNet: Browse: /Game/ThirdPersonBP/Maps/Level1
[2018.01.27-00.20.11:262][935]LogLoad: LoadMap: /Game/ThirdPersonBP/Maps/Level1
[2018.01.27-00.20.11:291][935]LogPlayLevel: Creating play world package: /Game/ThirdPersonBP/Maps/UEDPIE_0_Level1
[2018.01.27-00.20.11:333][935]LogPlayLevel: PIE: StaticDuplicateObject took: (0.041876s)
[2018.01.27-00.20.11:342][935]LogAIModule: Creating AISystem for world Level1
[2018.01.27-00.20.11:343][935]LogPlayLevel: PIE: World Init took: (0.010076s)
[2018.01.27-00.20.11:345][935]LogPlayLevel: PIE: Created PIE world by copying editor world from /Game/ThirdPersonBP/Maps/Level1.Level1 to /Game/ThirdPersonBP/Maps/UEDPIE_0_Level1.Level1 (0.053485s)
[2018.01.27-00.20.11:345][935]LogLoad: Game class is 'GameModeBase'
[2018.01.27-00.20.11:359][935]LogWorld: Bringing World /Game/ThirdPersonBP/Maps/UEDPIE_0_Level1.Level1 up for play (max tick rate 0) at 2018.01.27-08.20.11
[2018.01.27-00.20.11:360][935]LogWorld: Bringing up level for play took: 0.012719
[2018.01.27-00.20.11:362][935]LogLoad: Took 0.100111 seconds to LoadMap(/Game/ThirdPersonBP/Maps/UEDPIE_0_Level1)
[2018.01.27-00.20.16:776][150]LogBlueprintUserMessages: Early EndPlayMap Detection: Level '/Game/ThirdPersonBP/Maps/Level1.Level1:PersistentLevel' has LevelScriptBlueprint '/Game/ThirdPersonBP/Maps/Level1.Level1:PersistentLevel.Level1' with GeneratedClass '/Game/ThirdPersonBP/Maps/Level1.Level1_C' with ClassGeneratedBy '/Game/ThirdPersonBP/Maps/Level1.Level1:PersistentLevel.Level1'
[2018.01.27-00.20.16:956][150]LogBlueprintUserMessages: Late EndPlayMap Detection: Level '/Game/ThirdPersonBP/Maps/Level1.Level1:PersistentLevel' has LevelScriptBlueprint '/Game/ThirdPersonBP/Maps/Level1.Level1:PersistentLevel.Level1' with GeneratedClass '/Game/ThirdPersonBP/Maps/Level1.Level1_C' with ClassGeneratedBy '/Game/ThirdPersonBP/Maps/Level1.Level1:PersistentLevel.Level1'
[2018.01.27-00.20.21:597][304]LogEditorViewport: Clicking on Actor (LMB): BP_Sky_Sphere_C (SkySphereBlueprint3)
[2018.01.27-00.24.05:305][484]LogHttp: Warning: 000000004018C700: request failed, libcurl error: 6 (Couldn't resolve host name)
[2018.01.27-00.24.05:305][484]LogHttp: Warning: 000000004018C700: libcurl info message cache 0 (Found bundle for host datarouter.ol.epicgames.com: 0x48b0bfe8 [can pipeline])
[2018.01.27-00.24.05:305][484]LogHttp: Warning: 000000004018C700: libcurl info message cache 1 (Re-using existing connection! (#2) with host datarouter.ol.epicgames.com)
[2018.01.27-00.24.05:305][484]LogHttp: Warning: 000000004018C700: libcurl info message cache 2 (Connected to datarouter.ol.epicgames.com (52.22.145.159) port 443 (#2))
[2018.01.27-00.24.05:305][484]LogHttp: Warning: 000000004018C700: libcurl info message cache 3 (upload completely sent off: 770 out of 770 bytes)
[2018.01.27-00.24.05:305][484]LogHttp: Warning: 000000004018C700: libcurl info message cache 4 (SSL read: error:00000000:lib(0):func(0):reason(0), errno 10054)
[2018.01.27-00.24.05:306][484]LogHttp: Warning: 000000004018C700: libcurl info message cache 5 (Connection died, retrying a fresh connect)
[2018.01.27-00.24.05:306][484]LogHttp: Warning: 000000004018C700: libcurl info message cache 6 (Closing connection 2)
[2018.01.27-00.24.05:306][484]LogHttp: Warning: 000000004018C700: libcurl info message cache 7 (Issue another request to this URL: 'https://datarouter.ol.epicgames.com/datarouter/api/v1/public/data?SessionID=%7B608C78EF-4EB1-9589-0CA5-C5AE66A80A98%7D&AppID=UEEditor.Rocket.Release&AppVersion=4.18.3-3832480%2B%2B%2BUE4%2BRelease-4.18&UserID=67e194c14ae77aa53995efa001c2511e%7Ce179217e7f624d4f8c8e8092f7c4b82f%7C7fb22b14-98b9-40bc-b572-1a31849a26d9&AppEnvironment=datacollector-binary&UploadType=eteventstream')
[2018.01.27-00.24.05:306][484]LogHttp: Warning: 000000004018C700: libcurl info message cache 8 (Could not resolve host: datarouter.ol.epicgames.com)
[2018.01.27-00.24.05:306][484]LogHttp: Warning: 000000004018C700: libcurl info message cache 9 (Closing connection 3)
[2018.01.27-00.24.51:354][865]LogWindows: LaunchURL http://docs.unrealengine.com/latest/INT/Programming/UnrealArchitecture/Actors/index.html?utm_source=editor&utm_medium=docs&utm_campaign=doc_anchors
[2018.01.27-00.26.26:159][783]LogD3D11RHI: Timed out while waiting for GPU to catch up. (0.5 s)
[2018.01.27-00.27.27:807][783]SourceControl: fatal: C:/Program Files/Epic Games/UE_4.18/Engine/Content/EngineSky/BP_Sky_Sphere.uasset: 'C:/Program Files/Epic Games/UE_4.18/Engine/Content/EngineSky/BP_Sky_Sphere.uasset' is outside repository
[2018.01.27-00.27.27:807][783]SourceControl: fatal: C:/Program Files/Epic Games/UE_4.18/Engine/Content/EngineMaterials/WorldGridMaterial.uasset: 'C:/Program Files/Epic Games/UE_4.18/Engine/Content/EngineMaterials/WorldGridMaterial.uasset' is outside repository
[2018.01.27-00.27.27:807][783]SourceControl: fatal: C:/Program Files/Epic Games/UE_4.18/Engine/Content/BasicShapes/Cone.uasset: 'C:/Program Files/Epic Games/UE_4.18/Engine/Content/BasicShapes/Cone.uasset' is outside repository
[2018.01.27-00.27.27:807][783]SourceControl: fatal: C:/Program Files/Epic Games/UE_4.18/Engine/Content/EditorBlueprintResources/StandardMacros.uasset: 'C:/Program Files/Epic Games/UE_4.18/Engine/Content/EditorBlueprintResources/StandardMacros.uasset' is outside repository
[2018.01.27-00.27.27:807][783]SourceControl: fatal: C:/Program Files/Epic Games/UE_4.18/Engine/Content/Functions/Engine_MaterialFunctions01/Opacity/CameraDepthFade.uasset: 'C:/Program Files/Epic Games/UE_4.18/Engine/Content/Functions/Engine_MaterialFunctions01/Opacity/CameraDepthFade.uasset' is outside repository
[2018.01.27-00.27.27:807][783]SourceControl: fatal: C:/Program Files/Epic Games/UE_4.18/Engine/Content/Functions/Engine_MaterialFunctions02/Utility/BlendAngleCorrectedNormals.uasset: 'C:/Program Files/Epic Games/UE_4.18/Engine/Content/Functions/Engine_MaterialFunctions02/Utility/BlendAngleCorrectedNormals.uasset' is outside repository
[2018.01.27-00.27.27:807][783]SourceControl: fatal: C:/Program Files/Epic Games/UE_4.18/Engine/Content/Functions/MaterialLayerFunctions/MatLayerBlend_NormalBlend.uasset: 'C:/Program Files/Epic Games/UE_4.18/Engine/Content/Functions/MaterialLayerFunctions/MatLayerBlend_NormalBlend.uasset' is outside repository
[2018.01.27-00.28.20:962][783]SourceControl: Error: fatal: unable to access 'https://github.com/LeftHandUC/SecondTry.git/': Could not resolve host: github.com
[2018.01.27-00.28.21:816][783]LightingResults: New page: Lighting Build
[2018.01.27-00.28.23:203][783]MapCheck: New page: Map Check
[2018.01.27-00.28.23:203][783]LightingResults: New page: Lighting Build
[2018.01.27-00.28.26:790][783]LogAIModule: Creating AISystem for world Untitled
[2018.01.27-00.28.26:791][783]LoadErrors: New page: New Map
[2018.01.27-00.28.35:849][783]LogBlueprint: Warning: [Compiler ThirdPersonCharacter] InputAction Event references unknown Action 'ResetVR' for  InputAction ResetVR
[2018.01.27-00.28.36:093][783]LogBlueprint: Warning: [Compiler ThirdPersonCharacter] Input Axis Event references unknown Axis 'LookUpRate' for  InputAxis LookUpRate
[2018.01.27-00.28.36:384][783]LogBlueprint: Warning: [Compiler ThirdPersonCharacter] Input Axis Event references unknown Axis 'TurnRate' for  InputAxis TurnRate
[2018.01.27-00.28.36:384][783]LogBlueprint: Warning: [Compiler ThirdPersonCharacter] InputAction Event references unknown Action 'Jump' for  InputAction Jump
[2018.01.27-00.28.36:385][783]LogBlueprint: Warning: [Compiler ThirdPersonCharacter] Input Axis Event references unknown Axis 'LookUp' for  InputAxis LookUp
[2018.01.27-00.28.36:385][783]LogBlueprint: Warning: [Compiler ThirdPersonCharacter] Input Axis Event references unknown Axis 'Turn' for  InputAxis Turn
[2018.01.27-00.28.36:663][783]LogBlueprint: Warning: [Compiler ThirdPersonCharacter] Input Axis Event references unknown Axis 'MoveRight' for  InputAxis MoveRight
[2018.01.27-00.28.36:664][783]LogBlueprint: Warning: [Compiler ThirdPersonCharacter] Input Axis Event references unknown Axis 'MoveForward' for  InputAxis MoveForward
[2018.01.27-00.28.38:987][783]LogBlueprint: Warning: [Compiler ThirdPersonCharacter] [0890.61] Compile of ThirdPersonCharacter successful, but with 8 Warning(s) [in 7,284 ms] (/Game/ThirdPersonBP/Blueprints/ThirdPersonCharacter.ThirdPersonCharacter)
[2018.01.27-00.28.40:389][783]LogUObjectGlobals: Display: ReloadPackage failed to find a replacement object for 'Default__ThirdPersonCharacter_C:CollisionCylinder.BodySetup_0' (transient) in the new package '/Game/ThirdPersonBP/Blueprints/ThirdPersonCharacter'. Any existing references to this object will be nulled out.
