Log file open, 01/27/18 12:32:31
LogWindows: Failed to load 'aqProf.dll' (GetLastError=126)
LogWindows: File 'aqProf.dll' does not exist
LogWindows: Failed to load 'VSPerf140.dll' (GetLastError=126)
LogWindows: File 'VSPerf140.dll' does not exist
LogWindows: Failed to load 'VtuneApi.dll' (GetLastError=126)
LogWindows: File 'VtuneApi.dll' does not exist
LogWindows: Failed to load 'VtuneApi32e.dll' (GetLastError=126)
LogWindows: File 'VtuneApi32e.dll' does not exist
LogInit: Display: Running engine for game: SecondTry
LogPlatformFile: Not using cached read wrapper
LogInit: Display: RandInit(-654937318) SRandInit(-654937318).
LogInit: Read version file with build ID '3709383'
LogInit: Overriding engine version to CL 3832480, compatible CL 3709383
LogInit: Registered custom module enumerator with build ID '3709383'
LogTaskGraph: Started task graph with 5 named threads and 8 total threads with 3 sets of task threads.
LogStats: Stats thread started at 0.100757
LogD3D11RHI: Aftermath initialized
LogModuleManager: Display: Found up-to-date module file ../../../Engine/Plugins/2D/Paper2D/Binaries/Win64/UE4Editor-Paper2D.dll (API version 3709383).
LogModuleManager: Display: Found up-to-date module file ../../../Engine/Plugins/2D/Paper2D/Binaries/Win64/UE4Editor-Paper2DEditor.dll (API version 3709383).
LogModuleManager: Display: Found up-to-date module file ../../../Engine/Plugins/2D/Paper2D/Binaries/Win64/UE4Editor-PaperSpriteSheetImporter.dll (API version 3709383).
LogModuleManager: Display: Found up-to-date module file ../../../Engine/Plugins/2D/Paper2D/Binaries/Win64/UE4Editor-PaperTiledImporter.dll (API version 3709383).
LogModuleManager: Display: Found up-to-date module file ../../../Engine/Plugins/2D/Paper2D/Binaries/Win64/UE4Editor-SmartSnapping.dll (API version 3709383).
LogModuleManager: Display: Found up-to-date module file ../../../Engine/Plugins/Blendables/LightPropagationVolume/Binaries/Win64/UE4Editor-LightPropagationVolumeRuntime.dll (API version 3709383).
LogModuleManager: Display: Found up-to-date module file ../../../Engine/Plugins/Blendables/LightPropagationVolume/Binaries/Win64/UE4Editor-LightPropagationVolumeEditor.dll (API version 3709383).
LogModuleManager: Display: Found up-to-date module file ../../../Engine/Plugins/Developer/GitSourceControl/Binaries/Win64/UE4Editor-GitSourceControl.dll (API version 3709383).
LogModuleManager: Display: Found up-to-date module file ../../../Engine/Plugins/Developer/PerforceSourceControl/Binaries/Win64/UE4Editor-PerforceSourceControl.dll (API version 3709383).
LogModuleManager: Display: Found up-to-date module file ../../../Engine/Plugins/Developer/SubversionSourceControl/Binaries/Win64/UE4Editor-SubversionSourceControl.dll (API version 3709383).
LogModuleManager: Display: Found up-to-date module file ../../../Engine/Plugins/Developer/UObjectPlugin/Binaries/Win64/UE4Editor-UObjectPlugin.dll (API version 3709383).
LogModuleManager: Display: Found up-to-date module file ../../../Engine/Plugins/Developer/VisualStudioCodeSourceCodeAccess/Binaries/Win64/UE4Editor-VisualStudioCodeSourceCodeAccess.dll (API version 3709383).
LogModuleManager: Display: Found up-to-date module file ../../../Engine/Plugins/Developer/VisualStudioSourceCodeAccess/Binaries/Win64/UE4Editor-VisualStudioSourceCodeAccess.dll (API version 3709383).
LogModuleManager: Display: Found up-to-date module file ../../../Engine/Plugins/Editor/AssetManagerEditor/Binaries/Win64/UE4Editor-AssetManagerEditor.dll (API version 3709383).
LogModuleManager: Display: Found up-to-date module file ../../../Engine/Plugins/Editor/AudioCapture/Binaries/Win64/UE4Editor-AudioCapture.dll (API version 3709383).
LogModuleManager: Display: Found up-to-date module file ../../../Engine/Plugins/Editor/FacialAnimation/Binaries/Win64/UE4Editor-FacialAnimation.dll (API version 3709383).
LogModuleManager: Display: Found up-to-date module file ../../../Engine/Plugins/Editor/FacialAnimation/Binaries/Win64/UE4Editor-FacialAnimationEditor.dll (API version 3709383).
LogModuleManager: Display: Found up-to-date module file ../../../Engine/Plugins/Editor/GameplayTagsEditor/Binaries/Win64/UE4Editor-GameplayTagsEditor.dll (API version 3709383).
LogModuleManager: Display: Found up-to-date module file ../../../Engine/Plugins/Editor/MobileLauncherProfileWizard/Binaries/Win64/UE4Editor-MobileLauncherProfileWizard.dll (API version 3709383).
LogModuleManager: Display: Found up-to-date module file ../../../Engine/Plugins/Editor/PluginBrowser/Binaries/Win64/UE4Editor-PluginBrowser.dll (API version 3709383).
LogModuleManager: Display: Found up-to-date module file ../../../Engine/Plugins/Editor/SpeedTreeImporter/Binaries/Win64/UE4Editor-SpeedTreeImporter.dll (API version 3709383).
LogModuleManager: Display: Found up-to-date module file ../../../Engine/Plugins/Experimental/AlembicImporter/Binaries/Win64/UE4Editor-AlembicImporter.dll (API version 3709383).
LogModuleManager: Display: Found up-to-date module file ../../../Engine/Plugins/Experimental/AlembicImporter/Binaries/Win64/UE4Editor-AlembicLibrary.dll (API version 3709383).
LogModuleManager: Display: Found up-to-date module file ../../../Engine/Plugins/Experimental/CharacterAI/Binaries/Win64/UE4Editor-CharacterAI.dll (API version 3709383).
LogModuleManager: Display: Found up-to-date module file ../../../Engine/Plugins/Experimental/HTML5Networking/Binaries/Win64/UE4Editor-HTML5Networking.dll (API version 3709383).
LogModuleManager: Display: Found up-to-date module file ../../../Engine/Plugins/Media/AndroidMedia/Binaries/Win64/UE4Editor-AndroidMediaEditor.dll (API version 3709383).
LogModuleManager: Display: Found up-to-date module file ../../../Engine/Plugins/Media/AndroidMedia/Binaries/Win64/UE4Editor-AndroidMediaFactory.dll (API version 3709383).
LogModuleManager: Display: Found up-to-date module file ../../../Engine/Plugins/Media/AvfMedia/Binaries/Win64/UE4Editor-AvfMediaEditor.dll (API version 3709383).
LogModuleManager: Display: Found up-to-date module file ../../../Engine/Plugins/Media/AvfMedia/Binaries/Win64/UE4Editor-AvfMediaFactory.dll (API version 3709383).
LogModuleManager: Display: Found up-to-date module file ../../../Engine/Plugins/Media/AvfMedia/Binaries/Win64/UE4Editor-AvfMediaFactory.dll (API version 3709383).
LogModuleManager: Display: Found up-to-date module file ../../../Engine/Plugins/Media/ImgMedia/Binaries/Win64/UE4Editor-ImgMedia.dll (API version 3709383).
LogModuleManager: Display: Found up-to-date module file ../../../Engine/Plugins/Media/ImgMedia/Binaries/Win64/UE4Editor-ImgMediaEditor.dll (API version 3709383).
LogModuleManager: Display: Found up-to-date module file ../../../Engine/Plugins/Media/ImgMedia/Binaries/Win64/UE4Editor-ImgMediaFactory.dll (API version 3709383).
LogModuleManager: Display: Found up-to-date module file ../../../Engine/Plugins/Media/ImgMedia/Binaries/Win64/UE4Editor-ImgMediaFactory.dll (API version 3709383).
LogModuleManager: Display: Found up-to-date module file ../../../Engine/Plugins/Media/ImgMedia/Binaries/Win64/UE4Editor-OpenExrWrapper.dll (API version 3709383).
LogModuleManager: Display: Found up-to-date module file ../../../Engine/Plugins/Media/MediaCompositing/Binaries/Win64/UE4Editor-MediaCompositing.dll (API version 3709383).
LogModuleManager: Display: Found up-to-date module file ../../../Engine/Plugins/Media/MediaCompositing/Binaries/Win64/UE4Editor-MediaCompositingEditor.dll (API version 3709383).
LogModuleManager: Display: Found up-to-date module file ../../../Engine/Plugins/Media/MediaPlayerEditor/Binaries/Win64/UE4Editor-MediaPlayerEditor.dll (API version 3709383).
LogModuleManager: Display: Found up-to-date module file ../../../Engine/Plugins/Media/WmfMedia/Binaries/Win64/UE4Editor-WmfMedia.dll (API version 3709383).
LogModuleManager: Display: Found up-to-date module file ../../../Engine/Plugins/Media/WmfMedia/Binaries/Win64/UE4Editor-WmfMediaEditor.dll (API version 3709383).
LogModuleManager: Display: Found up-to-date module file ../../../Engine/Plugins/Media/WmfMedia/Binaries/Win64/UE4Editor-WmfMediaFactory.dll (API version 3709383).
LogModuleManager: Display: Found up-to-date module file ../../../Engine/Plugins/Media/WmfMedia/Binaries/Win64/UE4Editor-WmfMediaFactory.dll (API version 3709383).
LogModuleManager: Display: Found up-to-date module file ../../../Engine/Plugins/Messaging/TcpMessaging/Binaries/Win64/UE4Editor-TcpMessaging.dll (API version 3709383).
LogModuleManager: Display: Found up-to-date module file ../../../Engine/Plugins/Messaging/UdpMessaging/Binaries/Win64/UE4Editor-UdpMessaging.dll (API version 3709383).
LogModuleManager: Display: Found up-to-date module file ../../../Engine/Plugins/MovieScene/ActorSequence/Binaries/Win64/UE4Editor-ActorSequence.dll (API version 3709383).
LogModuleManager: Display: Found up-to-date module file ../../../Engine/Plugins/MovieScene/LevelSequenceEditor/Binaries/Win64/UE4Editor-LevelSequenceEditor.dll (API version 3709383).
LogModuleManager: Display: Found up-to-date module file ../../../Engine/Plugins/MovieScene/MatineeToLevelSequence/Binaries/Win64/UE4Editor-MatineeToLevelSequence.dll (API version 3709383).
LogModuleManager: Display: Found up-to-date module file ../../../Engine/Plugins/Online/OnlineSubsystem/Binaries/Win64/UE4Editor-OnlineSubsystem.dll (API version 3709383).
LogModuleManager: Display: Found up-to-date module file ../../../Engine/Plugins/Runtime/AndroidPermission/Binaries/Win64/UE4Editor-AndroidPermission.dll (API version 3709383).
LogModuleManager: Display: Found up-to-date module file ../../../Engine/Plugins/Online/OnlineSubsystemNull/Binaries/Win64/UE4Editor-OnlineSubsystemNull.dll (API version 3709383).
LogModuleManager: Display: Found up-to-date module file ../../../Engine/Plugins/Online/OnlineSubsystemUtils/Binaries/Win64/UE4Editor-OnlineSubsystemUtils.dll (API version 3709383).
LogModuleManager: Display: Found up-to-date module file ../../../Engine/Plugins/Online/OnlineSubsystemUtils/Binaries/Win64/UE4Editor-OnlineBlueprintSupport.dll (API version 3709383).
LogModuleManager: Display: Found up-to-date module file ../../../Engine/Plugins/Runtime/AndroidDeviceProfileSelector/Binaries/Win64/UE4Editor-AndroidDeviceProfileSelector.dll (API version 3709383).
LogModuleManager: Display: Found up-to-date module file ../../../Engine/Plugins/Runtime/AppleARKit/Binaries/Win64/UE4Editor-AppleARKit.dll (API version 3709383).
LogModuleManager: Display: Found up-to-date module file ../../../Engine/Plugins/Runtime/ArchVisCharacter/Binaries/Win64/UE4Editor-ArchVisCharacter.dll (API version 3709383).
LogModuleManager: Display: Found up-to-date module file ../../../Engine/Plugins/Runtime/CableComponent/Binaries/Win64/UE4Editor-CableComponent.dll (API version 3709383).
LogModuleManager: Display: Found up-to-date module file ../../../Engine/Plugins/Runtime/CustomMeshComponent/Binaries/Win64/UE4Editor-CustomMeshComponent.dll (API version 3709383).
LogModuleManager: Display: Found up-to-date module file ../../../Engine/Plugins/Runtime/ExampleDeviceProfileSelector/Binaries/Win64/UE4Editor-ExampleDeviceProfileSelector.dll (API version 3709383).
LogModuleManager: Display: Found up-to-date module file ../../../Engine/Plugins/Runtime/ImmediatePhysics/Binaries/Win64/UE4Editor-ImmediatePhysics.dll (API version 3709383).
LogModuleManager: Display: Found up-to-date module file ../../../Engine/Plugins/Runtime/ImmediatePhysics/Binaries/Win64/UE4Editor-ImmediatePhysicsEditor.dll (API version 3709383).
LogModuleManager: Display: Found up-to-date module file ../../../Engine/Plugins/Runtime/LocationServicesBPLibrary/Binaries/Win64/UE4Editor-LocationServicesBPLibrary.dll (API version 3709383).
LogModuleManager: Display: Found up-to-date module file ../../../Engine/Plugins/Runtime/MobilePatchingUtils/Binaries/Win64/UE4Editor-MobilePatchingUtils.dll (API version 3709383).
LogModuleManager: Display: Found up-to-date module file ../../../Engine/Plugins/Runtime/Oculus/OculusVR/Binaries/Win64/UE4Editor-OculusHMD.dll (API version 3709383).
LogModuleManager: Display: Found up-to-date module file ../../../Engine/Plugins/Runtime/Oculus/OculusVR/Binaries/Win64/UE4Editor-OculusInput.dll (API version 3709383).
LogModuleManager: Display: Found up-to-date module file ../../../Engine/Plugins/Runtime/Oculus/OculusVR/Binaries/Win64/UE4Editor-OculusEditor.dll (API version 3709383).
LogModuleManager: Display: Found up-to-date module file ../../../Engine/Plugins/Runtime/PhysXVehicles/Binaries/Win64/UE4Editor-PhysXVehicles.dll (API version 3709383).
LogModuleManager: Display: Found up-to-date module file ../../../Engine/Plugins/Runtime/PhysXVehicles/Binaries/Win64/UE4Editor-PhysXVehiclesEditor.dll (API version 3709383).
LogModuleManager: Display: Found up-to-date module file ../../../Engine/Plugins/Runtime/ProceduralMeshComponent/Binaries/Win64/UE4Editor-ProceduralMeshComponent.dll (API version 3709383).
LogModuleManager: Display: Found up-to-date module file ../../../Engine/Plugins/Runtime/ProceduralMeshComponent/Binaries/Win64/UE4Editor-ProceduralMeshComponentEditor.dll (API version 3709383).
LogModuleManager: Display: Found up-to-date module file ../../../Engine/Plugins/Runtime/RuntimePhysXCooking/Binaries/Win64/UE4Editor-RuntimePhysXCooking.dll (API version 3709383).
LogModuleManager: Display: Found up-to-date module file ../../../Engine/Plugins/Runtime/Steam/SteamVR/Binaries/Win64/UE4Editor-SteamVR.dll (API version 3709383).
LogModuleManager: Display: Found up-to-date module file ../../../Engine/Plugins/Runtime/Steam/SteamVR/Binaries/Win64/UE4Editor-SteamVRController.dll (API version 3709383).
LogModuleManager: Display: Found up-to-date module file ../../../Engine/Plugins/Runtime/WindowsMoviePlayer/Binaries/Win64/UE4Editor-WindowsMoviePlayer.dll (API version 3709383).
LogPluginManager: Mounting plugin Paper2D
LogPluginManager: Mounting plugin LightPropagationVolume
LogPluginManager: Mounting plugin CodeLiteSourceCodeAccess
LogPluginManager: Mounting plugin GitSourceControl
LogPluginManager: Mounting plugin KDevelopSourceCodeAccess
LogPluginManager: Mounting plugin NullSourceCodeAccess
LogPluginManager: Mounting plugin PerforceSourceControl
LogPluginManager: Mounting plugin SubversionSourceControl
LogPluginManager: Mounting plugin UObjectPlugin
LogPluginManager: Mounting plugin VisualStudioCodeSourceCodeAccess
LogPluginManager: Mounting plugin VisualStudioSourceCodeAccess
LogPluginManager: Mounting plugin XCodeSourceCodeAccess
LogPluginManager: Mounting plugin AssetManagerEditor
LogPluginManager: Mounting plugin AudioCapture
LogPluginManager: Mounting plugin FacialAnimation
LogPluginManager: Mounting plugin GameplayTagsEditor
LogPluginManager: Mounting plugin MobileLauncherProfileWizard
LogPluginManager: Mounting plugin PluginBrowser
LogPluginManager: Mounting plugin SpeedTreeImporter
LogPluginManager: Mounting plugin AlembicImporter
LogPluginManager: Mounting plugin CharacterAI
LogPluginManager: Mounting plugin HTML5Networking
LogPluginManager: Mounting plugin AndroidMedia
LogPluginManager: Mounting plugin AvfMedia
LogPluginManager: Mounting plugin ImgMedia
LogPluginManager: Mounting plugin MediaCompositing
LogPluginManager: Mounting plugin MediaPlayerEditor
LogPluginManager: Mounting plugin WmfMedia
LogPluginManager: Mounting plugin TcpMessaging
LogPluginManager: Mounting plugin UdpMessaging
LogPluginManager: Mounting plugin ActorSequence
LogPluginManager: Mounting plugin LevelSequenceEditor
LogPluginManager: Mounting plugin MatineeToLevelSequence
LogPluginManager: Mounting plugin OnlineSubsystemGooglePlay
LogPluginManager: Mounting plugin OnlineSubsystemIOS
LogPluginManager: Mounting plugin OnlineSubsystem
LogPluginManager: Mounting plugin OnlineSubsystemNull
LogPluginManager: Mounting plugin OnlineSubsystemUtils
LogPluginManager: Mounting plugin AndroidDeviceProfileSelector
LogPluginManager: Mounting plugin AndroidMoviePlayer
LogPluginManager: Mounting plugin AndroidPermission
LogPluginManager: Mounting plugin AppleARKit
LogPluginManager: Mounting plugin AppleMoviePlayer
LogPluginManager: Mounting plugin ArchVisCharacter
LogPluginManager: Mounting plugin CableComponent
LogPluginManager: Mounting plugin CustomMeshComponent
LogPluginManager: Mounting plugin ExampleDeviceProfileSelector
LogPluginManager: Mounting plugin GoogleCloudMessaging
LogPluginManager: Mounting plugin ImmediatePhysics
LogPluginManager: Mounting plugin IOSDeviceProfileSelector
LogPluginManager: Mounting plugin LinuxDeviceProfileSelector
LogPluginManager: Mounting plugin LocationServicesBPLibrary
LogPluginManager: Mounting plugin MobilePatchingUtils
LogPluginManager: Mounting plugin OculusVR
LogPluginManager: Plugin shader directory ../../../Engine/Plugins/Runtime/Oculus/OculusVR/Shaders found
LogPluginManager: Mapping shader source directory ../../../Engine/Plugins/Runtime/Oculus/OculusVR/Shaders to virtual directory /Plugin/OculusVR
LogConfig: Warning: Failed to saved backup for config[OculusVR]
LogPluginManager: Mounting plugin PhysXVehicles
LogPluginManager: Mounting plugin ProceduralMeshComponent
LogPluginManager: Mounting plugin RuntimePhysXCooking
LogPluginManager: Mounting plugin SteamVR
LogPluginManager: Mounting plugin WindowsMoviePlayer
LogInit: Using libcurl 7.47.1
LogInit:  - built for x86_64-pc-win32
LogInit:  - supports SSL with OpenSSL/1.0.2g
LogInit:  - supports HTTP deflate (compression) using libz 1.2.8
LogInit:  - other features:
LogInit:      CURL_VERSION_SSL
LogInit:      CURL_VERSION_LIBZ
LogInit:      CURL_VERSION_IPV6
LogInit:      CURL_VERSION_ASYNCHDNS
LogInit:      CURL_VERSION_LARGEFILE
LogInit:      CURL_VERSION_IDN
LogInit:  CurlRequestOptions (configurable via config and command line):
LogInit:  - bVerifyPeer = false  - Libcurl will NOT verify peer certificate
LogInit:  - bUseHttpProxy = false  - Libcurl will NOT use HTTP proxy
LogInit:  - bDontReuseConnections = false  - Libcurl will reuse connections
LogInit:  - CertBundlePath = nullptr  - Libcurl will use whatever was configured at build time.
LogInit: Build: ++UE4+Release-4.18-CL-3832480
LogInit: Engine Version: 4.18.3-3832480+++UE4+Release-4.18
LogInit: Compatible Engine Version: 4.18.0-3709383+++UE4+Release-4.18
LogInit: Net CL: 3709383
LogDevObjectVersion: Number of dev versions registered: 16
LogDevObjectVersion:   Dev-Blueprints (B0D832E4-1F89-4F0D-ACCF-7EB736FD4AA2): 10
LogDevObjectVersion:   Dev-Build (E1C64328-A22C-4D53-A36C-8E866417BD8C): 0
LogDevObjectVersion:   Dev-Core (375EC13C-06E4-48FB-B500-84F0262A717E): 2
LogDevObjectVersion:   Dev-Editor (E4B068ED-F494-42E9-A231-DA0B2E46BB41): 20
LogDevObjectVersion:   Dev-Framework (CFFC743F-43B0-4480-9391-14DF171D2073): 30
LogDevObjectVersion:   Dev-Mobile (B02B49B5-BB20-44E9-A304-32B752E40360): 0
LogDevObjectVersion:   Dev-Networking (A4E4105C-59A1-49B5-A7C5-40C4547EDFEE): 0
LogDevObjectVersion:   Dev-Online (39C831C9-5AE6-47DC-9A44-9C173E1C8E7C): 0
LogDevObjectVersion:   Dev-Physics (78F01B33-EBEA-4F98-B9B4-84EACCB95AA2): 0
LogDevObjectVersion:   Dev-Platform (6631380F-2D4D-43E0-8009-CF276956A95A): 0
LogDevObjectVersion:   Dev-Rendering (12F88B9F-8875-4AFC-A67C-D90C383ABD29): 20
LogDevObjectVersion:   Dev-Sequencer (7B5AE74C-D270-4C10-A958-57980B212A5A): 4
LogDevObjectVersion:   Dev-VR (D7296918-1DD6-4BDD-9DE2-64A83CC13884): 0
LogDevObjectVersion:   Dev-LoadTimes (C2A15278-BFE7-4AFE-6C17-90FF531DF755): 1
LogDevObjectVersion:   Private-Geometry (6EACA3D4-40EC-4CC1-B786-8BED09428FC5): 1
LogDevObjectVersion:   Dev-AnimPhys (29E575DD-E0A3-4627-9D10-D276232CDCEA): 12
LogInit: Compiled (64-bit): Jan 12 2018 02:04:55
LogInit: Compiled with Visual C++: 19.00.24215.01
LogInit: Build Configuration: Development
LogInit: Branch Name: ++UE4+Release-4.18
LogInit: Command line:  
LogInit: Base directory: C:/Program Files/Epic Games/UE_4.18/Engine/Binaries/Win64/
LogInit: Installed Engine Build: 1
LogInit: Presizing for max 8388607 objects, including 0 objects not considered by GC, pre-allocating 0 bytes for permanent pool.
LogInit: Object subsystem initialized
[2018.01.27-04.32.33:806][  0]LogInit: Selected Device Profile: [Windows]
[2018.01.27-04.32.33:806][  0]LogInit: Applying CVar settings loaded from the selected device profile: [Windows]
[2018.01.27-04.32.33:856][  0]LogInit: Computer: DESKTOP-5492L0V
[2018.01.27-04.32.33:856][  0]LogInit: User: jerome
[2018.01.27-04.32.33:856][  0]LogInit: CPU Page size=4096, Cores=2
[2018.01.27-04.32.33:856][  0]LogInit: High frequency timer resolution =3.234375 MHz
[2018.01.27-04.32.33:856][  0]LogMemory: Memory total: Physical=4.0GB (4GB approx)
[2018.01.27-04.32.33:856][  0]LogMemory: Platform Memory Stats for Windows
[2018.01.27-04.32.33:856][  0]LogMemory: Process Physical Memory: 271.34 MB used, 271.34 MB peak
[2018.01.27-04.32.33:856][  0]LogMemory: Process Virtual Memory: 265.26 MB used, 265.26 MB peak
[2018.01.27-04.32.33:856][  0]LogMemory: Physical Memory: 1935.92 MB used,  2109.59 MB free, 4045.51 MB total
[2018.01.27-04.32.33:856][  0]LogMemory: Virtual Memory: 632.29 MB used,  2109.59 MB free, 134217728.00 MB total
[2018.01.27-04.32.34:780][  0]LogInit: Using OS detected language (en-US).
[2018.01.27-04.32.34:780][  0]LogInit: Using OS detected locale (en-US).
[2018.01.27-04.32.35:255][  0]LogTextLocalizationManager: No specific localization for 'en-US' exists, so the 'en' localization will be used.
[2018.01.27-04.32.36:470][  0]LogInit: Setting process to per monitor DPI aware
[2018.01.27-04.32.44:830][  0]LogD3D11RHI: D3D11 adapters:
[2018.01.27-04.32.44:869][  0]LogD3D11RHI:    0. 'NVIDIA GeForce GT 730' (Feature Level 11_0)
[2018.01.27-04.32.44:869][  0]LogD3D11RHI:       2000/0/2022 MB DedicatedVideo/DedicatedSystem/SharedSystem, Outputs:1, VendorId:0x10de
[2018.01.27-04.32.44:880][  0]LogD3D11RHI:    1. 'Microsoft Basic Render Driver' (Feature Level 11_0)
[2018.01.27-04.32.44:880][  0]LogD3D11RHI:       0/0/2022 MB DedicatedVideo/DedicatedSystem/SharedSystem, Outputs:0, VendorId:0x1414
[2018.01.27-04.32.44:881][  0]LogD3D11RHI: Chosen D3D11 Adapter: 0
[2018.01.27-04.32.44:884][  0]LogD3D11RHI: Creating new Direct3DDevice
[2018.01.27-04.32.44:884][  0]LogD3D11RHI:     GPU DeviceId: 0xf02 (for the marketing name, search the web for "GPU Device Id")
[2018.01.27-04.32.44:884][  0]LogWindows: EnumDisplayDevices:
[2018.01.27-04.32.44:884][  0]LogWindows:    0. 'NVIDIA GeForce GT 730' (P:1 D:1)
[2018.01.27-04.32.44:885][  0]LogWindows:    1. 'NVIDIA GeForce GT 730' (P:0 D:0)
[2018.01.27-04.32.44:885][  0]LogWindows: DebugString: FoundDriverCount:2 
[2018.01.27-04.32.44:885][  0]LogD3D11RHI:     Adapter Name: NVIDIA GeForce GT 730
[2018.01.27-04.32.44:885][  0]LogD3D11RHI:   Driver Version: 388.71 (internal:23.21.13.8871, unified:388.71)
[2018.01.27-04.32.44:885][  0]LogD3D11RHI:      Driver Date: 12-15-2017
[2018.01.27-04.32.44:885][  0]LogRHI: Texture pool is 1400 MB (70% of 2000 MB)
[2018.01.27-04.32.44:901][  0]LogD3D11RHI: Display: Timestamp queries are currently disabled on this hardware due to instability. Realtime GPU stats will not be available. You can override this behaviour by setting r.NVIDIATimestampWorkaround to 0
[2018.01.27-04.32.44:901][  0]LogD3D11RHI: Async texture creation enabled
[2018.01.27-04.32.44:920][  0]LogD3D11RHI: GPU Timing Frequency: 1000.000000 (Debug: 2 2)
[2018.01.27-04.32.44:921][  0]LogShaderCompilers: Guid format shader working directory is -10 characters bigger than the processId version (../../../../../../Users/jerome/Documents/GitHub/SecondTry/Intermediate/Shaders/WorkingDirectory/2688/).
[2018.01.27-04.32.44:921][  0]LogShaderCompilers: Cleaned the shader compiler working directory 'C:/Users/jerome/AppData/Local/Temp/UnrealShaderWorkingDir/70F8F045436CA60D95275B92A3FD539B/'.
[2018.01.27-04.32.44:921][  0]LogShaderCompilers: Display: Using Local Shader Compiler.
[2018.01.27-04.32.51:587][  0]LogTemp: Display: Loaded TP AllDesktopTargetPlatform
[2018.01.27-04.32.51:640][  0]LogTemp: Display: Loaded TP MacClientTargetPlatform
[2018.01.27-04.32.51:691][  0]LogTemp: Display: Loaded TP MacNoEditorTargetPlatform
[2018.01.27-04.32.51:745][  0]LogTemp: Display: Loaded TP MacServerTargetPlatform
[2018.01.27-04.32.51:814][  0]LogTemp: Display: Loaded TP MacTargetPlatform
[2018.01.27-04.32.51:865][  0]LogTemp: Display: Loaded TP WindowsClientTargetPlatform
[2018.01.27-04.32.51:918][  0]LogTemp: Display: Loaded TP WindowsNoEditorTargetPlatform
[2018.01.27-04.32.51:975][  0]LogTemp: Display: Loaded TP WindowsServerTargetPlatform
[2018.01.27-04.32.52:021][  0]LogTemp: Display: Loaded TP WindowsTargetPlatform
[2018.01.27-04.32.52:071][  0]LogTemp: Display: Loaded TP Android_ASTCTargetPlatform
[2018.01.27-04.32.52:121][  0]LogTemp: Display: Loaded TP Android_ATCTargetPlatform
[2018.01.27-04.32.52:171][  0]LogTemp: Display: Loaded TP Android_DXTTargetPlatform
[2018.01.27-04.32.52:222][  0]LogTemp: Display: Loaded TP Android_ETC1TargetPlatform
[2018.01.27-04.32.52:274][  0]LogTemp: Display: Loaded TP Android_ETC2TargetPlatform
[2018.01.27-04.32.52:377][  0]LogTemp: Display: Loaded TP Android_MultiTargetPlatform
[2018.01.27-04.32.52:377][  0]LogTemp: Display: Loaded TP Android_PVRTCTargetPlatform
[2018.01.27-04.32.52:455][  0]LogTemp: Display: Loaded TP AndroidTargetPlatform
[2018.01.27-04.32.52:496][  0]LogTemp: Display: Loaded TP HTML5TargetPlatform
[2018.01.27-04.32.52:681][  0]LogTemp: Display: Loaded TP IOSTargetPlatform
[2018.01.27-04.32.52:709][  0]LogTemp: Display: Loaded TP TVOSTargetPlatform
[2018.01.27-04.32.52:760][  0]LogTemp: Display: Loaded TP LinuxClientTargetPlatform
[2018.01.27-04.32.52:810][  0]LogTemp: Display: Loaded TP LinuxNoEditorTargetPlatform
[2018.01.27-04.32.52:860][  0]LogTemp: Display: Loaded TP LinuxServerTargetPlatform
[2018.01.27-04.32.52:935][  0]LogTemp: Display: Loaded TP LinuxTargetPlatform
[2018.01.27-04.32.52:935][  0]LogTargetPlatformManager: Display: Building Assets For Windows
[2018.01.27-04.32.55:046][  0]LogDerivedDataCache: Display: Max Cache Size: 512 MB
[2018.01.27-04.32.56:210][  0]LogDerivedDataCache: Loaded boot cache 1.16s 78MB C:/Users/jerome/AppData/Local/UnrealEngine/4.18/DerivedDataCache/Boot.ddc.
[2018.01.27-04.32.56:210][  0]LogDerivedDataCache: Display: Loaded Boot cache: C:/Users/jerome/AppData/Local/UnrealEngine/4.18/DerivedDataCache/Boot.ddc
[2018.01.27-04.32.56:210][  0]LogDerivedDataCache: FDerivedDataBackendGraph:  Pak pak cache file ../../../../../../Users/jerome/Documents/GitHub/SecondTry/DerivedDataCache/DDC.ddp not found, will not use a pak cache.
[2018.01.27-04.32.56:210][  0]LogDerivedDataCache: Unable to find inner node Pak for hierarchical cache Hierarchy.
[2018.01.27-04.32.56:210][  0]LogDerivedDataCache: FDerivedDataBackendGraph:  CompressedPak pak cache file ../../../../../../Users/jerome/Documents/GitHub/SecondTry/DerivedDataCache/Compressed.ddp not found, will not use a pak cache.
[2018.01.27-04.32.56:210][  0]LogDerivedDataCache: Unable to find inner node CompressedPak for hierarchical cache Hierarchy.
[2018.01.27-04.32.56:251][  0]LogDerivedDataCache: Display: Pak cache opened for reading ../../../Engine/DerivedDataCache/Compressed.ddp.
[2018.01.27-04.32.56:264][  0]LogDerivedDataCache: Using Local data cache path C:/Users/jerome/AppData/Local/UnrealEngine/Common/DerivedDataCache: Writable
[2018.01.27-04.32.56:275][  0]LogMaterial: Verifying Global Shaders for PCD3D_SM5
[2018.01.27-04.32.56:275][  0]LogSlate: Using Freetype 2.6.0
[2018.01.27-04.32.56:422][  0]LogSlate: SlateFontCache - WITH_FREETYPE: 1, WITH_HARFBUZZ: 1
[2018.01.27-04.32.56:422][  0]LogSlate: SlateFontCache - WITH_FREETYPE: 1, WITH_HARFBUZZ: 1
[2018.01.27-04.33.21:379][  0]LogInit: Selected Device Profile: [Windows]
[2018.01.27-04.33.22:800][  0]LogSimplygon: Simplygon DLL not present - disabling.
[2018.01.27-04.33.22:842][  0]LogMeshReduction: Using SimplygonSwarm for distributed automatic mesh merging
[2018.01.27-04.33.22:842][  0]LogMeshReduction: Using QuadricMeshReduction for automatic static mesh reduction
[2018.01.27-04.33.22:842][  0]LogMeshReduction: No automatic skeletal mesh reduction module available
[2018.01.27-04.33.22:842][  0]LogMeshReduction: No automatic mesh merging module available
[2018.01.27-04.33.22:842][  0]LogMeshMerging: No automatic mesh merging module available
[2018.01.27-04.33.23:003][  0]LogNetVersion: SecondTry , NetCL: 3709383, EngineNetVer: 2, GameNetVer: 0 (Checksum: 3453988659)
[2018.01.27-04.33.24:594][  0]LogAssetRegistry: FAssetRegistry took 0.0259 seconds to start up
[2018.01.27-04.33.34:962][  0]LogAssetRegistry: Error: Failed to open file for write ../../../../../../Users/jerome/Documents/GitHub/SecondTry/Intermediate/AssetRegistryCache/1d5167fa.bin
[2018.01.27-04.33.34:988][  0]LogAssetRegistry: Error: Failed to open file for write ../../../../../../Users/jerome/Documents/GitHub/SecondTry/Intermediate/AssetRegistryCache/50d6f4e0.bin
[2018.01.27-04.33.35:005][  0]LogAssetRegistry: Error: Failed to open file for write ../../../../../../Users/jerome/Documents/GitHub/SecondTry/Intermediate/AssetRegistryCache/bf121eca.bin
[2018.01.27-04.33.35:014][  0]LogPackageLocalizationCache: Processed 7 localized package path(s) for 2 prioritized culture(s) in 0.064569 seconds
[2018.01.27-04.33.35:020][  0]LogUObjectArray: 35870 objects as part of root set at end of initial load.
[2018.01.27-04.33.35:020][  0]LogUObjectAllocator: 7363704 out of 0 bytes used by permanent object pool.
[2018.01.27-04.33.35:020][  0]LogUObjectArray: CloseDisregardForGC: 0/0 objects in disregard for GC pool
[2018.01.27-04.33.35:102][  0]LogInit: WinSock: version 1.1 (2.2), MaxSocks=32767, MaxUdp=65467
[2018.01.27-04.34.52:268][  0]LogTcpMessaging: Initializing TcpMessaging bridge
[2018.01.27-04.34.52:349][  0]LogUdpMessaging: Initializing bridge on interface 0.0.0.0:0 to multicast group 230.0.0.1:6666.
[2018.01.27-04.34.55:450][  0]LogMaterial: Uniform references updated for custom material expression Custom.
[2018.01.27-04.34.56:899][  0]SourceControl: Source control is disabled
[2018.01.27-04.34.56:899][  0]SourceControl: Source control is disabled
[2018.01.27-04.34.57:053][  0]SourceControl: Source control is disabled
[2018.01.27-04.34.57:304][  0]SourceControl: Source control is disabled
[2018.01.27-04.34.59:079][  0]LogAndroidPermission: UAndroidPermissionCallbackProxy::GetInstance
[2018.01.27-04.34.59:489][  0]LogOcInput: OculusInput pre-init called
[2018.01.27-04.35.00:136][  0]LogEngine: Initializing Engine...
[2018.01.27-04.35.00:138][  0]LogHMD: Failed to initialize OpenVR with code 110
[2018.01.27-04.35.01:140][  0]LogStats: UGameplayTagsManager::ConstructGameplayTagTree: Construct from data asset -  0.000 s
[2018.01.27-04.35.01:141][  0]LogStats: UGameplayTagsManager::ConstructGameplayTagTree: GameplayTagTreeChangedEvent.Broadcast -  0.000 s
[2018.01.27-04.35.01:493][  0]LogAIModule: Creating AISystem for world Untitled
[2018.01.27-04.35.01:613][  0]LogInit: XAudio2 using 'Speakers (Realtek High Definition Audio)' : 2 channels at 48 kHz using 32 bits per sample (channel mask 0x3)
[2018.01.27-04.35.03:200][  0]LogInit: FAudioDevice initialized.
[2018.01.27-04.35.03:968][  0]LogDerivedDataCache: Saved boot cache 0.77s 78MB C:/Users/jerome/AppData/Local/UnrealEngine/4.18/DerivedDataCache/Boot.ddc.
[2018.01.27-04.35.03:986][  0]LogInit: Texture streaming: Enabled
[2018.01.27-04.35.04:360][  0]LogEngineSessionManager: EngineSessionManager initialized
[2018.01.27-04.35.04:562][  0]LogInit: Transaction tracking system initialized
[2018.01.27-04.35.05:486][  0]BlueprintLog: New page: Editor Load
[2018.01.27-04.35.08:125][  0]LocalizationService: Localization service is disabled
[2018.01.27-04.35.09:811][  0]LogConsoleResponse: Display: 
[2018.01.27-04.35.12:140][  0]LogFileCache: Scanning file cache for directory 'C:/Users/jerome/Documents/GitHub/SecondTry/Content/' took 0.01s
[2018.01.27-04.35.12:140][  0]LogCook: Display: Max memory allowance for cook 16384mb min free memory 0mb
[2018.01.27-04.35.12:140][  0]LogCook: Display: Mobile HDR setting 1
[2018.01.27-04.35.12:140][  0]LogGameplayTags: Display: UGameplayTagsManager::DoneAddingNativeTags. DelegateIsBound: 0
[2018.01.27-04.35.15:527][  0]SourceControl: Source control is disabled
[2018.01.27-04.35.15:527][  0]Cmd: MAP LOAD FILE="../../../Engine/Content/Maps/Templates/Template_Default.umap" TEMPLATE=1 SHOWPROGRESS=1 FEATURELEVEL=3
[2018.01.27-04.35.15:528][  0]LightingResults: New page: Lighting Build
[2018.01.27-04.35.15:603][  0]MapCheck: New page: Map Check
[2018.01.27-04.35.15:603][  0]LightingResults: New page: Lighting Build
[2018.01.27-04.35.16:454][  0]LogAIModule: Creating AISystem for world Untitled_1
[2018.01.27-04.35.16:660][  0]LogEditorServer: Finished looking for orphan Actors (0.000 secs)
[2018.01.27-04.35.16:719][  0]Cmd: MAP CHECKDEP NOCLEARLOG
[2018.01.27-04.35.16:772][  0]MapCheck: Map check complete: 0 Error(s), 0 Warning(s), took 52.921ms to complete.
[2018.01.27-04.35.16:772][  0]LogFileHelpers: Loading map 'Template_Default' took 1.245
[2018.01.27-04.35.18:393][  0]LogCollectionManager: Loaded 0 collections in 0.001990 seconds
[2018.01.27-04.35.18:700][  0]LogFileCache: Scanning file cache for directory 'C:/Users/jerome/Documents/GitHub/SecondTry/Saved/Collections/' took 0.01s
[2018.01.27-04.35.18:700][  0]LogFileCache: Scanning file cache for directory 'C:/Users/jerome/Documents/GitHub/SecondTry/Content/Developers/jerome/Collections/' took 0.01s
[2018.01.27-04.35.18:700][  0]LogFileCache: Scanning file cache for directory 'C:/Users/jerome/Documents/GitHub/SecondTry/Content/Collections/' took 0.01s
[2018.01.27-04.35.18:700][  0]LogCollectionManager: Rebuilt the GUID cache for 0 collections in 0.000001 seconds
[2018.01.27-04.35.18:766][  0]LogContentBrowser: Native class hierarchy populated in 0.0448 seconds. Added 2363 classes and 519 folders.
[2018.01.27-04.35.18:915][  0]LogContentBrowser: Native class hierarchy updated for 'WidgetCarousel' in 0.0002 seconds. Added 0 classes and 0 folders.
[2018.01.27-04.35.20:574][  0]LogContentBrowser: Native class hierarchy updated for 'AddContentDialog' in 0.0010 seconds. Added 0 classes and 0 folders.
[2018.01.27-04.35.20:767][  0]LogContentBrowser: Native class hierarchy updated for 'SceneOutliner' in 0.0006 seconds. Added 1 classes and 2 folders.
[2018.01.27-04.35.21:025][  0]LogSlate: Took 0.032711 seconds to synchronously load lazily loaded font '../../../Engine/Content/Slate/Fonts/Roboto-Regular.ttf' (155K)
[2018.01.27-04.35.21:052][  0]LogSlate: Took 0.023571 seconds to synchronously load lazily loaded font '../../../Engine/Content/Slate/Fonts/Roboto-Bold.ttf' (160K)
[2018.01.27-04.35.21:076][  0]LogSlate: Took 0.019901 seconds to synchronously load lazily loaded font '../../../Engine/Content/Editor/Slate/Fonts/FontAwesome.ttf' (139K)
[2018.01.27-04.35.21:481][  0]LogRenderer: Reallocating scene render targets to support 856x396 Format 10 NumSamples 1 (Frame:1).
[2018.01.27-04.35.22:960][  0]LogContentBrowser: Native class hierarchy updated for 'HierarchicalLODOutliner' in 0.0005 seconds. Added 1 classes and 2 folders.
[2018.01.27-04.35.22:960][  0]LogLoad: (Engine Initialization) Total time: 172.40 seconds
[2018.01.27-04.35.22:960][  0]LogLoad: (Engine Initialization) Total Blueprint compile time: 0.00 seconds
[2018.01.27-04.35.22:984][  0]LogExternalProfiler: No external profilers were discovered.  External profiling features will not be available.
[2018.01.27-04.35.23:757][  0]LogContentStreaming: Texture pool size now 1000 MB
[2018.01.27-04.35.24:766][  1]LogSlate: Took 0.031145 seconds to synchronously load lazily loaded font '../../../Engine/Content/Slate/Fonts/Roboto-Light.ttf' (159K)
[2018.01.27-04.35.24:976][  2]LogD3D11RHI: Timed out while waiting for GPU to catch up. (0.5 s)
[2018.01.27-04.35.26:724][  3]LogAssetRegistry: Asset discovery search completed in 122.1519 seconds
[2018.01.27-04.35.26:758][  3]LogCollectionManager: Rebuilt the object cache for 0 collections in 0.000001 seconds (found 0 objects)
[2018.01.27-04.35.26:760][  3]LogCollectionManager: Fixed up redirectors for 0 collections in 0.020332 seconds (updated 0 objects)
[2018.01.27-04.36.13:867][ 77]LogSlate: Took 0.000278 seconds to synchronously load lazily loaded font '../../../Engine/Content/Slate/Fonts/Roboto-Light.ttf' (159K)
[2018.01.27-04.36.14:831][ 77]LogBlueprint: Warning: [Compiler ThirdPersonCharacter] InputAction Event references unknown Action 'ResetVR' for  InputAction ResetVR
[2018.01.27-04.36.14:847][ 77]LogBlueprint: Warning: [Compiler ThirdPersonCharacter] Input Axis Event references unknown Axis 'LookUpRate' for  InputAxis LookUpRate
[2018.01.27-04.36.14:848][ 77]LogBlueprint: Warning: [Compiler ThirdPersonCharacter] Input Axis Event references unknown Axis 'TurnRate' for  InputAxis TurnRate
[2018.01.27-04.36.14:849][ 77]LogBlueprint: Warning: [Compiler ThirdPersonCharacter] InputAction Event references unknown Action 'Jump' for  InputAction Jump
[2018.01.27-04.36.14:850][ 77]LogBlueprint: Warning: [Compiler ThirdPersonCharacter] Input Axis Event references unknown Axis 'LookUp' for  InputAxis LookUp
[2018.01.27-04.36.14:850][ 77]LogBlueprint: Warning: [Compiler ThirdPersonCharacter] Input Axis Event references unknown Axis 'Turn' for  InputAxis Turn
[2018.01.27-04.36.14:851][ 77]LogBlueprint: Warning: [Compiler ThirdPersonCharacter] Input Axis Event references unknown Axis 'MoveRight' for  InputAxis MoveRight
[2018.01.27-04.36.14:852][ 77]LogBlueprint: Warning: [Compiler ThirdPersonCharacter] Input Axis Event references unknown Axis 'MoveForward' for  InputAxis MoveForward
[2018.01.27-04.36.14:904][ 77]LogBlueprint: Warning: [Compiler ThirdPersonCharacter] [0224.34] Compile of ThirdPersonCharacter successful, but with 8 Warning(s) [in 184 ms] (/Game/ThirdPersonBP/Blueprints/ThirdPersonCharacter.ThirdPersonCharacter)
[2018.01.27-04.36.14:907][ 77]LogSlate: Took 0.000433 seconds to synchronously load lazily loaded font '../../../Engine/Content/Slate/Fonts/Roboto-Regular.ttf' (155K)
[2018.01.27-04.36.21:687][ 77]LogAIModule: Creating AISystem for world Level1
[2018.01.27-04.36.22:470][ 77]Cmd: MAP LOAD FILE="../../../../../../Users/jerome/Documents/GitHub/SecondTry/Content/ThirdPersonBP/Maps/Level1.umap" TEMPLATE=0 SHOWPROGRESS=1 FEATURELEVEL=3
[2018.01.27-04.36.22:471][ 77]LightingResults: New page: Lighting Build
[2018.01.27-04.36.22:473][ 77]LoadErrors: New page: Loading map: Level1.umap
[2018.01.27-04.36.22:591][ 77]MapCheck: New page: Map Check
[2018.01.27-04.36.22:592][ 77]LightingResults: New page: Lighting Build
[2018.01.27-04.36.23:529][ 77]LogEditorServer: Finished looking for orphan Actors (0.000 secs)
[2018.01.27-04.36.23:700][ 77]Cmd: MAP CHECKDEP NOCLEARLOG
[2018.01.27-04.36.23:799][ 77]MapCheck: Map check complete: 0 Error(s), 0 Warning(s), took 98.966ms to complete.
[2018.01.27-04.36.23:799][ 77]LogFileHelpers: Loading map 'Level1' took 1.459
[2018.01.27-04.38.17:688][606]LogSavePackage: Save=5004.60ms
[2018.01.27-04.38.17:688][606]LogSavePackage: Moving '../../../../../../Users/jerome/Documents/GitHub/SecondTry/Saved/Level1AE5A5E2F406E2051AF1BABA134395206.tmp' to '../../../../../../Users/jerome/Documents/GitHub/SecondTry/Content/ThirdPersonBP/Maps/Level1.umap'
[2018.01.27-04.38.17:722][606]LogSavePackage: Display: Finished SavePackage ../../../../../../Users/jerome/Documents/GitHub/SecondTry/Content/ThirdPersonBP/Maps/Level1.umap
[2018.01.27-04.39.18:572][456]SourceControl: On branch master
[2018.01.27-04.39.18:573][456]SourceControl: Your branch is behind 'origin/master' by 1 commit, and can be fast-forwarded.
[2018.01.27-04.39.18:573][456]SourceControl:   (use "git pull" to update your local branch)
[2018.01.27-04.39.18:573][456]SourceControl: Changes not staged for commit:
[2018.01.27-04.39.18:573][456]SourceControl:   (use "git add <file>..." to update what will be committed)
[2018.01.27-04.39.18:573][456]SourceControl:   (use "git checkout -- <file>..." to discard changes in working directory)
[2018.01.27-04.39.18:573][456]SourceControl: 	modified:   Content/ThirdPersonBP/Maps/Level1.umap
[2018.01.27-04.39.18:573][456]SourceControl: 	modified:   Intermediate/CachedAssetRegistry.bin
[2018.01.27-04.39.18:573][456]SourceControl: 	modified:   Saved/Config/Windows/EditorPerProjectUserSettings.ini
[2018.01.27-04.39.18:573][456]SourceControl: 	modified:   Saved/Config/Windows/Engine.ini
[2018.01.27-04.39.18:573][456]SourceControl: 	modified:   Saved/Logs/SecondTry.log
[2018.01.27-04.39.18:573][456]SourceControl: Untracked files:
[2018.01.27-04.39.18:573][456]SourceControl:   (use "git add <file>..." to include in what will be committed)
[2018.01.27-04.39.18:573][456]SourceControl: 	Saved/AutoScreenshot.png
[2018.01.27-04.39.18:573][456]SourceControl: 	Saved/Autosaves/
[2018.01.27-04.39.18:573][456]SourceControl: 	Saved/Backup/
[2018.01.27-04.39.18:573][456]SourceControl: 	Saved/Config/CrashReportClient/UE4CC-Windows-17128682413A86651CB6E6A5DFA9AD72/
[2018.01.27-04.39.18:573][456]SourceControl: 	Saved/Config/CrashReportClient/UE4CC-Windows-EA565809420EF4577788678A16E98624/
[2018.01.27-04.39.18:573][456]SourceControl: 	Saved/Config/WorldState/
[2018.01.27-04.39.18:573][456]SourceControl: 	Saved/Logs/SecondTry-backup-2018.01.27-12.32.28.log
[2018.01.27-04.39.18:573][456]SourceControl: 	Saved/Logs/SecondTry_2.log
[2018.01.27-04.39.18:573][456]SourceControl: no changes added to commit (use "git add" and/or "git commit -a")
[2018.01.27-04.39.53:209][ 19]SourceControl: fatal: C:/Program Files/Epic Games/UE_4.18/Engine/Content/Functions/Engine_MaterialFunctions02/Utility/BlendAngleCorrectedNormals.uasset: 'C:/Program Files/Epic Games/UE_4.18/Engine/Content/Functions/Engine_MaterialFunctions02/Utility/BlendAngleCorrectedNormals.uasset' is outside repository
[2018.01.27-04.39.53:209][ 19]SourceControl: fatal: C:/Program Files/Epic Games/UE_4.18/Engine/Content/Functions/MaterialLayerFunctions/MatLayerBlend_NormalBlend.uasset: 'C:/Program Files/Epic Games/UE_4.18/Engine/Content/Functions/MaterialLayerFunctions/MatLayerBlend_NormalBlend.uasset' is outside repository
[2018.01.27-04.39.53:209][ 19]SourceControl: fatal: C:/Program Files/Epic Games/UE_4.18/Engine/Content/EditorBlueprintResources/StandardMacros.uasset: 'C:/Program Files/Epic Games/UE_4.18/Engine/Content/EditorBlueprintResources/StandardMacros.uasset' is outside repository
[2018.01.27-04.39.53:209][ 19]SourceControl: fatal: C:/Program Files/Epic Games/UE_4.18/Engine/Content/EngineSky/BP_Sky_Sphere.uasset: 'C:/Program Files/Epic Games/UE_4.18/Engine/Content/EngineSky/BP_Sky_Sphere.uasset' is outside repository
[2018.01.27-04.39.53:209][ 19]SourceControl: fatal: C:/Program Files/Epic Games/UE_4.18/Engine/Content/EngineMaterials/WorldGridMaterial.uasset: 'C:/Program Files/Epic Games/UE_4.18/Engine/Content/EngineMaterials/WorldGridMaterial.uasset' is outside repository
[2018.01.27-04.39.53:209][ 19]SourceControl: fatal: C:/Program Files/Epic Games/UE_4.18/Engine/Content/BasicShapes/Cone.uasset: 'C:/Program Files/Epic Games/UE_4.18/Engine/Content/BasicShapes/Cone.uasset' is outside repository
[2018.01.27-04.39.53:209][ 19]SourceControl: fatal: C:/Program Files/Epic Games/UE_4.18/Engine/Content/Functions/Engine_MaterialFunctions01/Opacity/CameraDepthFade.uasset: 'C:/Program Files/Epic Games/UE_4.18/Engine/Content/Functions/Engine_MaterialFunctions01/Opacity/CameraDepthFade.uasset' is outside repository
[2018.01.27-04.39.54:171][ 19]SourceControl: Error: error: cannot pull with rebase: You have unstaged changes.
[2018.01.27-04.39.54:171][ 19]SourceControl: Error: error: please commit or stash them.
[2018.01.27-04.39.54:175][ 19]LightingResults: New page: Lighting Build
[2018.01.27-04.39.54:236][ 19]MapCheck: New page: Map Check
[2018.01.27-04.39.54:236][ 19]LightingResults: New page: Lighting Build
[2018.01.27-04.39.54:311][ 19]LogAIModule: Creating AISystem for world Untitled
[2018.01.27-04.39.54:354][ 19]LoadErrors: New page: New Map
[2018.01.27-04.39.54:680][ 19]LogBlueprint: Warning: [Compiler ThirdPersonCharacter] InputAction Event references unknown Action 'ResetVR' for  InputAction ResetVR
[2018.01.27-04.39.54:680][ 19]LogBlueprint: Warning: [Compiler ThirdPersonCharacter] Input Axis Event references unknown Axis 'LookUpRate' for  InputAxis LookUpRate
[2018.01.27-04.39.54:680][ 19]LogBlueprint: Warning: [Compiler ThirdPersonCharacter] Input Axis Event references unknown Axis 'TurnRate' for  InputAxis TurnRate
[2018.01.27-04.39.54:680][ 19]LogBlueprint: Warning: [Compiler ThirdPersonCharacter] InputAction Event references unknown Action 'Jump' for  InputAction Jump
[2018.01.27-04.39.54:680][ 19]LogBlueprint: Warning: [Compiler ThirdPersonCharacter] Input Axis Event references unknown Axis 'LookUp' for  InputAxis LookUp
[2018.01.27-04.39.54:681][ 19]LogBlueprint: Warning: [Compiler ThirdPersonCharacter] Input Axis Event references unknown Axis 'Turn' for  InputAxis Turn
[2018.01.27-04.39.54:681][ 19]LogBlueprint: Warning: [Compiler ThirdPersonCharacter] Input Axis Event references unknown Axis 'MoveRight' for  InputAxis MoveRight
[2018.01.27-04.39.54:681][ 19]LogBlueprint: Warning: [Compiler ThirdPersonCharacter] Input Axis Event references unknown Axis 'MoveForward' for  InputAxis MoveForward
[2018.01.27-04.39.54:684][ 19]LogBlueprint: Warning: [Compiler ThirdPersonCharacter] [0444.12] Compile of ThirdPersonCharacter successful, but with 8 Warning(s) [in 9 ms] (/Game/ThirdPersonBP/Blueprints/ThirdPersonCharacter.ThirdPersonCharacter)
[2018.01.27-04.39.54:700][ 19]LogUObjectGlobals: Display: ReloadPackage failed to find a replacement object for 'Default__ThirdPersonCharacter_C:CollisionCylinder.BodySetup_0' (transient) in the new package '/Game/ThirdPersonBP/Blueprints/ThirdPersonCharacter'. Any existing references to this object will be nulled out.
[2018.01.27-04.39.55:524][ 19]LogAIModule: Creating AISystem for world Level1
[2018.01.27-04.39.55:554][ 19]Cmd: MAP LOAD FILE="../../../../../../Users/jerome/Documents/GitHub/SecondTry/Content/ThirdPersonBP/Maps/Level1.umap" TEMPLATE=0 SHOWPROGRESS=1 FEATURELEVEL=3
[2018.01.27-04.39.55:554][ 19]LightingResults: New page: Lighting Build
[2018.01.27-04.39.55:555][ 19]LoadErrors: New page: Loading map: Level1.umap
[2018.01.27-04.39.55:555][ 19]MapCheck: New page: Map Check
[2018.01.27-04.39.55:555][ 19]LightingResults: New page: Lighting Build
[2018.01.27-04.39.55:595][ 19]LogEditorServer: Finished looking for orphan Actors (0.000 secs)
[2018.01.27-04.39.55:620][ 19]Cmd: MAP CHECKDEP NOCLEARLOG
[2018.01.27-04.39.55:668][ 19]MapCheck: Map check complete: 0 Error(s), 0 Warning(s), took 48.122ms to complete.
[2018.01.27-04.39.55:668][ 19]LogFileHelpers: Loading map 'Level1' took 0.115
